[2025-11-09T23:26:50.810+0000] {taskinstance.py:1956} INFO - Dependencies all met for dep_context=non-requeueable deps ti=<TaskInstance: fifa_world_cup_finals_etl.dbt_run_fifa_world_cup_finals manual__2025-11-09T23:21:42.896399+00:00 [queued]>
[2025-11-09T23:26:50.817+0000] {taskinstance.py:1956} INFO - Dependencies all met for dep_context=requeueable deps ti=<TaskInstance: fifa_world_cup_finals_etl.dbt_run_fifa_world_cup_finals manual__2025-11-09T23:21:42.896399+00:00 [queued]>
[2025-11-09T23:26:50.817+0000] {taskinstance.py:2170} INFO - Starting attempt 2 of 2
[2025-11-09T23:26:50.829+0000] {taskinstance.py:2191} INFO - Executing <Task(BashOperator): dbt_run_fifa_world_cup_finals> on 2025-11-09 23:21:42.896399+00:00
[2025-11-09T23:26:50.835+0000] {standard_task_runner.py:60} INFO - Started process 320 to run task
[2025-11-09T23:26:50.839+0000] {standard_task_runner.py:87} INFO - Running: ['airflow', 'tasks', 'run', 'fifa_world_cup_finals_etl', 'dbt_run_fifa_world_cup_finals', 'manual__2025-11-09T23:21:42.896399+00:00', '--job-id', '7', '--raw', '--subdir', 'DAGS_FOLDER/dag_final.py', '--cfg-path', '/tmp/tmplunpga0v']
[2025-11-09T23:26:50.841+0000] {standard_task_runner.py:88} INFO - Job 7: Subtask dbt_run_fifa_world_cup_finals
[2025-11-09T23:26:50.893+0000] {task_command.py:423} INFO - Running <TaskInstance: fifa_world_cup_finals_etl.dbt_run_fifa_world_cup_finals manual__2025-11-09T23:21:42.896399+00:00 [running]> on host cbc7c82ca98b
[2025-11-09T23:26:50.959+0000] {taskinstance.py:2480} INFO - Exporting env vars: AIRFLOW_CTX_DAG_OWNER='airflow' AIRFLOW_CTX_DAG_ID='fifa_world_cup_finals_etl' AIRFLOW_CTX_TASK_ID='dbt_run_fifa_world_cup_finals' AIRFLOW_CTX_EXECUTION_DATE='2025-11-09T23:21:42.896399+00:00' AIRFLOW_CTX_TRY_NUMBER='2' AIRFLOW_CTX_DAG_RUN_ID='manual__2025-11-09T23:21:42.896399+00:00'
[2025-11-09T23:26:50.961+0000] {subprocess.py:63} INFO - Tmp dir root location: /tmp
[2025-11-09T23:26:50.962+0000] {subprocess.py:75} INFO - Running command: ['/usr/bin/bash', '-c', '\n            # 1. Navega al directorio raíz del proyecto dbt\n            cd /opt/airflow/dags/transforms &&             \n            # 2. Ejecuta dbt run usando la ruta ABSOLUTA\n            /usr/local/bin/dbt run             --profiles-dir /home/airflow/.dbt             --select fifa_world_cup_finals\n        ']
[2025-11-09T23:26:50.975+0000] {subprocess.py:86} INFO - Output:
[2025-11-09T23:26:50.978+0000] {subprocess.py:93} INFO - /usr/bin/bash: line 5: /usr/local/bin/dbt: No such file or directory
[2025-11-09T23:26:50.979+0000] {subprocess.py:97} INFO - Command exited with return code 127
[2025-11-09T23:26:50.990+0000] {taskinstance.py:2698} ERROR - Task failed with exception
Traceback (most recent call last):
  File "/home/airflow/.local/lib/python3.8/site-packages/airflow/models/taskinstance.py", line 433, in _execute_task
    result = execute_callable(context=context, **execute_callable_kwargs)
  File "/home/airflow/.local/lib/python3.8/site-packages/airflow/operators/bash.py", line 212, in execute
    raise AirflowException(
airflow.exceptions.AirflowException: Bash command failed. The command returned a non-zero exit code 127.
[2025-11-09T23:26:50.993+0000] {taskinstance.py:1138} INFO - Marking task as FAILED. dag_id=fifa_world_cup_finals_etl, task_id=dbt_run_fifa_world_cup_finals, execution_date=20251109T232142, start_date=20251109T232650, end_date=20251109T232650
[2025-11-09T23:26:51.003+0000] {standard_task_runner.py:107} ERROR - Failed to execute job 7 for task dbt_run_fifa_world_cup_finals (Bash command failed. The command returned a non-zero exit code 127.; 320)
[2025-11-09T23:26:51.051+0000] {local_task_job_runner.py:234} INFO - Task exited with return code 1
[2025-11-09T23:26:51.067+0000] {taskinstance.py:3280} INFO - 0 downstream tasks scheduled from follow-on schedule check
