[2025-11-09T23:48:40.894+0000] {taskinstance.py:1956} INFO - Dependencies all met for dep_context=non-requeueable deps ti=<TaskInstance: fifa_world_cup_finals_etl.scrape_fifa_raw_data manual__2025-11-09T23:48:39.263112+00:00 [queued]>
[2025-11-09T23:48:40.899+0000] {taskinstance.py:1956} INFO - Dependencies all met for dep_context=requeueable deps ti=<TaskInstance: fifa_world_cup_finals_etl.scrape_fifa_raw_data manual__2025-11-09T23:48:39.263112+00:00 [queued]>
[2025-11-09T23:48:40.900+0000] {taskinstance.py:2170} INFO - Starting attempt 1 of 2
[2025-11-09T23:48:40.912+0000] {taskinstance.py:2191} INFO - Executing <Task(PythonOperator): scrape_fifa_raw_data> on 2025-11-09 23:48:39.263112+00:00
[2025-11-09T23:48:40.919+0000] {standard_task_runner.py:60} INFO - Started process 206 to run task
[2025-11-09T23:48:40.924+0000] {standard_task_runner.py:87} INFO - Running: ['airflow', 'tasks', 'run', 'fifa_world_cup_finals_etl', 'scrape_fifa_raw_data', 'manual__2025-11-09T23:48:39.263112+00:00', '--job-id', '3', '--raw', '--subdir', 'DAGS_FOLDER/dag_final.py', '--cfg-path', '/tmp/tmp2q14knrj']
[2025-11-09T23:48:40.927+0000] {standard_task_runner.py:88} INFO - Job 3: Subtask scrape_fifa_raw_data
[2025-11-09T23:48:40.982+0000] {task_command.py:423} INFO - Running <TaskInstance: fifa_world_cup_finals_etl.scrape_fifa_raw_data manual__2025-11-09T23:48:39.263112+00:00 [running]> on host 7ed7da174b9b
[2025-11-09T23:48:41.060+0000] {taskinstance.py:2480} INFO - Exporting env vars: AIRFLOW_CTX_DAG_OWNER='airflow' AIRFLOW_CTX_DAG_ID='fifa_world_cup_finals_etl' AIRFLOW_CTX_TASK_ID='scrape_fifa_raw_data' AIRFLOW_CTX_EXECUTION_DATE='2025-11-09T23:48:39.263112+00:00' AIRFLOW_CTX_TRY_NUMBER='1' AIRFLOW_CTX_DAG_RUN_ID='manual__2025-11-09T23:48:39.263112+00:00'
[2025-11-09T23:48:41.497+0000] {taskinstance.py:2698} ERROR - Task failed with exception
Traceback (most recent call last):
  File "/home/airflow/.local/lib/python3.8/site-packages/sqlalchemy/engine/base.py", line 1910, in _execute_context
    self.dialect.do_execute(
  File "/home/airflow/.local/lib/python3.8/site-packages/sqlalchemy/engine/default.py", line 736, in do_execute
    cursor.execute(statement, parameters)
psycopg2.errors.UniqueViolation: duplicate key value violates unique constraint "pg_namespace_nspname_index"
DETAIL:  Key (nspname)=(staging) already exists.


The above exception was the direct cause of the following exception:

Traceback (most recent call last):
  File "/home/airflow/.local/lib/python3.8/site-packages/airflow/models/taskinstance.py", line 433, in _execute_task
    result = execute_callable(context=context, **execute_callable_kwargs)
  File "/home/airflow/.local/lib/python3.8/site-packages/airflow/operators/python.py", line 199, in execute
    return_value = self.execute_callable()
  File "/home/airflow/.local/lib/python3.8/site-packages/airflow/operators/python.py", line 216, in execute_callable
    return self.python_callable(*self.op_args, **self.op_kwargs)
  File "/opt/airflow/dags/dag_final.py", line 38, in scrape_fifa_raw
    conn.execute(text("CREATE SCHEMA IF NOT EXISTS staging;"))
  File "/home/airflow/.local/lib/python3.8/site-packages/sqlalchemy/engine/base.py", line 1385, in execute
    return meth(self, multiparams, params, _EMPTY_EXECUTION_OPTS)
  File "/home/airflow/.local/lib/python3.8/site-packages/sqlalchemy/sql/elements.py", line 334, in _execute_on_connection
    return connection._execute_clauseelement(
  File "/home/airflow/.local/lib/python3.8/site-packages/sqlalchemy/engine/base.py", line 1577, in _execute_clauseelement
    ret = self._execute_context(
  File "/home/airflow/.local/lib/python3.8/site-packages/sqlalchemy/engine/base.py", line 1953, in _execute_context
    self._handle_dbapi_exception(
  File "/home/airflow/.local/lib/python3.8/site-packages/sqlalchemy/engine/base.py", line 2134, in _handle_dbapi_exception
    util.raise_(
  File "/home/airflow/.local/lib/python3.8/site-packages/sqlalchemy/util/compat.py", line 211, in raise_
    raise exception
  File "/home/airflow/.local/lib/python3.8/site-packages/sqlalchemy/engine/base.py", line 1910, in _execute_context
    self.dialect.do_execute(
  File "/home/airflow/.local/lib/python3.8/site-packages/sqlalchemy/engine/default.py", line 736, in do_execute
    cursor.execute(statement, parameters)
sqlalchemy.exc.IntegrityError: (psycopg2.errors.UniqueViolation) duplicate key value violates unique constraint "pg_namespace_nspname_index"
DETAIL:  Key (nspname)=(staging) already exists.

[SQL: CREATE SCHEMA IF NOT EXISTS staging;]
(Background on this error at: https://sqlalche.me/e/14/gkpj)
[2025-11-09T23:48:41.514+0000] {taskinstance.py:1138} INFO - Marking task as UP_FOR_RETRY. dag_id=fifa_world_cup_finals_etl, task_id=scrape_fifa_raw_data, execution_date=20251109T234839, start_date=20251109T234840, end_date=20251109T234841
[2025-11-09T23:48:41.527+0000] {standard_task_runner.py:107} ERROR - Failed to execute job 3 for task scrape_fifa_raw_data ((psycopg2.errors.UniqueViolation) duplicate key value violates unique constraint "pg_namespace_nspname_index"
DETAIL:  Key (nspname)=(staging) already exists.

[SQL: CREATE SCHEMA IF NOT EXISTS staging;]
(Background on this error at: https://sqlalche.me/e/14/gkpj); 206)
[2025-11-09T23:48:41.555+0000] {local_task_job_runner.py:234} INFO - Task exited with return code 1
[2025-11-09T23:48:41.578+0000] {taskinstance.py:3280} INFO - 0 downstream tasks scheduled from follow-on schedule check
