[2025-11-09T17:31:33.640+0000] {taskinstance.py:1956} INFO - Dependencies all met for dep_context=non-requeueable deps ti=<TaskInstance: fifa_world_cup_finals_etl.dbt_run_fifa_world_cup_finals scheduled__2025-11-02T00:00:00+00:00 [queued]>
[2025-11-09T17:31:33.646+0000] {taskinstance.py:1956} INFO - Dependencies all met for dep_context=requeueable deps ti=<TaskInstance: fifa_world_cup_finals_etl.dbt_run_fifa_world_cup_finals scheduled__2025-11-02T00:00:00+00:00 [queued]>
[2025-11-09T17:31:33.646+0000] {taskinstance.py:2170} INFO - Starting attempt 2 of 2
[2025-11-09T17:31:33.655+0000] {taskinstance.py:2191} INFO - Executing <Task(BashOperator): dbt_run_fifa_world_cup_finals> on 2025-11-02 00:00:00+00:00
[2025-11-09T17:31:33.662+0000] {standard_task_runner.py:60} INFO - Started process 193 to run task
[2025-11-09T17:31:33.666+0000] {standard_task_runner.py:87} INFO - Running: ['airflow', 'tasks', 'run', 'fifa_world_cup_finals_etl', 'dbt_run_fifa_world_cup_finals', 'scheduled__2025-11-02T00:00:00+00:00', '--job-id', '14', '--raw', '--subdir', 'DAGS_FOLDER/dag_final.py', '--cfg-path', '/tmp/tmpa2l9cpnj']
[2025-11-09T17:31:33.668+0000] {standard_task_runner.py:88} INFO - Job 14: Subtask dbt_run_fifa_world_cup_finals
[2025-11-09T17:31:33.720+0000] {task_command.py:423} INFO - Running <TaskInstance: fifa_world_cup_finals_etl.dbt_run_fifa_world_cup_finals scheduled__2025-11-02T00:00:00+00:00 [running]> on host 5dc5c03d572d
[2025-11-09T17:31:33.787+0000] {taskinstance.py:2480} INFO - Exporting env vars: AIRFLOW_CTX_DAG_OWNER='airflow' AIRFLOW_CTX_DAG_ID='fifa_world_cup_finals_etl' AIRFLOW_CTX_TASK_ID='dbt_run_fifa_world_cup_finals' AIRFLOW_CTX_EXECUTION_DATE='2025-11-02T00:00:00+00:00' AIRFLOW_CTX_TRY_NUMBER='2' AIRFLOW_CTX_DAG_RUN_ID='scheduled__2025-11-02T00:00:00+00:00'
[2025-11-09T17:31:33.789+0000] {subprocess.py:63} INFO - Tmp dir root location: /tmp
[2025-11-09T17:31:33.790+0000] {subprocess.py:75} INFO - Running command: ['/usr/bin/bash', '-c', 'cd /opt/airflow/dags/transforms/ && /root/.local/bin/dbt run --select fifa_world_cup_finals']
[2025-11-09T17:31:33.803+0000] {subprocess.py:86} INFO - Output:
[2025-11-09T17:31:33.807+0000] {subprocess.py:93} INFO - /usr/bin/bash: line 1: /root/.local/bin/dbt: Permission denied
[2025-11-09T17:31:33.808+0000] {subprocess.py:97} INFO - Command exited with return code 126
[2025-11-09T17:31:33.820+0000] {taskinstance.py:2698} ERROR - Task failed with exception
Traceback (most recent call last):
  File "/home/airflow/.local/lib/python3.8/site-packages/airflow/models/taskinstance.py", line 433, in _execute_task
    result = execute_callable(context=context, **execute_callable_kwargs)
  File "/home/airflow/.local/lib/python3.8/site-packages/airflow/operators/bash.py", line 212, in execute
    raise AirflowException(
airflow.exceptions.AirflowException: Bash command failed. The command returned a non-zero exit code 126.
[2025-11-09T17:31:33.822+0000] {taskinstance.py:1138} INFO - Marking task as FAILED. dag_id=fifa_world_cup_finals_etl, task_id=dbt_run_fifa_world_cup_finals, execution_date=20251102T000000, start_date=20251109T173133, end_date=20251109T173133
[2025-11-09T17:31:33.832+0000] {standard_task_runner.py:107} ERROR - Failed to execute job 14 for task dbt_run_fifa_world_cup_finals (Bash command failed. The command returned a non-zero exit code 126.; 193)
[2025-11-09T17:31:33.850+0000] {local_task_job_runner.py:234} INFO - Task exited with return code 1
[2025-11-09T17:31:33.867+0000] {taskinstance.py:3280} INFO - 0 downstream tasks scheduled from follow-on schedule check
[2025-11-09T18:03:32.142+0000] {taskinstance.py:1956} INFO - Dependencies all met for dep_context=non-requeueable deps ti=<TaskInstance: fifa_world_cup_finals_etl.dbt_run_fifa_world_cup_finals scheduled__2025-11-02T00:00:00+00:00 [queued]>
[2025-11-09T18:03:32.149+0000] {taskinstance.py:1956} INFO - Dependencies all met for dep_context=requeueable deps ti=<TaskInstance: fifa_world_cup_finals_etl.dbt_run_fifa_world_cup_finals scheduled__2025-11-02T00:00:00+00:00 [queued]>
[2025-11-09T18:03:32.149+0000] {taskinstance.py:2170} INFO - Starting attempt 2 of 2
[2025-11-09T18:03:32.160+0000] {taskinstance.py:2191} INFO - Executing <Task(BashOperator): dbt_run_fifa_world_cup_finals> on 2025-11-02 00:00:00+00:00
[2025-11-09T18:03:32.168+0000] {standard_task_runner.py:60} INFO - Started process 311 to run task
[2025-11-09T18:03:32.172+0000] {standard_task_runner.py:87} INFO - Running: ['airflow', 'tasks', 'run', 'fifa_world_cup_finals_etl', 'dbt_run_fifa_world_cup_finals', 'scheduled__2025-11-02T00:00:00+00:00', '--job-id', '6', '--raw', '--subdir', 'DAGS_FOLDER/dag_final.py', '--cfg-path', '/tmp/tmpaywz6lpk']
[2025-11-09T18:03:32.174+0000] {standard_task_runner.py:88} INFO - Job 6: Subtask dbt_run_fifa_world_cup_finals
[2025-11-09T18:03:32.231+0000] {task_command.py:423} INFO - Running <TaskInstance: fifa_world_cup_finals_etl.dbt_run_fifa_world_cup_finals scheduled__2025-11-02T00:00:00+00:00 [running]> on host 617106843ac5
[2025-11-09T18:03:32.302+0000] {taskinstance.py:2480} INFO - Exporting env vars: AIRFLOW_CTX_DAG_OWNER='airflow' AIRFLOW_CTX_DAG_ID='fifa_world_cup_finals_etl' AIRFLOW_CTX_TASK_ID='dbt_run_fifa_world_cup_finals' AIRFLOW_CTX_EXECUTION_DATE='2025-11-02T00:00:00+00:00' AIRFLOW_CTX_TRY_NUMBER='2' AIRFLOW_CTX_DAG_RUN_ID='scheduled__2025-11-02T00:00:00+00:00'
[2025-11-09T18:03:32.304+0000] {subprocess.py:63} INFO - Tmp dir root location: /tmp
[2025-11-09T18:03:32.305+0000] {subprocess.py:75} INFO - Running command: ['/usr/bin/bash', '-c', 'cd /opt/airflow/dags/transforms/ && dbt run --select fifa_world_cup_finals']
[2025-11-09T18:03:32.355+0000] {subprocess.py:86} INFO - Output:
[2025-11-09T18:03:32.359+0000] {subprocess.py:93} INFO - /usr/bin/bash: line 1: dbt: command not found
[2025-11-09T18:03:32.359+0000] {subprocess.py:97} INFO - Command exited with return code 127
[2025-11-09T18:03:32.371+0000] {taskinstance.py:2698} ERROR - Task failed with exception
Traceback (most recent call last):
  File "/home/airflow/.local/lib/python3.8/site-packages/airflow/models/taskinstance.py", line 433, in _execute_task
    result = execute_callable(context=context, **execute_callable_kwargs)
  File "/home/airflow/.local/lib/python3.8/site-packages/airflow/operators/bash.py", line 212, in execute
    raise AirflowException(
airflow.exceptions.AirflowException: Bash command failed. The command returned a non-zero exit code 127.
[2025-11-09T18:03:32.374+0000] {taskinstance.py:1138} INFO - Marking task as FAILED. dag_id=fifa_world_cup_finals_etl, task_id=dbt_run_fifa_world_cup_finals, execution_date=20251102T000000, start_date=20251109T180332, end_date=20251109T180332
[2025-11-09T18:03:32.385+0000] {standard_task_runner.py:107} ERROR - Failed to execute job 6 for task dbt_run_fifa_world_cup_finals (Bash command failed. The command returned a non-zero exit code 127.; 311)
[2025-11-09T18:03:32.428+0000] {local_task_job_runner.py:234} INFO - Task exited with return code 1
[2025-11-09T18:03:32.445+0000] {taskinstance.py:3280} INFO - 0 downstream tasks scheduled from follow-on schedule check
[2025-11-09T18:13:26.828+0000] {taskinstance.py:1956} INFO - Dependencies all met for dep_context=non-requeueable deps ti=<TaskInstance: fifa_world_cup_finals_etl.dbt_run_fifa_world_cup_finals scheduled__2025-11-02T00:00:00+00:00 [queued]>
[2025-11-09T18:13:26.834+0000] {taskinstance.py:1956} INFO - Dependencies all met for dep_context=requeueable deps ti=<TaskInstance: fifa_world_cup_finals_etl.dbt_run_fifa_world_cup_finals scheduled__2025-11-02T00:00:00+00:00 [queued]>
[2025-11-09T18:13:26.834+0000] {taskinstance.py:2170} INFO - Starting attempt 2 of 2
[2025-11-09T18:13:26.846+0000] {taskinstance.py:2191} INFO - Executing <Task(BashOperator): dbt_run_fifa_world_cup_finals> on 2025-11-02 00:00:00+00:00
[2025-11-09T18:13:26.852+0000] {standard_task_runner.py:60} INFO - Started process 336 to run task
[2025-11-09T18:13:26.856+0000] {standard_task_runner.py:87} INFO - Running: ['airflow', 'tasks', 'run', 'fifa_world_cup_finals_etl', 'dbt_run_fifa_world_cup_finals', 'scheduled__2025-11-02T00:00:00+00:00', '--job-id', '14', '--raw', '--subdir', 'DAGS_FOLDER/dag_final.py', '--cfg-path', '/tmp/tmpazekmy1a']
[2025-11-09T18:13:26.859+0000] {standard_task_runner.py:88} INFO - Job 14: Subtask dbt_run_fifa_world_cup_finals
[2025-11-09T18:13:26.911+0000] {task_command.py:423} INFO - Running <TaskInstance: fifa_world_cup_finals_etl.dbt_run_fifa_world_cup_finals scheduled__2025-11-02T00:00:00+00:00 [running]> on host 68e0557b9ece
[2025-11-09T18:13:26.979+0000] {taskinstance.py:2480} INFO - Exporting env vars: AIRFLOW_CTX_DAG_OWNER='airflow' AIRFLOW_CTX_DAG_ID='fifa_world_cup_finals_etl' AIRFLOW_CTX_TASK_ID='dbt_run_fifa_world_cup_finals' AIRFLOW_CTX_EXECUTION_DATE='2025-11-02T00:00:00+00:00' AIRFLOW_CTX_TRY_NUMBER='2' AIRFLOW_CTX_DAG_RUN_ID='scheduled__2025-11-02T00:00:00+00:00'
[2025-11-09T18:13:26.981+0000] {subprocess.py:63} INFO - Tmp dir root location: /tmp
[2025-11-09T18:13:26.982+0000] {subprocess.py:75} INFO - Running command: ['/usr/bin/bash', '-c', 'cd /opt/airflow/dags/transforms/ && dbt run --select fifa_world_cup_finals']
[2025-11-09T18:13:26.995+0000] {subprocess.py:86} INFO - Output:
[2025-11-09T18:13:26.998+0000] {subprocess.py:93} INFO - /usr/bin/bash: line 1: dbt: command not found
[2025-11-09T18:13:26.998+0000] {subprocess.py:97} INFO - Command exited with return code 127
[2025-11-09T18:13:27.012+0000] {taskinstance.py:2698} ERROR - Task failed with exception
Traceback (most recent call last):
  File "/home/airflow/.local/lib/python3.8/site-packages/airflow/models/taskinstance.py", line 433, in _execute_task
    result = execute_callable(context=context, **execute_callable_kwargs)
  File "/home/airflow/.local/lib/python3.8/site-packages/airflow/operators/bash.py", line 212, in execute
    raise AirflowException(
airflow.exceptions.AirflowException: Bash command failed. The command returned a non-zero exit code 127.
[2025-11-09T18:13:27.014+0000] {taskinstance.py:1138} INFO - Marking task as FAILED. dag_id=fifa_world_cup_finals_etl, task_id=dbt_run_fifa_world_cup_finals, execution_date=20251102T000000, start_date=20251109T181326, end_date=20251109T181327
[2025-11-09T18:13:27.024+0000] {standard_task_runner.py:107} ERROR - Failed to execute job 14 for task dbt_run_fifa_world_cup_finals (Bash command failed. The command returned a non-zero exit code 127.; 336)
[2025-11-09T18:13:27.070+0000] {local_task_job_runner.py:234} INFO - Task exited with return code 1
[2025-11-09T18:13:27.086+0000] {taskinstance.py:3280} INFO - 0 downstream tasks scheduled from follow-on schedule check
[2025-11-09T18:34:30.201+0000] {taskinstance.py:1956} INFO - Dependencies all met for dep_context=non-requeueable deps ti=<TaskInstance: fifa_world_cup_finals_etl.dbt_run_fifa_world_cup_finals scheduled__2025-11-02T00:00:00+00:00 [queued]>
[2025-11-09T18:34:30.207+0000] {taskinstance.py:1956} INFO - Dependencies all met for dep_context=requeueable deps ti=<TaskInstance: fifa_world_cup_finals_etl.dbt_run_fifa_world_cup_finals scheduled__2025-11-02T00:00:00+00:00 [queued]>
[2025-11-09T18:34:30.207+0000] {taskinstance.py:2170} INFO - Starting attempt 2 of 2
[2025-11-09T18:34:30.249+0000] {taskinstance.py:2191} INFO - Executing <Task(BashOperator): dbt_run_fifa_world_cup_finals> on 2025-11-02 00:00:00+00:00
[2025-11-09T18:34:30.256+0000] {standard_task_runner.py:60} INFO - Started process 312 to run task
[2025-11-09T18:34:30.260+0000] {standard_task_runner.py:87} INFO - Running: ['airflow', 'tasks', 'run', 'fifa_world_cup_finals_etl', 'dbt_run_fifa_world_cup_finals', 'scheduled__2025-11-02T00:00:00+00:00', '--job-id', '8', '--raw', '--subdir', 'DAGS_FOLDER/dag_final.py', '--cfg-path', '/tmp/tmp7tcykmgj']
[2025-11-09T18:34:30.262+0000] {standard_task_runner.py:88} INFO - Job 8: Subtask dbt_run_fifa_world_cup_finals
[2025-11-09T18:34:30.310+0000] {task_command.py:423} INFO - Running <TaskInstance: fifa_world_cup_finals_etl.dbt_run_fifa_world_cup_finals scheduled__2025-11-02T00:00:00+00:00 [running]> on host 8dc57504298e
[2025-11-09T18:34:30.374+0000] {taskinstance.py:2480} INFO - Exporting env vars: AIRFLOW_CTX_DAG_OWNER='airflow' AIRFLOW_CTX_DAG_ID='fifa_world_cup_finals_etl' AIRFLOW_CTX_TASK_ID='dbt_run_fifa_world_cup_finals' AIRFLOW_CTX_EXECUTION_DATE='2025-11-02T00:00:00+00:00' AIRFLOW_CTX_TRY_NUMBER='2' AIRFLOW_CTX_DAG_RUN_ID='scheduled__2025-11-02T00:00:00+00:00'
[2025-11-09T18:34:30.376+0000] {subprocess.py:63} INFO - Tmp dir root location: /tmp
[2025-11-09T18:34:30.377+0000] {subprocess.py:75} INFO - Running command: ['/usr/bin/bash', '-c', 'cd /opt/airflow/dags/transforms && dbt run --select fifa_world_cup_finals']
[2025-11-09T18:34:30.390+0000] {subprocess.py:86} INFO - Output:
[2025-11-09T18:34:30.393+0000] {subprocess.py:93} INFO - /usr/bin/bash: line 1: dbt: command not found
[2025-11-09T18:34:30.394+0000] {subprocess.py:97} INFO - Command exited with return code 127
[2025-11-09T18:34:30.405+0000] {taskinstance.py:2698} ERROR - Task failed with exception
Traceback (most recent call last):
  File "/home/airflow/.local/lib/python3.8/site-packages/airflow/models/taskinstance.py", line 433, in _execute_task
    result = execute_callable(context=context, **execute_callable_kwargs)
  File "/home/airflow/.local/lib/python3.8/site-packages/airflow/operators/bash.py", line 212, in execute
    raise AirflowException(
airflow.exceptions.AirflowException: Bash command failed. The command returned a non-zero exit code 127.
[2025-11-09T18:34:30.407+0000] {taskinstance.py:1138} INFO - Marking task as FAILED. dag_id=fifa_world_cup_finals_etl, task_id=dbt_run_fifa_world_cup_finals, execution_date=20251102T000000, start_date=20251109T183430, end_date=20251109T183430
[2025-11-09T18:34:30.417+0000] {standard_task_runner.py:107} ERROR - Failed to execute job 8 for task dbt_run_fifa_world_cup_finals (Bash command failed. The command returned a non-zero exit code 127.; 312)
[2025-11-09T18:34:30.433+0000] {local_task_job_runner.py:234} INFO - Task exited with return code 1
[2025-11-09T18:34:30.450+0000] {taskinstance.py:3280} INFO - 0 downstream tasks scheduled from follow-on schedule check
[2025-11-09T19:13:35.230+0000] {taskinstance.py:1956} INFO - Dependencies all met for dep_context=non-requeueable deps ti=<TaskInstance: fifa_world_cup_finals_etl.dbt_run_fifa_world_cup_finals scheduled__2025-11-02T00:00:00+00:00 [queued]>
[2025-11-09T19:13:35.237+0000] {taskinstance.py:1956} INFO - Dependencies all met for dep_context=requeueable deps ti=<TaskInstance: fifa_world_cup_finals_etl.dbt_run_fifa_world_cup_finals scheduled__2025-11-02T00:00:00+00:00 [queued]>
[2025-11-09T19:13:35.238+0000] {taskinstance.py:2170} INFO - Starting attempt 2 of 2
[2025-11-09T19:13:35.251+0000] {taskinstance.py:2191} INFO - Executing <Task(BashOperator): dbt_run_fifa_world_cup_finals> on 2025-11-02 00:00:00+00:00
[2025-11-09T19:13:35.258+0000] {standard_task_runner.py:60} INFO - Started process 329 to run task
[2025-11-09T19:13:35.262+0000] {standard_task_runner.py:87} INFO - Running: ['airflow', 'tasks', 'run', 'fifa_world_cup_finals_etl', 'dbt_run_fifa_world_cup_finals', 'scheduled__2025-11-02T00:00:00+00:00', '--job-id', '9', '--raw', '--subdir', 'DAGS_FOLDER/dag_final.py', '--cfg-path', '/tmp/tmppn9u4zyk']
[2025-11-09T19:13:35.265+0000] {standard_task_runner.py:88} INFO - Job 9: Subtask dbt_run_fifa_world_cup_finals
[2025-11-09T19:13:35.323+0000] {task_command.py:423} INFO - Running <TaskInstance: fifa_world_cup_finals_etl.dbt_run_fifa_world_cup_finals scheduled__2025-11-02T00:00:00+00:00 [running]> on host 2cbda51e3581
[2025-11-09T19:13:35.400+0000] {taskinstance.py:2480} INFO - Exporting env vars: AIRFLOW_CTX_DAG_OWNER='airflow' AIRFLOW_CTX_DAG_ID='fifa_world_cup_finals_etl' AIRFLOW_CTX_TASK_ID='dbt_run_fifa_world_cup_finals' AIRFLOW_CTX_EXECUTION_DATE='2025-11-02T00:00:00+00:00' AIRFLOW_CTX_TRY_NUMBER='2' AIRFLOW_CTX_DAG_RUN_ID='scheduled__2025-11-02T00:00:00+00:00'
[2025-11-09T19:13:35.402+0000] {subprocess.py:63} INFO - Tmp dir root location: /tmp
[2025-11-09T19:13:35.403+0000] {subprocess.py:75} INFO - Running command: ['/usr/bin/bash', '-c', 'cd /opt/airflow/dags/transforms && dbt run --select fifa_world_cup_finals']
[2025-11-09T19:13:35.418+0000] {subprocess.py:86} INFO - Output:
[2025-11-09T19:13:35.421+0000] {subprocess.py:93} INFO - /usr/bin/bash: line 1: dbt: command not found
[2025-11-09T19:13:35.422+0000] {subprocess.py:97} INFO - Command exited with return code 127
[2025-11-09T19:13:35.434+0000] {taskinstance.py:2698} ERROR - Task failed with exception
Traceback (most recent call last):
  File "/home/airflow/.local/lib/python3.8/site-packages/airflow/models/taskinstance.py", line 433, in _execute_task
    result = execute_callable(context=context, **execute_callable_kwargs)
  File "/home/airflow/.local/lib/python3.8/site-packages/airflow/operators/bash.py", line 212, in execute
    raise AirflowException(
airflow.exceptions.AirflowException: Bash command failed. The command returned a non-zero exit code 127.
[2025-11-09T19:13:35.436+0000] {taskinstance.py:1138} INFO - Marking task as FAILED. dag_id=fifa_world_cup_finals_etl, task_id=dbt_run_fifa_world_cup_finals, execution_date=20251102T000000, start_date=20251109T191335, end_date=20251109T191335
[2025-11-09T19:13:35.446+0000] {standard_task_runner.py:107} ERROR - Failed to execute job 9 for task dbt_run_fifa_world_cup_finals (Bash command failed. The command returned a non-zero exit code 127.; 329)
[2025-11-09T19:13:35.476+0000] {local_task_job_runner.py:234} INFO - Task exited with return code 1
[2025-11-09T19:13:35.494+0000] {taskinstance.py:3280} INFO - 0 downstream tasks scheduled from follow-on schedule check
[2025-11-09T19:34:46.353+0000] {taskinstance.py:1956} INFO - Dependencies all met for dep_context=non-requeueable deps ti=<TaskInstance: fifa_world_cup_finals_etl.dbt_run_fifa_world_cup_finals scheduled__2025-11-02T00:00:00+00:00 [queued]>
[2025-11-09T19:34:46.359+0000] {taskinstance.py:1956} INFO - Dependencies all met for dep_context=requeueable deps ti=<TaskInstance: fifa_world_cup_finals_etl.dbt_run_fifa_world_cup_finals scheduled__2025-11-02T00:00:00+00:00 [queued]>
[2025-11-09T19:34:46.360+0000] {taskinstance.py:2170} INFO - Starting attempt 2 of 2
[2025-11-09T19:34:46.372+0000] {taskinstance.py:2191} INFO - Executing <Task(BashOperator): dbt_run_fifa_world_cup_finals> on 2025-11-02 00:00:00+00:00
[2025-11-09T19:34:46.380+0000] {standard_task_runner.py:60} INFO - Started process 320 to run task
[2025-11-09T19:34:46.383+0000] {standard_task_runner.py:87} INFO - Running: ['airflow', 'tasks', 'run', 'fifa_world_cup_finals_etl', 'dbt_run_fifa_world_cup_finals', 'scheduled__2025-11-02T00:00:00+00:00', '--job-id', '9', '--raw', '--subdir', 'DAGS_FOLDER/dag_final.py', '--cfg-path', '/tmp/tmptx3164w2']
[2025-11-09T19:34:46.385+0000] {standard_task_runner.py:88} INFO - Job 9: Subtask dbt_run_fifa_world_cup_finals
[2025-11-09T19:34:46.440+0000] {task_command.py:423} INFO - Running <TaskInstance: fifa_world_cup_finals_etl.dbt_run_fifa_world_cup_finals scheduled__2025-11-02T00:00:00+00:00 [running]> on host 8d6448de5e2c
[2025-11-09T19:34:46.509+0000] {taskinstance.py:2480} INFO - Exporting env vars: AIRFLOW_CTX_DAG_OWNER='airflow' AIRFLOW_CTX_DAG_ID='fifa_world_cup_finals_etl' AIRFLOW_CTX_TASK_ID='dbt_run_fifa_world_cup_finals' AIRFLOW_CTX_EXECUTION_DATE='2025-11-02T00:00:00+00:00' AIRFLOW_CTX_TRY_NUMBER='2' AIRFLOW_CTX_DAG_RUN_ID='scheduled__2025-11-02T00:00:00+00:00'
[2025-11-09T19:34:46.511+0000] {subprocess.py:63} INFO - Tmp dir root location: /tmp
[2025-11-09T19:34:46.512+0000] {subprocess.py:75} INFO - Running command: ['/usr/bin/bash', '-c', 'cd /opt/airflow/dags/transforms && /home/airflow/.local/bin/dbt run --select fifa_world_cup_finals']
[2025-11-09T19:34:46.526+0000] {subprocess.py:86} INFO - Output:
[2025-11-09T19:34:46.529+0000] {subprocess.py:93} INFO - /usr/bin/bash: line 1: /home/airflow/.local/bin/dbt: No such file or directory
[2025-11-09T19:34:46.530+0000] {subprocess.py:97} INFO - Command exited with return code 127
[2025-11-09T19:34:46.541+0000] {taskinstance.py:2698} ERROR - Task failed with exception
Traceback (most recent call last):
  File "/home/airflow/.local/lib/python3.8/site-packages/airflow/models/taskinstance.py", line 433, in _execute_task
    result = execute_callable(context=context, **execute_callable_kwargs)
  File "/home/airflow/.local/lib/python3.8/site-packages/airflow/operators/bash.py", line 212, in execute
    raise AirflowException(
airflow.exceptions.AirflowException: Bash command failed. The command returned a non-zero exit code 127.
[2025-11-09T19:34:46.544+0000] {taskinstance.py:1138} INFO - Marking task as FAILED. dag_id=fifa_world_cup_finals_etl, task_id=dbt_run_fifa_world_cup_finals, execution_date=20251102T000000, start_date=20251109T193446, end_date=20251109T193446
[2025-11-09T19:34:46.553+0000] {standard_task_runner.py:107} ERROR - Failed to execute job 9 for task dbt_run_fifa_world_cup_finals (Bash command failed. The command returned a non-zero exit code 127.; 320)
[2025-11-09T19:34:46.567+0000] {local_task_job_runner.py:234} INFO - Task exited with return code 1
[2025-11-09T19:34:46.584+0000] {taskinstance.py:3280} INFO - 0 downstream tasks scheduled from follow-on schedule check
[2025-11-09T20:16:58.427+0000] {taskinstance.py:1956} INFO - Dependencies all met for dep_context=non-requeueable deps ti=<TaskInstance: fifa_world_cup_finals_etl.dbt_run_fifa_world_cup_finals scheduled__2025-11-02T00:00:00+00:00 [queued]>
[2025-11-09T20:16:58.433+0000] {taskinstance.py:1956} INFO - Dependencies all met for dep_context=requeueable deps ti=<TaskInstance: fifa_world_cup_finals_etl.dbt_run_fifa_world_cup_finals scheduled__2025-11-02T00:00:00+00:00 [queued]>
[2025-11-09T20:16:58.433+0000] {taskinstance.py:2170} INFO - Starting attempt 2 of 2
[2025-11-09T20:16:58.444+0000] {taskinstance.py:2191} INFO - Executing <Task(BashOperator): dbt_run_fifa_world_cup_finals> on 2025-11-02 00:00:00+00:00
[2025-11-09T20:16:58.451+0000] {standard_task_runner.py:60} INFO - Started process 336 to run task
[2025-11-09T20:16:58.454+0000] {standard_task_runner.py:87} INFO - Running: ['airflow', 'tasks', 'run', 'fifa_world_cup_finals_etl', 'dbt_run_fifa_world_cup_finals', 'scheduled__2025-11-02T00:00:00+00:00', '--job-id', '11', '--raw', '--subdir', 'DAGS_FOLDER/dag_final.py', '--cfg-path', '/tmp/tmpd3tloc8r']
[2025-11-09T20:16:58.456+0000] {standard_task_runner.py:88} INFO - Job 11: Subtask dbt_run_fifa_world_cup_finals
[2025-11-09T20:16:58.506+0000] {task_command.py:423} INFO - Running <TaskInstance: fifa_world_cup_finals_etl.dbt_run_fifa_world_cup_finals scheduled__2025-11-02T00:00:00+00:00 [running]> on host 66214067612d
[2025-11-09T20:16:58.583+0000] {taskinstance.py:2480} INFO - Exporting env vars: AIRFLOW_CTX_DAG_OWNER='airflow' AIRFLOW_CTX_DAG_ID='fifa_world_cup_finals_etl' AIRFLOW_CTX_TASK_ID='dbt_run_fifa_world_cup_finals' AIRFLOW_CTX_EXECUTION_DATE='2025-11-02T00:00:00+00:00' AIRFLOW_CTX_TRY_NUMBER='2' AIRFLOW_CTX_DAG_RUN_ID='scheduled__2025-11-02T00:00:00+00:00'
[2025-11-09T20:16:58.590+0000] {subprocess.py:63} INFO - Tmp dir root location: /tmp
[2025-11-09T20:16:58.592+0000] {subprocess.py:75} INFO - Running command: ['/usr/bin/bash', '-c', 'cd /opt/airflow/dags/transforms && dbt run --select fifa_world_cup_finals']
[2025-11-09T20:16:58.622+0000] {subprocess.py:86} INFO - Output:
[2025-11-09T20:16:58.627+0000] {subprocess.py:93} INFO - /usr/bin/bash: line 1: dbt: command not found
[2025-11-09T20:16:58.627+0000] {subprocess.py:97} INFO - Command exited with return code 127
[2025-11-09T20:16:58.644+0000] {taskinstance.py:2698} ERROR - Task failed with exception
Traceback (most recent call last):
  File "/home/airflow/.local/lib/python3.8/site-packages/airflow/models/taskinstance.py", line 433, in _execute_task
    result = execute_callable(context=context, **execute_callable_kwargs)
  File "/home/airflow/.local/lib/python3.8/site-packages/airflow/operators/bash.py", line 212, in execute
    raise AirflowException(
airflow.exceptions.AirflowException: Bash command failed. The command returned a non-zero exit code 127.
[2025-11-09T20:16:58.647+0000] {taskinstance.py:1138} INFO - Marking task as FAILED. dag_id=fifa_world_cup_finals_etl, task_id=dbt_run_fifa_world_cup_finals, execution_date=20251102T000000, start_date=20251109T201658, end_date=20251109T201658
[2025-11-09T20:16:58.658+0000] {standard_task_runner.py:107} ERROR - Failed to execute job 11 for task dbt_run_fifa_world_cup_finals (Bash command failed. The command returned a non-zero exit code 127.; 336)
[2025-11-09T20:16:58.713+0000] {local_task_job_runner.py:234} INFO - Task exited with return code 1
[2025-11-09T20:16:58.730+0000] {taskinstance.py:3280} INFO - 0 downstream tasks scheduled from follow-on schedule check
[2025-11-09T20:42:13.871+0000] {taskinstance.py:1956} INFO - Dependencies all met for dep_context=non-requeueable deps ti=<TaskInstance: fifa_world_cup_finals_etl.dbt_run_fifa_world_cup_finals scheduled__2025-11-02T00:00:00+00:00 [queued]>
[2025-11-09T20:42:13.878+0000] {taskinstance.py:1956} INFO - Dependencies all met for dep_context=requeueable deps ti=<TaskInstance: fifa_world_cup_finals_etl.dbt_run_fifa_world_cup_finals scheduled__2025-11-02T00:00:00+00:00 [queued]>
[2025-11-09T20:42:13.878+0000] {taskinstance.py:2170} INFO - Starting attempt 2 of 2
[2025-11-09T20:42:13.889+0000] {taskinstance.py:2191} INFO - Executing <Task(BashOperator): dbt_run_fifa_world_cup_finals> on 2025-11-02 00:00:00+00:00
[2025-11-09T20:42:13.896+0000] {standard_task_runner.py:60} INFO - Started process 324 to run task
[2025-11-09T20:42:13.901+0000] {standard_task_runner.py:87} INFO - Running: ['airflow', 'tasks', 'run', 'fifa_world_cup_finals_etl', 'dbt_run_fifa_world_cup_finals', 'scheduled__2025-11-02T00:00:00+00:00', '--job-id', '8', '--raw', '--subdir', 'DAGS_FOLDER/dag_final.py', '--cfg-path', '/tmp/tmpcit22kyt']
[2025-11-09T20:42:13.905+0000] {standard_task_runner.py:88} INFO - Job 8: Subtask dbt_run_fifa_world_cup_finals
[2025-11-09T20:42:13.977+0000] {task_command.py:423} INFO - Running <TaskInstance: fifa_world_cup_finals_etl.dbt_run_fifa_world_cup_finals scheduled__2025-11-02T00:00:00+00:00 [running]> on host ca7369ed62e3
[2025-11-09T20:42:14.048+0000] {taskinstance.py:2480} INFO - Exporting env vars: AIRFLOW_CTX_DAG_OWNER='airflow' AIRFLOW_CTX_DAG_ID='fifa_world_cup_finals_etl' AIRFLOW_CTX_TASK_ID='dbt_run_fifa_world_cup_finals' AIRFLOW_CTX_EXECUTION_DATE='2025-11-02T00:00:00+00:00' AIRFLOW_CTX_TRY_NUMBER='2' AIRFLOW_CTX_DAG_RUN_ID='scheduled__2025-11-02T00:00:00+00:00'
[2025-11-09T20:42:14.049+0000] {subprocess.py:63} INFO - Tmp dir root location: /tmp
[2025-11-09T20:42:14.050+0000] {subprocess.py:75} INFO - Running command: ['/usr/bin/bash', '-c', 'cd /opt/airflow/dags/transforms && /home/airflow/.local/bin/dbt run --select fifa']
[2025-11-09T20:42:14.064+0000] {subprocess.py:86} INFO - Output:
[2025-11-09T20:42:14.067+0000] {subprocess.py:93} INFO - /usr/bin/bash: line 1: /home/airflow/.local/bin/dbt: No such file or directory
[2025-11-09T20:42:14.068+0000] {subprocess.py:97} INFO - Command exited with return code 127
[2025-11-09T20:42:14.080+0000] {taskinstance.py:2698} ERROR - Task failed with exception
Traceback (most recent call last):
  File "/home/airflow/.local/lib/python3.8/site-packages/airflow/models/taskinstance.py", line 433, in _execute_task
    result = execute_callable(context=context, **execute_callable_kwargs)
  File "/home/airflow/.local/lib/python3.8/site-packages/airflow/operators/bash.py", line 212, in execute
    raise AirflowException(
airflow.exceptions.AirflowException: Bash command failed. The command returned a non-zero exit code 127.
[2025-11-09T20:42:14.083+0000] {taskinstance.py:1138} INFO - Marking task as FAILED. dag_id=fifa_world_cup_finals_etl, task_id=dbt_run_fifa_world_cup_finals, execution_date=20251102T000000, start_date=20251109T204213, end_date=20251109T204214
[2025-11-09T20:42:14.093+0000] {standard_task_runner.py:107} ERROR - Failed to execute job 8 for task dbt_run_fifa_world_cup_finals (Bash command failed. The command returned a non-zero exit code 127.; 324)
[2025-11-09T20:42:14.130+0000] {local_task_job_runner.py:234} INFO - Task exited with return code 1
[2025-11-09T20:42:14.148+0000] {taskinstance.py:3280} INFO - 0 downstream tasks scheduled from follow-on schedule check
[2025-11-09T21:15:46.709+0000] {taskinstance.py:1956} INFO - Dependencies all met for dep_context=non-requeueable deps ti=<TaskInstance: fifa_world_cup_finals_etl.dbt_run_fifa_world_cup_finals scheduled__2025-11-02T00:00:00+00:00 [queued]>
[2025-11-09T21:15:46.716+0000] {taskinstance.py:1956} INFO - Dependencies all met for dep_context=requeueable deps ti=<TaskInstance: fifa_world_cup_finals_etl.dbt_run_fifa_world_cup_finals scheduled__2025-11-02T00:00:00+00:00 [queued]>
[2025-11-09T21:15:46.716+0000] {taskinstance.py:2170} INFO - Starting attempt 2 of 2
[2025-11-09T21:15:46.729+0000] {taskinstance.py:2191} INFO - Executing <Task(BashOperator): dbt_run_fifa_world_cup_finals> on 2025-11-02 00:00:00+00:00
[2025-11-09T21:15:46.735+0000] {standard_task_runner.py:60} INFO - Started process 309 to run task
[2025-11-09T21:15:46.740+0000] {standard_task_runner.py:87} INFO - Running: ['airflow', 'tasks', 'run', 'fifa_world_cup_finals_etl', 'dbt_run_fifa_world_cup_finals', 'scheduled__2025-11-02T00:00:00+00:00', '--job-id', '6', '--raw', '--subdir', 'DAGS_FOLDER/dag_final.py', '--cfg-path', '/tmp/tmpewm262o4']
[2025-11-09T21:15:46.742+0000] {standard_task_runner.py:88} INFO - Job 6: Subtask dbt_run_fifa_world_cup_finals
[2025-11-09T21:15:46.799+0000] {task_command.py:423} INFO - Running <TaskInstance: fifa_world_cup_finals_etl.dbt_run_fifa_world_cup_finals scheduled__2025-11-02T00:00:00+00:00 [running]> on host 3660e98ed683
[2025-11-09T21:15:46.868+0000] {taskinstance.py:2480} INFO - Exporting env vars: AIRFLOW_CTX_DAG_OWNER='airflow' AIRFLOW_CTX_DAG_ID='fifa_world_cup_finals_etl' AIRFLOW_CTX_TASK_ID='dbt_run_fifa_world_cup_finals' AIRFLOW_CTX_EXECUTION_DATE='2025-11-02T00:00:00+00:00' AIRFLOW_CTX_TRY_NUMBER='2' AIRFLOW_CTX_DAG_RUN_ID='scheduled__2025-11-02T00:00:00+00:00'
[2025-11-09T21:15:46.870+0000] {subprocess.py:63} INFO - Tmp dir root location: /tmp
[2025-11-09T21:15:46.871+0000] {subprocess.py:75} INFO - Running command: ['/usr/bin/bash', '-c', 'cd /opt/airflow/dags/transforms && /home/airflow/.local/bin/dbt run --select fifa_world_cup_finals']
[2025-11-09T21:15:46.884+0000] {subprocess.py:86} INFO - Output:
[2025-11-09T21:15:46.888+0000] {subprocess.py:93} INFO - /usr/bin/bash: line 1: /home/airflow/.local/bin/dbt: No such file or directory
[2025-11-09T21:15:46.888+0000] {subprocess.py:97} INFO - Command exited with return code 127
[2025-11-09T21:15:46.901+0000] {taskinstance.py:2698} ERROR - Task failed with exception
Traceback (most recent call last):
  File "/home/airflow/.local/lib/python3.8/site-packages/airflow/models/taskinstance.py", line 433, in _execute_task
    result = execute_callable(context=context, **execute_callable_kwargs)
  File "/home/airflow/.local/lib/python3.8/site-packages/airflow/operators/bash.py", line 212, in execute
    raise AirflowException(
airflow.exceptions.AirflowException: Bash command failed. The command returned a non-zero exit code 127.
[2025-11-09T21:15:46.904+0000] {taskinstance.py:1138} INFO - Marking task as FAILED. dag_id=fifa_world_cup_finals_etl, task_id=dbt_run_fifa_world_cup_finals, execution_date=20251102T000000, start_date=20251109T211546, end_date=20251109T211546
[2025-11-09T21:15:46.916+0000] {standard_task_runner.py:107} ERROR - Failed to execute job 6 for task dbt_run_fifa_world_cup_finals (Bash command failed. The command returned a non-zero exit code 127.; 309)
[2025-11-09T21:15:46.959+0000] {local_task_job_runner.py:234} INFO - Task exited with return code 1
[2025-11-09T21:15:46.975+0000] {taskinstance.py:3280} INFO - 0 downstream tasks scheduled from follow-on schedule check
[2025-11-09T22:47:43.662+0000] {taskinstance.py:1956} INFO - Dependencies all met for dep_context=non-requeueable deps ti=<TaskInstance: fifa_world_cup_finals_etl.dbt_run_fifa_world_cup_finals scheduled__2025-11-02T00:00:00+00:00 [queued]>
[2025-11-09T22:47:43.668+0000] {taskinstance.py:1956} INFO - Dependencies all met for dep_context=requeueable deps ti=<TaskInstance: fifa_world_cup_finals_etl.dbt_run_fifa_world_cup_finals scheduled__2025-11-02T00:00:00+00:00 [queued]>
[2025-11-09T22:47:43.668+0000] {taskinstance.py:2170} INFO - Starting attempt 2 of 2
[2025-11-09T22:47:43.678+0000] {taskinstance.py:2191} INFO - Executing <Task(BashOperator): dbt_run_fifa_world_cup_finals> on 2025-11-02 00:00:00+00:00
[2025-11-09T22:47:43.685+0000] {standard_task_runner.py:60} INFO - Started process 695 to run task
[2025-11-09T22:47:43.689+0000] {standard_task_runner.py:87} INFO - Running: ['airflow', 'tasks', 'run', 'fifa_world_cup_finals_etl', 'dbt_run_fifa_world_cup_finals', 'scheduled__2025-11-02T00:00:00+00:00', '--job-id', '8', '--raw', '--subdir', 'DAGS_FOLDER/dag_final.py', '--cfg-path', '/tmp/tmpjkh1cna7']
[2025-11-09T22:47:43.691+0000] {standard_task_runner.py:88} INFO - Job 8: Subtask dbt_run_fifa_world_cup_finals
[2025-11-09T22:47:43.746+0000] {task_command.py:423} INFO - Running <TaskInstance: fifa_world_cup_finals_etl.dbt_run_fifa_world_cup_finals scheduled__2025-11-02T00:00:00+00:00 [running]> on host 94b409795cfc
[2025-11-09T22:47:43.817+0000] {taskinstance.py:2480} INFO - Exporting env vars: AIRFLOW_CTX_DAG_OWNER='airflow' AIRFLOW_CTX_DAG_ID='fifa_world_cup_finals_etl' AIRFLOW_CTX_TASK_ID='dbt_run_fifa_world_cup_finals' AIRFLOW_CTX_EXECUTION_DATE='2025-11-02T00:00:00+00:00' AIRFLOW_CTX_TRY_NUMBER='2' AIRFLOW_CTX_DAG_RUN_ID='scheduled__2025-11-02T00:00:00+00:00'
[2025-11-09T22:47:43.818+0000] {subprocess.py:63} INFO - Tmp dir root location: /tmp
[2025-11-09T22:47:43.820+0000] {subprocess.py:75} INFO - Running command: ['/usr/bin/bash', '-c', 'export PATH=$PATH:/home/airflow/.local/bin:/usr/local/bin && cd /opt/airflow/dags/transforms && dbt run --select fifa_world_cup_finals']
[2025-11-09T22:47:43.833+0000] {subprocess.py:86} INFO - Output:
[2025-11-09T22:47:43.837+0000] {subprocess.py:93} INFO - /usr/bin/bash: line 1: dbt: command not found
[2025-11-09T22:47:43.837+0000] {subprocess.py:97} INFO - Command exited with return code 127
[2025-11-09T22:47:43.848+0000] {taskinstance.py:2698} ERROR - Task failed with exception
Traceback (most recent call last):
  File "/home/airflow/.local/lib/python3.8/site-packages/airflow/models/taskinstance.py", line 433, in _execute_task
    result = execute_callable(context=context, **execute_callable_kwargs)
  File "/home/airflow/.local/lib/python3.8/site-packages/airflow/operators/bash.py", line 212, in execute
    raise AirflowException(
airflow.exceptions.AirflowException: Bash command failed. The command returned a non-zero exit code 127.
[2025-11-09T22:47:43.851+0000] {taskinstance.py:1138} INFO - Marking task as FAILED. dag_id=fifa_world_cup_finals_etl, task_id=dbt_run_fifa_world_cup_finals, execution_date=20251102T000000, start_date=20251109T224743, end_date=20251109T224743
[2025-11-09T22:47:43.861+0000] {standard_task_runner.py:107} ERROR - Failed to execute job 8 for task dbt_run_fifa_world_cup_finals (Bash command failed. The command returned a non-zero exit code 127.; 695)
[2025-11-09T22:47:43.907+0000] {local_task_job_runner.py:234} INFO - Task exited with return code 1
[2025-11-09T22:47:43.923+0000] {taskinstance.py:3280} INFO - 0 downstream tasks scheduled from follow-on schedule check
[2025-11-09T23:17:31.663+0000] {taskinstance.py:1956} INFO - Dependencies all met for dep_context=non-requeueable deps ti=<TaskInstance: fifa_world_cup_finals_etl.dbt_run_fifa_world_cup_finals scheduled__2025-11-02T00:00:00+00:00 [queued]>
[2025-11-09T23:17:31.669+0000] {taskinstance.py:1956} INFO - Dependencies all met for dep_context=requeueable deps ti=<TaskInstance: fifa_world_cup_finals_etl.dbt_run_fifa_world_cup_finals scheduled__2025-11-02T00:00:00+00:00 [queued]>
[2025-11-09T23:17:31.670+0000] {taskinstance.py:2170} INFO - Starting attempt 2 of 2
[2025-11-09T23:17:31.681+0000] {taskinstance.py:2191} INFO - Executing <Task(BashOperator): dbt_run_fifa_world_cup_finals> on 2025-11-02 00:00:00+00:00
[2025-11-09T23:17:31.689+0000] {standard_task_runner.py:60} INFO - Started process 312 to run task
[2025-11-09T23:17:31.693+0000] {standard_task_runner.py:87} INFO - Running: ['airflow', 'tasks', 'run', 'fifa_world_cup_finals_etl', 'dbt_run_fifa_world_cup_finals', 'scheduled__2025-11-02T00:00:00+00:00', '--job-id', '8', '--raw', '--subdir', 'DAGS_FOLDER/dag_final.py', '--cfg-path', '/tmp/tmp2ncjh7wu']
[2025-11-09T23:17:31.695+0000] {standard_task_runner.py:88} INFO - Job 8: Subtask dbt_run_fifa_world_cup_finals
[2025-11-09T23:17:31.750+0000] {task_command.py:423} INFO - Running <TaskInstance: fifa_world_cup_finals_etl.dbt_run_fifa_world_cup_finals scheduled__2025-11-02T00:00:00+00:00 [running]> on host c9f7f498c6a9
[2025-11-09T23:17:31.818+0000] {taskinstance.py:2480} INFO - Exporting env vars: AIRFLOW_CTX_DAG_OWNER='airflow' AIRFLOW_CTX_DAG_ID='fifa_world_cup_finals_etl' AIRFLOW_CTX_TASK_ID='dbt_run_fifa_world_cup_finals' AIRFLOW_CTX_EXECUTION_DATE='2025-11-02T00:00:00+00:00' AIRFLOW_CTX_TRY_NUMBER='2' AIRFLOW_CTX_DAG_RUN_ID='scheduled__2025-11-02T00:00:00+00:00'
[2025-11-09T23:17:31.819+0000] {subprocess.py:63} INFO - Tmp dir root location: /tmp
[2025-11-09T23:17:31.820+0000] {subprocess.py:75} INFO - Running command: ['/usr/bin/bash', '-c', 'export PATH=$PATH:/home/airflow/.local/bin:/usr/local/bin && cd /opt/airflow/dags/transforms && dbt run --select fifa_world_cup_finals']
[2025-11-09T23:17:31.833+0000] {subprocess.py:86} INFO - Output:
[2025-11-09T23:17:31.837+0000] {subprocess.py:93} INFO - /usr/bin/bash: line 1: dbt: command not found
[2025-11-09T23:17:31.837+0000] {subprocess.py:97} INFO - Command exited with return code 127
[2025-11-09T23:17:31.848+0000] {taskinstance.py:2698} ERROR - Task failed with exception
Traceback (most recent call last):
  File "/home/airflow/.local/lib/python3.8/site-packages/airflow/models/taskinstance.py", line 433, in _execute_task
    result = execute_callable(context=context, **execute_callable_kwargs)
  File "/home/airflow/.local/lib/python3.8/site-packages/airflow/operators/bash.py", line 212, in execute
    raise AirflowException(
airflow.exceptions.AirflowException: Bash command failed. The command returned a non-zero exit code 127.
[2025-11-09T23:17:31.851+0000] {taskinstance.py:1138} INFO - Marking task as FAILED. dag_id=fifa_world_cup_finals_etl, task_id=dbt_run_fifa_world_cup_finals, execution_date=20251102T000000, start_date=20251109T231731, end_date=20251109T231731
[2025-11-09T23:17:31.861+0000] {standard_task_runner.py:107} ERROR - Failed to execute job 8 for task dbt_run_fifa_world_cup_finals (Bash command failed. The command returned a non-zero exit code 127.; 312)
[2025-11-09T23:17:31.873+0000] {local_task_job_runner.py:234} INFO - Task exited with return code 1
[2025-11-09T23:17:31.889+0000] {taskinstance.py:3280} INFO - 0 downstream tasks scheduled from follow-on schedule check
