[2025-11-09T17:26:32.398+0000] {taskinstance.py:1956} INFO - Dependencies all met for dep_context=non-requeueable deps ti=<TaskInstance: fifa_world_cup_finals_etl.dbt_run_fifa_world_cup_finals scheduled__2025-11-02T00:00:00+00:00 [queued]>
[2025-11-09T17:26:32.404+0000] {taskinstance.py:1956} INFO - Dependencies all met for dep_context=requeueable deps ti=<TaskInstance: fifa_world_cup_finals_etl.dbt_run_fifa_world_cup_finals scheduled__2025-11-02T00:00:00+00:00 [queued]>
[2025-11-09T17:26:32.404+0000] {taskinstance.py:2170} INFO - Starting attempt 1 of 2
[2025-11-09T17:26:32.416+0000] {taskinstance.py:2191} INFO - Executing <Task(BashOperator): dbt_run_fifa_world_cup_finals> on 2025-11-02 00:00:00+00:00
[2025-11-09T17:26:32.423+0000] {standard_task_runner.py:60} INFO - Started process 343 to run task
[2025-11-09T17:26:32.427+0000] {standard_task_runner.py:87} INFO - Running: ['airflow', 'tasks', 'run', 'fifa_world_cup_finals_etl', 'dbt_run_fifa_world_cup_finals', 'scheduled__2025-11-02T00:00:00+00:00', '--job-id', '7', '--raw', '--subdir', 'DAGS_FOLDER/dag_final.py', '--cfg-path', '/tmp/tmpahajfx15']
[2025-11-09T17:26:32.430+0000] {standard_task_runner.py:88} INFO - Job 7: Subtask dbt_run_fifa_world_cup_finals
[2025-11-09T17:26:32.490+0000] {task_command.py:423} INFO - Running <TaskInstance: fifa_world_cup_finals_etl.dbt_run_fifa_world_cup_finals scheduled__2025-11-02T00:00:00+00:00 [running]> on host 5dc5c03d572d
[2025-11-09T17:26:32.570+0000] {taskinstance.py:2480} INFO - Exporting env vars: AIRFLOW_CTX_DAG_OWNER='airflow' AIRFLOW_CTX_DAG_ID='fifa_world_cup_finals_etl' AIRFLOW_CTX_TASK_ID='dbt_run_fifa_world_cup_finals' AIRFLOW_CTX_EXECUTION_DATE='2025-11-02T00:00:00+00:00' AIRFLOW_CTX_TRY_NUMBER='1' AIRFLOW_CTX_DAG_RUN_ID='scheduled__2025-11-02T00:00:00+00:00'
[2025-11-09T17:26:32.572+0000] {subprocess.py:63} INFO - Tmp dir root location: /tmp
[2025-11-09T17:26:32.573+0000] {subprocess.py:75} INFO - Running command: ['/usr/bin/bash', '-c', 'cd /opt/airflow/dags/transforms/ && /root/.local/bin/dbt run --select fifa_world_cup_finals']
[2025-11-09T17:26:32.589+0000] {subprocess.py:86} INFO - Output:
[2025-11-09T17:26:32.592+0000] {subprocess.py:93} INFO - /usr/bin/bash: line 1: /root/.local/bin/dbt: Permission denied
[2025-11-09T17:26:32.593+0000] {subprocess.py:97} INFO - Command exited with return code 126
[2025-11-09T17:26:32.606+0000] {taskinstance.py:2698} ERROR - Task failed with exception
Traceback (most recent call last):
  File "/home/airflow/.local/lib/python3.8/site-packages/airflow/models/taskinstance.py", line 433, in _execute_task
    result = execute_callable(context=context, **execute_callable_kwargs)
  File "/home/airflow/.local/lib/python3.8/site-packages/airflow/operators/bash.py", line 212, in execute
    raise AirflowException(
airflow.exceptions.AirflowException: Bash command failed. The command returned a non-zero exit code 126.
[2025-11-09T17:26:32.609+0000] {taskinstance.py:1138} INFO - Marking task as UP_FOR_RETRY. dag_id=fifa_world_cup_finals_etl, task_id=dbt_run_fifa_world_cup_finals, execution_date=20251102T000000, start_date=20251109T172632, end_date=20251109T172632
[2025-11-09T17:26:32.620+0000] {standard_task_runner.py:107} ERROR - Failed to execute job 7 for task dbt_run_fifa_world_cup_finals (Bash command failed. The command returned a non-zero exit code 126.; 343)
[2025-11-09T17:26:32.641+0000] {local_task_job_runner.py:234} INFO - Task exited with return code 1
[2025-11-09T17:26:32.659+0000] {taskinstance.py:3280} INFO - 0 downstream tasks scheduled from follow-on schedule check
[2025-11-09T17:55:05.567+0000] {taskinstance.py:1956} INFO - Dependencies all met for dep_context=non-requeueable deps ti=<TaskInstance: fifa_world_cup_finals_etl.dbt_run_fifa_world_cup_finals scheduled__2025-11-02T00:00:00+00:00 [queued]>
[2025-11-09T17:55:05.573+0000] {taskinstance.py:1956} INFO - Dependencies all met for dep_context=requeueable deps ti=<TaskInstance: fifa_world_cup_finals_etl.dbt_run_fifa_world_cup_finals scheduled__2025-11-02T00:00:00+00:00 [queued]>
[2025-11-09T17:55:05.573+0000] {taskinstance.py:2170} INFO - Starting attempt 1 of 2
[2025-11-09T17:55:05.584+0000] {taskinstance.py:2191} INFO - Executing <Task(BashOperator): dbt_run_fifa_world_cup_finals> on 2025-11-02 00:00:00+00:00
[2025-11-09T17:55:05.591+0000] {standard_task_runner.py:60} INFO - Started process 207 to run task
[2025-11-09T17:55:05.595+0000] {standard_task_runner.py:87} INFO - Running: ['airflow', 'tasks', 'run', 'fifa_world_cup_finals_etl', 'dbt_run_fifa_world_cup_finals', 'scheduled__2025-11-02T00:00:00+00:00', '--job-id', '3', '--raw', '--subdir', 'DAGS_FOLDER/dag_final.py', '--cfg-path', '/tmp/tmpo5bw23j7']
[2025-11-09T17:55:05.597+0000] {standard_task_runner.py:88} INFO - Job 3: Subtask dbt_run_fifa_world_cup_finals
[2025-11-09T17:55:05.653+0000] {task_command.py:423} INFO - Running <TaskInstance: fifa_world_cup_finals_etl.dbt_run_fifa_world_cup_finals scheduled__2025-11-02T00:00:00+00:00 [running]> on host 0bb727ab8856
[2025-11-09T17:55:05.724+0000] {taskinstance.py:2480} INFO - Exporting env vars: AIRFLOW_CTX_DAG_OWNER='airflow' AIRFLOW_CTX_DAG_ID='fifa_world_cup_finals_etl' AIRFLOW_CTX_TASK_ID='dbt_run_fifa_world_cup_finals' AIRFLOW_CTX_EXECUTION_DATE='2025-11-02T00:00:00+00:00' AIRFLOW_CTX_TRY_NUMBER='1' AIRFLOW_CTX_DAG_RUN_ID='scheduled__2025-11-02T00:00:00+00:00'
[2025-11-09T17:55:05.726+0000] {subprocess.py:63} INFO - Tmp dir root location: /tmp
[2025-11-09T17:55:05.727+0000] {subprocess.py:75} INFO - Running command: ['/usr/bin/bash', '-c', 'cd /opt/airflow/dags/transforms/ && dbt run --select fifa_world_cup_finals']
[2025-11-09T17:55:05.740+0000] {subprocess.py:86} INFO - Output:
[2025-11-09T17:55:05.745+0000] {subprocess.py:93} INFO - /usr/bin/bash: line 1: dbt: command not found
[2025-11-09T17:55:05.746+0000] {subprocess.py:97} INFO - Command exited with return code 127
[2025-11-09T17:55:05.758+0000] {taskinstance.py:2698} ERROR - Task failed with exception
Traceback (most recent call last):
  File "/home/airflow/.local/lib/python3.8/site-packages/airflow/models/taskinstance.py", line 433, in _execute_task
    result = execute_callable(context=context, **execute_callable_kwargs)
  File "/home/airflow/.local/lib/python3.8/site-packages/airflow/operators/bash.py", line 212, in execute
    raise AirflowException(
airflow.exceptions.AirflowException: Bash command failed. The command returned a non-zero exit code 127.
[2025-11-09T17:55:05.760+0000] {taskinstance.py:1138} INFO - Marking task as UP_FOR_RETRY. dag_id=fifa_world_cup_finals_etl, task_id=dbt_run_fifa_world_cup_finals, execution_date=20251102T000000, start_date=20251109T175505, end_date=20251109T175505
[2025-11-09T17:55:05.771+0000] {standard_task_runner.py:107} ERROR - Failed to execute job 3 for task dbt_run_fifa_world_cup_finals (Bash command failed. The command returned a non-zero exit code 127.; 207)
[2025-11-09T17:55:05.813+0000] {local_task_job_runner.py:234} INFO - Task exited with return code 1
[2025-11-09T17:55:05.830+0000] {taskinstance.py:3280} INFO - 0 downstream tasks scheduled from follow-on schedule check
[2025-11-09T17:58:31.133+0000] {taskinstance.py:1956} INFO - Dependencies all met for dep_context=non-requeueable deps ti=<TaskInstance: fifa_world_cup_finals_etl.dbt_run_fifa_world_cup_finals scheduled__2025-11-02T00:00:00+00:00 [queued]>
[2025-11-09T17:58:31.144+0000] {taskinstance.py:1956} INFO - Dependencies all met for dep_context=requeueable deps ti=<TaskInstance: fifa_world_cup_finals_etl.dbt_run_fifa_world_cup_finals scheduled__2025-11-02T00:00:00+00:00 [queued]>
[2025-11-09T17:58:31.145+0000] {taskinstance.py:2170} INFO - Starting attempt 1 of 2
[2025-11-09T17:58:31.169+0000] {taskinstance.py:2191} INFO - Executing <Task(BashOperator): dbt_run_fifa_world_cup_finals> on 2025-11-02 00:00:00+00:00
[2025-11-09T17:58:31.181+0000] {standard_task_runner.py:60} INFO - Started process 196 to run task
[2025-11-09T17:58:31.188+0000] {standard_task_runner.py:87} INFO - Running: ['airflow', 'tasks', 'run', 'fifa_world_cup_finals_etl', 'dbt_run_fifa_world_cup_finals', 'scheduled__2025-11-02T00:00:00+00:00', '--job-id', '3', '--raw', '--subdir', 'DAGS_FOLDER/dag_final.py', '--cfg-path', '/tmp/tmp2nobz2wx']
[2025-11-09T17:58:31.192+0000] {standard_task_runner.py:88} INFO - Job 3: Subtask dbt_run_fifa_world_cup_finals
[2025-11-09T17:58:31.268+0000] {task_command.py:423} INFO - Running <TaskInstance: fifa_world_cup_finals_etl.dbt_run_fifa_world_cup_finals scheduled__2025-11-02T00:00:00+00:00 [running]> on host 617106843ac5
[2025-11-09T17:58:31.356+0000] {taskinstance.py:2480} INFO - Exporting env vars: AIRFLOW_CTX_DAG_OWNER='airflow' AIRFLOW_CTX_DAG_ID='fifa_world_cup_finals_etl' AIRFLOW_CTX_TASK_ID='dbt_run_fifa_world_cup_finals' AIRFLOW_CTX_EXECUTION_DATE='2025-11-02T00:00:00+00:00' AIRFLOW_CTX_TRY_NUMBER='1' AIRFLOW_CTX_DAG_RUN_ID='scheduled__2025-11-02T00:00:00+00:00'
[2025-11-09T17:58:31.357+0000] {subprocess.py:63} INFO - Tmp dir root location: /tmp
[2025-11-09T17:58:31.359+0000] {subprocess.py:75} INFO - Running command: ['/usr/bin/bash', '-c', 'cd /opt/airflow/dags/transforms/ && dbt run --select fifa_world_cup_finals']
[2025-11-09T17:58:31.376+0000] {subprocess.py:86} INFO - Output:
[2025-11-09T17:58:31.380+0000] {subprocess.py:93} INFO - /usr/bin/bash: line 1: dbt: command not found
[2025-11-09T17:58:31.381+0000] {subprocess.py:97} INFO - Command exited with return code 127
[2025-11-09T17:58:31.396+0000] {taskinstance.py:2698} ERROR - Task failed with exception
Traceback (most recent call last):
  File "/home/airflow/.local/lib/python3.8/site-packages/airflow/models/taskinstance.py", line 433, in _execute_task
    result = execute_callable(context=context, **execute_callable_kwargs)
  File "/home/airflow/.local/lib/python3.8/site-packages/airflow/operators/bash.py", line 212, in execute
    raise AirflowException(
airflow.exceptions.AirflowException: Bash command failed. The command returned a non-zero exit code 127.
[2025-11-09T17:58:31.399+0000] {taskinstance.py:1138} INFO - Marking task as UP_FOR_RETRY. dag_id=fifa_world_cup_finals_etl, task_id=dbt_run_fifa_world_cup_finals, execution_date=20251102T000000, start_date=20251109T175831, end_date=20251109T175831
[2025-11-09T17:58:31.413+0000] {standard_task_runner.py:107} ERROR - Failed to execute job 3 for task dbt_run_fifa_world_cup_finals (Bash command failed. The command returned a non-zero exit code 127.; 196)
[2025-11-09T17:58:31.449+0000] {local_task_job_runner.py:234} INFO - Task exited with return code 1
[2025-11-09T17:58:31.471+0000] {taskinstance.py:3280} INFO - 0 downstream tasks scheduled from follow-on schedule check
[2025-11-09T18:08:25.424+0000] {taskinstance.py:1956} INFO - Dependencies all met for dep_context=non-requeueable deps ti=<TaskInstance: fifa_world_cup_finals_etl.dbt_run_fifa_world_cup_finals scheduled__2025-11-02T00:00:00+00:00 [queued]>
[2025-11-09T18:08:25.431+0000] {taskinstance.py:1956} INFO - Dependencies all met for dep_context=requeueable deps ti=<TaskInstance: fifa_world_cup_finals_etl.dbt_run_fifa_world_cup_finals scheduled__2025-11-02T00:00:00+00:00 [queued]>
[2025-11-09T18:08:25.431+0000] {taskinstance.py:2170} INFO - Starting attempt 1 of 2
[2025-11-09T18:08:25.442+0000] {taskinstance.py:2191} INFO - Executing <Task(BashOperator): dbt_run_fifa_world_cup_finals> on 2025-11-02 00:00:00+00:00
[2025-11-09T18:08:25.449+0000] {standard_task_runner.py:60} INFO - Started process 188 to run task
[2025-11-09T18:08:25.453+0000] {standard_task_runner.py:87} INFO - Running: ['airflow', 'tasks', 'run', 'fifa_world_cup_finals_etl', 'dbt_run_fifa_world_cup_finals', 'scheduled__2025-11-02T00:00:00+00:00', '--job-id', '4', '--raw', '--subdir', 'DAGS_FOLDER/dag_final.py', '--cfg-path', '/tmp/tmp80ym430f']
[2025-11-09T18:08:25.456+0000] {standard_task_runner.py:88} INFO - Job 4: Subtask dbt_run_fifa_world_cup_finals
[2025-11-09T18:08:25.509+0000] {task_command.py:423} INFO - Running <TaskInstance: fifa_world_cup_finals_etl.dbt_run_fifa_world_cup_finals scheduled__2025-11-02T00:00:00+00:00 [running]> on host 68e0557b9ece
[2025-11-09T18:08:25.581+0000] {taskinstance.py:2480} INFO - Exporting env vars: AIRFLOW_CTX_DAG_OWNER='airflow' AIRFLOW_CTX_DAG_ID='fifa_world_cup_finals_etl' AIRFLOW_CTX_TASK_ID='dbt_run_fifa_world_cup_finals' AIRFLOW_CTX_EXECUTION_DATE='2025-11-02T00:00:00+00:00' AIRFLOW_CTX_TRY_NUMBER='1' AIRFLOW_CTX_DAG_RUN_ID='scheduled__2025-11-02T00:00:00+00:00'
[2025-11-09T18:08:25.583+0000] {subprocess.py:63} INFO - Tmp dir root location: /tmp
[2025-11-09T18:08:25.584+0000] {subprocess.py:75} INFO - Running command: ['/usr/bin/bash', '-c', 'cd /opt/airflow/dags/transforms/ && dbt run --select fifa_world_cup_finals']
[2025-11-09T18:08:25.599+0000] {subprocess.py:86} INFO - Output:
[2025-11-09T18:08:25.603+0000] {subprocess.py:93} INFO - /usr/bin/bash: line 1: dbt: command not found
[2025-11-09T18:08:25.604+0000] {subprocess.py:97} INFO - Command exited with return code 127
[2025-11-09T18:08:25.616+0000] {taskinstance.py:2698} ERROR - Task failed with exception
Traceback (most recent call last):
  File "/home/airflow/.local/lib/python3.8/site-packages/airflow/models/taskinstance.py", line 433, in _execute_task
    result = execute_callable(context=context, **execute_callable_kwargs)
  File "/home/airflow/.local/lib/python3.8/site-packages/airflow/operators/bash.py", line 212, in execute
    raise AirflowException(
airflow.exceptions.AirflowException: Bash command failed. The command returned a non-zero exit code 127.
[2025-11-09T18:08:25.619+0000] {taskinstance.py:1138} INFO - Marking task as UP_FOR_RETRY. dag_id=fifa_world_cup_finals_etl, task_id=dbt_run_fifa_world_cup_finals, execution_date=20251102T000000, start_date=20251109T180825, end_date=20251109T180825
[2025-11-09T18:08:25.629+0000] {standard_task_runner.py:107} ERROR - Failed to execute job 4 for task dbt_run_fifa_world_cup_finals (Bash command failed. The command returned a non-zero exit code 127.; 188)
[2025-11-09T18:08:25.667+0000] {local_task_job_runner.py:234} INFO - Task exited with return code 1
[2025-11-09T18:08:25.684+0000] {taskinstance.py:3280} INFO - 0 downstream tasks scheduled from follow-on schedule check
[2025-11-09T18:23:49.781+0000] {taskinstance.py:1956} INFO - Dependencies all met for dep_context=non-requeueable deps ti=<TaskInstance: fifa_world_cup_finals_etl.dbt_run_fifa_world_cup_finals scheduled__2025-11-02T00:00:00+00:00 [queued]>
[2025-11-09T18:23:49.788+0000] {taskinstance.py:1956} INFO - Dependencies all met for dep_context=requeueable deps ti=<TaskInstance: fifa_world_cup_finals_etl.dbt_run_fifa_world_cup_finals scheduled__2025-11-02T00:00:00+00:00 [queued]>
[2025-11-09T18:23:49.788+0000] {taskinstance.py:2170} INFO - Starting attempt 1 of 2
[2025-11-09T18:23:49.799+0000] {taskinstance.py:2191} INFO - Executing <Task(BashOperator): dbt_run_fifa_world_cup_finals> on 2025-11-02 00:00:00+00:00
[2025-11-09T18:23:49.806+0000] {standard_task_runner.py:60} INFO - Started process 191 to run task
[2025-11-09T18:23:49.809+0000] {standard_task_runner.py:87} INFO - Running: ['airflow', 'tasks', 'run', 'fifa_world_cup_finals_etl', 'dbt_run_fifa_world_cup_finals', 'scheduled__2025-11-02T00:00:00+00:00', '--job-id', '5', '--raw', '--subdir', 'DAGS_FOLDER/dag_final.py', '--cfg-path', '/tmp/tmp9fukvcfa']
[2025-11-09T18:23:49.812+0000] {standard_task_runner.py:88} INFO - Job 5: Subtask dbt_run_fifa_world_cup_finals
[2025-11-09T18:23:49.867+0000] {task_command.py:423} INFO - Running <TaskInstance: fifa_world_cup_finals_etl.dbt_run_fifa_world_cup_finals scheduled__2025-11-02T00:00:00+00:00 [running]> on host edd4eeb5abc1
[2025-11-09T18:23:49.941+0000] {taskinstance.py:2480} INFO - Exporting env vars: AIRFLOW_CTX_DAG_OWNER='airflow' AIRFLOW_CTX_DAG_ID='fifa_world_cup_finals_etl' AIRFLOW_CTX_TASK_ID='dbt_run_fifa_world_cup_finals' AIRFLOW_CTX_EXECUTION_DATE='2025-11-02T00:00:00+00:00' AIRFLOW_CTX_TRY_NUMBER='1' AIRFLOW_CTX_DAG_RUN_ID='scheduled__2025-11-02T00:00:00+00:00'
[2025-11-09T18:23:49.943+0000] {subprocess.py:63} INFO - Tmp dir root location: /tmp
[2025-11-09T18:23:49.944+0000] {subprocess.py:75} INFO - Running command: ['/usr/bin/bash', '-c', 'cd /opt/airflow/dags/transforms/ && dbt run --select fifa_world_cup_finals']
[2025-11-09T18:23:49.957+0000] {subprocess.py:86} INFO - Output:
[2025-11-09T18:23:49.961+0000] {subprocess.py:93} INFO - /usr/bin/bash: line 1: dbt: command not found
[2025-11-09T18:23:49.961+0000] {subprocess.py:97} INFO - Command exited with return code 127
[2025-11-09T18:23:49.973+0000] {taskinstance.py:2698} ERROR - Task failed with exception
Traceback (most recent call last):
  File "/home/airflow/.local/lib/python3.8/site-packages/airflow/models/taskinstance.py", line 433, in _execute_task
    result = execute_callable(context=context, **execute_callable_kwargs)
  File "/home/airflow/.local/lib/python3.8/site-packages/airflow/operators/bash.py", line 212, in execute
    raise AirflowException(
airflow.exceptions.AirflowException: Bash command failed. The command returned a non-zero exit code 127.
[2025-11-09T18:23:49.976+0000] {taskinstance.py:1138} INFO - Marking task as UP_FOR_RETRY. dag_id=fifa_world_cup_finals_etl, task_id=dbt_run_fifa_world_cup_finals, execution_date=20251102T000000, start_date=20251109T182349, end_date=20251109T182349
[2025-11-09T18:23:49.987+0000] {standard_task_runner.py:107} ERROR - Failed to execute job 5 for task dbt_run_fifa_world_cup_finals (Bash command failed. The command returned a non-zero exit code 127.; 191)
[2025-11-09T18:23:50.024+0000] {local_task_job_runner.py:234} INFO - Task exited with return code 1
[2025-11-09T18:23:50.040+0000] {taskinstance.py:3280} INFO - 0 downstream tasks scheduled from follow-on schedule check
[2025-11-09T18:29:28.849+0000] {taskinstance.py:1956} INFO - Dependencies all met for dep_context=non-requeueable deps ti=<TaskInstance: fifa_world_cup_finals_etl.dbt_run_fifa_world_cup_finals scheduled__2025-11-02T00:00:00+00:00 [queued]>
[2025-11-09T18:29:28.856+0000] {taskinstance.py:1956} INFO - Dependencies all met for dep_context=requeueable deps ti=<TaskInstance: fifa_world_cup_finals_etl.dbt_run_fifa_world_cup_finals scheduled__2025-11-02T00:00:00+00:00 [queued]>
[2025-11-09T18:29:28.857+0000] {taskinstance.py:2170} INFO - Starting attempt 1 of 2
[2025-11-09T18:29:28.867+0000] {taskinstance.py:2191} INFO - Executing <Task(BashOperator): dbt_run_fifa_world_cup_finals> on 2025-11-02 00:00:00+00:00
[2025-11-09T18:29:28.875+0000] {standard_task_runner.py:60} INFO - Started process 188 to run task
[2025-11-09T18:29:28.879+0000] {standard_task_runner.py:87} INFO - Running: ['airflow', 'tasks', 'run', 'fifa_world_cup_finals_etl', 'dbt_run_fifa_world_cup_finals', 'scheduled__2025-11-02T00:00:00+00:00', '--job-id', '4', '--raw', '--subdir', 'DAGS_FOLDER/dag_final.py', '--cfg-path', '/tmp/tmptm1oe3jh']
[2025-11-09T18:29:28.881+0000] {standard_task_runner.py:88} INFO - Job 4: Subtask dbt_run_fifa_world_cup_finals
[2025-11-09T18:29:28.929+0000] {task_command.py:423} INFO - Running <TaskInstance: fifa_world_cup_finals_etl.dbt_run_fifa_world_cup_finals scheduled__2025-11-02T00:00:00+00:00 [running]> on host 8dc57504298e
[2025-11-09T18:29:28.996+0000] {taskinstance.py:2480} INFO - Exporting env vars: AIRFLOW_CTX_DAG_OWNER='airflow' AIRFLOW_CTX_DAG_ID='fifa_world_cup_finals_etl' AIRFLOW_CTX_TASK_ID='dbt_run_fifa_world_cup_finals' AIRFLOW_CTX_EXECUTION_DATE='2025-11-02T00:00:00+00:00' AIRFLOW_CTX_TRY_NUMBER='1' AIRFLOW_CTX_DAG_RUN_ID='scheduled__2025-11-02T00:00:00+00:00'
[2025-11-09T18:29:28.997+0000] {subprocess.py:63} INFO - Tmp dir root location: /tmp
[2025-11-09T18:29:28.998+0000] {subprocess.py:75} INFO - Running command: ['/usr/bin/bash', '-c', 'cd /opt/airflow/dags/transforms && dbt run --select fifa_world_cup_finals']
[2025-11-09T18:29:29.013+0000] {subprocess.py:86} INFO - Output:
[2025-11-09T18:29:29.017+0000] {subprocess.py:93} INFO - /usr/bin/bash: line 1: dbt: command not found
[2025-11-09T18:29:29.018+0000] {subprocess.py:97} INFO - Command exited with return code 127
[2025-11-09T18:29:29.029+0000] {taskinstance.py:2698} ERROR - Task failed with exception
Traceback (most recent call last):
  File "/home/airflow/.local/lib/python3.8/site-packages/airflow/models/taskinstance.py", line 433, in _execute_task
    result = execute_callable(context=context, **execute_callable_kwargs)
  File "/home/airflow/.local/lib/python3.8/site-packages/airflow/operators/bash.py", line 212, in execute
    raise AirflowException(
airflow.exceptions.AirflowException: Bash command failed. The command returned a non-zero exit code 127.
[2025-11-09T18:29:29.032+0000] {taskinstance.py:1138} INFO - Marking task as UP_FOR_RETRY. dag_id=fifa_world_cup_finals_etl, task_id=dbt_run_fifa_world_cup_finals, execution_date=20251102T000000, start_date=20251109T182928, end_date=20251109T182929
[2025-11-09T18:29:29.041+0000] {standard_task_runner.py:107} ERROR - Failed to execute job 4 for task dbt_run_fifa_world_cup_finals (Bash command failed. The command returned a non-zero exit code 127.; 188)
[2025-11-09T18:29:29.055+0000] {local_task_job_runner.py:234} INFO - Task exited with return code 1
[2025-11-09T18:29:29.075+0000] {taskinstance.py:3280} INFO - 0 downstream tasks scheduled from follow-on schedule check
[2025-11-09T18:50:35.401+0000] {taskinstance.py:1956} INFO - Dependencies all met for dep_context=non-requeueable deps ti=<TaskInstance: fifa_world_cup_finals_etl.dbt_run_fifa_world_cup_finals scheduled__2025-11-02T00:00:00+00:00 [queued]>
[2025-11-09T18:50:35.409+0000] {taskinstance.py:1956} INFO - Dependencies all met for dep_context=requeueable deps ti=<TaskInstance: fifa_world_cup_finals_etl.dbt_run_fifa_world_cup_finals scheduled__2025-11-02T00:00:00+00:00 [queued]>
[2025-11-09T18:50:35.410+0000] {taskinstance.py:2170} INFO - Starting attempt 1 of 2
[2025-11-09T18:50:35.422+0000] {taskinstance.py:2191} INFO - Executing <Task(BashOperator): dbt_run_fifa_world_cup_finals> on 2025-11-02 00:00:00+00:00
[2025-11-09T18:50:35.430+0000] {standard_task_runner.py:60} INFO - Started process 221 to run task
[2025-11-09T18:50:35.434+0000] {standard_task_runner.py:87} INFO - Running: ['airflow', 'tasks', 'run', 'fifa_world_cup_finals_etl', 'dbt_run_fifa_world_cup_finals', 'scheduled__2025-11-02T00:00:00+00:00', '--job-id', '4', '--raw', '--subdir', 'DAGS_FOLDER/dag_final.py', '--cfg-path', '/tmp/tmprgj6xun3']
[2025-11-09T18:50:35.437+0000] {standard_task_runner.py:88} INFO - Job 4: Subtask dbt_run_fifa_world_cup_finals
[2025-11-09T18:50:35.490+0000] {task_command.py:423} INFO - Running <TaskInstance: fifa_world_cup_finals_etl.dbt_run_fifa_world_cup_finals scheduled__2025-11-02T00:00:00+00:00 [running]> on host 85c5b1bc04b7
[2025-11-09T18:50:35.567+0000] {taskinstance.py:2480} INFO - Exporting env vars: AIRFLOW_CTX_DAG_OWNER='airflow' AIRFLOW_CTX_DAG_ID='fifa_world_cup_finals_etl' AIRFLOW_CTX_TASK_ID='dbt_run_fifa_world_cup_finals' AIRFLOW_CTX_EXECUTION_DATE='2025-11-02T00:00:00+00:00' AIRFLOW_CTX_TRY_NUMBER='1' AIRFLOW_CTX_DAG_RUN_ID='scheduled__2025-11-02T00:00:00+00:00'
[2025-11-09T18:50:35.569+0000] {subprocess.py:63} INFO - Tmp dir root location: /tmp
[2025-11-09T18:50:35.571+0000] {subprocess.py:75} INFO - Running command: ['/usr/bin/bash', '-c', 'cd /opt/airflow/dags/transforms && dbt run --select fifa_world_cup_finals']
[2025-11-09T18:50:35.587+0000] {subprocess.py:86} INFO - Output:
[2025-11-09T18:50:35.591+0000] {subprocess.py:93} INFO - /usr/bin/bash: line 1: dbt: command not found
[2025-11-09T18:50:35.591+0000] {subprocess.py:97} INFO - Command exited with return code 127
[2025-11-09T18:50:35.604+0000] {taskinstance.py:2698} ERROR - Task failed with exception
Traceback (most recent call last):
  File "/home/airflow/.local/lib/python3.8/site-packages/airflow/models/taskinstance.py", line 433, in _execute_task
    result = execute_callable(context=context, **execute_callable_kwargs)
  File "/home/airflow/.local/lib/python3.8/site-packages/airflow/operators/bash.py", line 212, in execute
    raise AirflowException(
airflow.exceptions.AirflowException: Bash command failed. The command returned a non-zero exit code 127.
[2025-11-09T18:50:35.606+0000] {taskinstance.py:1138} INFO - Marking task as UP_FOR_RETRY. dag_id=fifa_world_cup_finals_etl, task_id=dbt_run_fifa_world_cup_finals, execution_date=20251102T000000, start_date=20251109T185035, end_date=20251109T185035
[2025-11-09T18:50:35.617+0000] {standard_task_runner.py:107} ERROR - Failed to execute job 4 for task dbt_run_fifa_world_cup_finals (Bash command failed. The command returned a non-zero exit code 127.; 221)
[2025-11-09T18:50:35.655+0000] {local_task_job_runner.py:234} INFO - Task exited with return code 1
[2025-11-09T18:50:35.672+0000] {taskinstance.py:3280} INFO - 0 downstream tasks scheduled from follow-on schedule check
[2025-11-09T19:08:34.073+0000] {taskinstance.py:1956} INFO - Dependencies all met for dep_context=non-requeueable deps ti=<TaskInstance: fifa_world_cup_finals_etl.dbt_run_fifa_world_cup_finals scheduled__2025-11-02T00:00:00+00:00 [queued]>
[2025-11-09T19:08:34.080+0000] {taskinstance.py:1956} INFO - Dependencies all met for dep_context=requeueable deps ti=<TaskInstance: fifa_world_cup_finals_etl.dbt_run_fifa_world_cup_finals scheduled__2025-11-02T00:00:00+00:00 [queued]>
[2025-11-09T19:08:34.080+0000] {taskinstance.py:2170} INFO - Starting attempt 1 of 2
[2025-11-09T19:08:34.091+0000] {taskinstance.py:2191} INFO - Executing <Task(BashOperator): dbt_run_fifa_world_cup_finals> on 2025-11-02 00:00:00+00:00
[2025-11-09T19:08:34.098+0000] {standard_task_runner.py:60} INFO - Started process 193 to run task
[2025-11-09T19:08:34.101+0000] {standard_task_runner.py:87} INFO - Running: ['airflow', 'tasks', 'run', 'fifa_world_cup_finals_etl', 'dbt_run_fifa_world_cup_finals', 'scheduled__2025-11-02T00:00:00+00:00', '--job-id', '4', '--raw', '--subdir', 'DAGS_FOLDER/dag_final.py', '--cfg-path', '/tmp/tmp_du3gkmp']
[2025-11-09T19:08:34.103+0000] {standard_task_runner.py:88} INFO - Job 4: Subtask dbt_run_fifa_world_cup_finals
[2025-11-09T19:08:34.159+0000] {task_command.py:423} INFO - Running <TaskInstance: fifa_world_cup_finals_etl.dbt_run_fifa_world_cup_finals scheduled__2025-11-02T00:00:00+00:00 [running]> on host 2cbda51e3581
[2025-11-09T19:08:34.237+0000] {taskinstance.py:2480} INFO - Exporting env vars: AIRFLOW_CTX_DAG_OWNER='airflow' AIRFLOW_CTX_DAG_ID='fifa_world_cup_finals_etl' AIRFLOW_CTX_TASK_ID='dbt_run_fifa_world_cup_finals' AIRFLOW_CTX_EXECUTION_DATE='2025-11-02T00:00:00+00:00' AIRFLOW_CTX_TRY_NUMBER='1' AIRFLOW_CTX_DAG_RUN_ID='scheduled__2025-11-02T00:00:00+00:00'
[2025-11-09T19:08:34.239+0000] {subprocess.py:63} INFO - Tmp dir root location: /tmp
[2025-11-09T19:08:34.240+0000] {subprocess.py:75} INFO - Running command: ['/usr/bin/bash', '-c', 'cd /opt/airflow/dags/transforms && dbt run --select fifa_world_cup_finals']
[2025-11-09T19:08:34.254+0000] {subprocess.py:86} INFO - Output:
[2025-11-09T19:08:34.258+0000] {subprocess.py:93} INFO - /usr/bin/bash: line 1: dbt: command not found
[2025-11-09T19:08:34.258+0000] {subprocess.py:97} INFO - Command exited with return code 127
[2025-11-09T19:08:34.270+0000] {taskinstance.py:2698} ERROR - Task failed with exception
Traceback (most recent call last):
  File "/home/airflow/.local/lib/python3.8/site-packages/airflow/models/taskinstance.py", line 433, in _execute_task
    result = execute_callable(context=context, **execute_callable_kwargs)
  File "/home/airflow/.local/lib/python3.8/site-packages/airflow/operators/bash.py", line 212, in execute
    raise AirflowException(
airflow.exceptions.AirflowException: Bash command failed. The command returned a non-zero exit code 127.
[2025-11-09T19:08:34.273+0000] {taskinstance.py:1138} INFO - Marking task as UP_FOR_RETRY. dag_id=fifa_world_cup_finals_etl, task_id=dbt_run_fifa_world_cup_finals, execution_date=20251102T000000, start_date=20251109T190834, end_date=20251109T190834
[2025-11-09T19:08:34.283+0000] {standard_task_runner.py:107} ERROR - Failed to execute job 4 for task dbt_run_fifa_world_cup_finals (Bash command failed. The command returned a non-zero exit code 127.; 193)
[2025-11-09T19:08:34.329+0000] {local_task_job_runner.py:234} INFO - Task exited with return code 1
[2025-11-09T19:08:34.346+0000] {taskinstance.py:3280} INFO - 0 downstream tasks scheduled from follow-on schedule check
[2025-11-09T19:25:16.406+0000] {taskinstance.py:1956} INFO - Dependencies all met for dep_context=non-requeueable deps ti=<TaskInstance: fifa_world_cup_finals_etl.dbt_run_fifa_world_cup_finals scheduled__2025-11-02T00:00:00+00:00 [queued]>
[2025-11-09T19:25:16.413+0000] {taskinstance.py:1956} INFO - Dependencies all met for dep_context=requeueable deps ti=<TaskInstance: fifa_world_cup_finals_etl.dbt_run_fifa_world_cup_finals scheduled__2025-11-02T00:00:00+00:00 [queued]>
[2025-11-09T19:25:16.414+0000] {taskinstance.py:2170} INFO - Starting attempt 1 of 2
[2025-11-09T19:25:16.425+0000] {taskinstance.py:2191} INFO - Executing <Task(BashOperator): dbt_run_fifa_world_cup_finals> on 2025-11-02 00:00:00+00:00
[2025-11-09T19:25:16.432+0000] {standard_task_runner.py:60} INFO - Started process 345 to run task
[2025-11-09T19:25:16.435+0000] {standard_task_runner.py:87} INFO - Running: ['airflow', 'tasks', 'run', 'fifa_world_cup_finals_etl', 'dbt_run_fifa_world_cup_finals', 'scheduled__2025-11-02T00:00:00+00:00', '--job-id', '7', '--raw', '--subdir', 'DAGS_FOLDER/dag_final.py', '--cfg-path', '/tmp/tmpmnl0rpdd']
[2025-11-09T19:25:16.437+0000] {standard_task_runner.py:88} INFO - Job 7: Subtask dbt_run_fifa_world_cup_finals
[2025-11-09T19:25:16.493+0000] {task_command.py:423} INFO - Running <TaskInstance: fifa_world_cup_finals_etl.dbt_run_fifa_world_cup_finals scheduled__2025-11-02T00:00:00+00:00 [running]> on host 91f49762ba45
[2025-11-09T19:25:16.562+0000] {taskinstance.py:2480} INFO - Exporting env vars: AIRFLOW_CTX_DAG_OWNER='airflow' AIRFLOW_CTX_DAG_ID='fifa_world_cup_finals_etl' AIRFLOW_CTX_TASK_ID='dbt_run_fifa_world_cup_finals' AIRFLOW_CTX_EXECUTION_DATE='2025-11-02T00:00:00+00:00' AIRFLOW_CTX_TRY_NUMBER='1' AIRFLOW_CTX_DAG_RUN_ID='scheduled__2025-11-02T00:00:00+00:00'
[2025-11-09T19:25:16.563+0000] {subprocess.py:63} INFO - Tmp dir root location: /tmp
[2025-11-09T19:25:16.564+0000] {subprocess.py:75} INFO - Running command: ['/usr/bin/bash', '-c', 'cd /opt/airflow/dags/transforms && dbt run --select fifa_world_cup_finals']
[2025-11-09T19:25:16.578+0000] {subprocess.py:86} INFO - Output:
[2025-11-09T19:25:16.581+0000] {subprocess.py:93} INFO - /usr/bin/bash: line 1: dbt: command not found
[2025-11-09T19:25:16.582+0000] {subprocess.py:97} INFO - Command exited with return code 127
[2025-11-09T19:25:16.594+0000] {taskinstance.py:2698} ERROR - Task failed with exception
Traceback (most recent call last):
  File "/home/airflow/.local/lib/python3.8/site-packages/airflow/models/taskinstance.py", line 433, in _execute_task
    result = execute_callable(context=context, **execute_callable_kwargs)
  File "/home/airflow/.local/lib/python3.8/site-packages/airflow/operators/bash.py", line 212, in execute
    raise AirflowException(
airflow.exceptions.AirflowException: Bash command failed. The command returned a non-zero exit code 127.
[2025-11-09T19:25:16.596+0000] {taskinstance.py:1138} INFO - Marking task as UP_FOR_RETRY. dag_id=fifa_world_cup_finals_etl, task_id=dbt_run_fifa_world_cup_finals, execution_date=20251102T000000, start_date=20251109T192516, end_date=20251109T192516
[2025-11-09T19:25:16.607+0000] {standard_task_runner.py:107} ERROR - Failed to execute job 7 for task dbt_run_fifa_world_cup_finals (Bash command failed. The command returned a non-zero exit code 127.; 345)
[2025-11-09T19:25:16.654+0000] {local_task_job_runner.py:234} INFO - Task exited with return code 1
[2025-11-09T19:25:16.670+0000] {taskinstance.py:3280} INFO - 0 downstream tasks scheduled from follow-on schedule check
[2025-11-09T19:29:45.102+0000] {taskinstance.py:1956} INFO - Dependencies all met for dep_context=non-requeueable deps ti=<TaskInstance: fifa_world_cup_finals_etl.dbt_run_fifa_world_cup_finals scheduled__2025-11-02T00:00:00+00:00 [queued]>
[2025-11-09T19:29:45.109+0000] {taskinstance.py:1956} INFO - Dependencies all met for dep_context=requeueable deps ti=<TaskInstance: fifa_world_cup_finals_etl.dbt_run_fifa_world_cup_finals scheduled__2025-11-02T00:00:00+00:00 [queued]>
[2025-11-09T19:29:45.110+0000] {taskinstance.py:2170} INFO - Starting attempt 1 of 2
[2025-11-09T19:29:45.121+0000] {taskinstance.py:2191} INFO - Executing <Task(BashOperator): dbt_run_fifa_world_cup_finals> on 2025-11-02 00:00:00+00:00
[2025-11-09T19:29:45.131+0000] {standard_task_runner.py:60} INFO - Started process 197 to run task
[2025-11-09T19:29:45.135+0000] {standard_task_runner.py:87} INFO - Running: ['airflow', 'tasks', 'run', 'fifa_world_cup_finals_etl', 'dbt_run_fifa_world_cup_finals', 'scheduled__2025-11-02T00:00:00+00:00', '--job-id', '4', '--raw', '--subdir', 'DAGS_FOLDER/dag_final.py', '--cfg-path', '/tmp/tmp4c2fj2jy']
[2025-11-09T19:29:45.138+0000] {standard_task_runner.py:88} INFO - Job 4: Subtask dbt_run_fifa_world_cup_finals
[2025-11-09T19:29:45.194+0000] {task_command.py:423} INFO - Running <TaskInstance: fifa_world_cup_finals_etl.dbt_run_fifa_world_cup_finals scheduled__2025-11-02T00:00:00+00:00 [running]> on host 8d6448de5e2c
[2025-11-09T19:29:45.272+0000] {taskinstance.py:2480} INFO - Exporting env vars: AIRFLOW_CTX_DAG_OWNER='airflow' AIRFLOW_CTX_DAG_ID='fifa_world_cup_finals_etl' AIRFLOW_CTX_TASK_ID='dbt_run_fifa_world_cup_finals' AIRFLOW_CTX_EXECUTION_DATE='2025-11-02T00:00:00+00:00' AIRFLOW_CTX_TRY_NUMBER='1' AIRFLOW_CTX_DAG_RUN_ID='scheduled__2025-11-02T00:00:00+00:00'
[2025-11-09T19:29:45.274+0000] {subprocess.py:63} INFO - Tmp dir root location: /tmp
[2025-11-09T19:29:45.275+0000] {subprocess.py:75} INFO - Running command: ['/usr/bin/bash', '-c', 'cd /opt/airflow/dags/transforms && /home/airflow/.local/bin/dbt run --select fifa_world_cup_finals']
[2025-11-09T19:29:45.290+0000] {subprocess.py:86} INFO - Output:
[2025-11-09T19:29:45.294+0000] {subprocess.py:93} INFO - /usr/bin/bash: line 1: /home/airflow/.local/bin/dbt: No such file or directory
[2025-11-09T19:29:45.295+0000] {subprocess.py:97} INFO - Command exited with return code 127
[2025-11-09T19:29:45.307+0000] {taskinstance.py:2698} ERROR - Task failed with exception
Traceback (most recent call last):
  File "/home/airflow/.local/lib/python3.8/site-packages/airflow/models/taskinstance.py", line 433, in _execute_task
    result = execute_callable(context=context, **execute_callable_kwargs)
  File "/home/airflow/.local/lib/python3.8/site-packages/airflow/operators/bash.py", line 212, in execute
    raise AirflowException(
airflow.exceptions.AirflowException: Bash command failed. The command returned a non-zero exit code 127.
[2025-11-09T19:29:45.311+0000] {taskinstance.py:1138} INFO - Marking task as UP_FOR_RETRY. dag_id=fifa_world_cup_finals_etl, task_id=dbt_run_fifa_world_cup_finals, execution_date=20251102T000000, start_date=20251109T192945, end_date=20251109T192945
[2025-11-09T19:29:45.321+0000] {standard_task_runner.py:107} ERROR - Failed to execute job 4 for task dbt_run_fifa_world_cup_finals (Bash command failed. The command returned a non-zero exit code 127.; 197)
[2025-11-09T19:29:45.353+0000] {local_task_job_runner.py:234} INFO - Task exited with return code 1
[2025-11-09T19:29:45.371+0000] {taskinstance.py:3280} INFO - 0 downstream tasks scheduled from follow-on schedule check
[2025-11-09T19:45:38.866+0000] {taskinstance.py:1956} INFO - Dependencies all met for dep_context=non-requeueable deps ti=<TaskInstance: fifa_world_cup_finals_etl.dbt_run_fifa_world_cup_finals scheduled__2025-11-02T00:00:00+00:00 [queued]>
[2025-11-09T19:45:38.872+0000] {taskinstance.py:1956} INFO - Dependencies all met for dep_context=requeueable deps ti=<TaskInstance: fifa_world_cup_finals_etl.dbt_run_fifa_world_cup_finals scheduled__2025-11-02T00:00:00+00:00 [queued]>
[2025-11-09T19:45:38.873+0000] {taskinstance.py:2170} INFO - Starting attempt 1 of 2
[2025-11-09T19:45:38.883+0000] {taskinstance.py:2191} INFO - Executing <Task(BashOperator): dbt_run_fifa_world_cup_finals> on 2025-11-02 00:00:00+00:00
[2025-11-09T19:45:38.893+0000] {standard_task_runner.py:60} INFO - Started process 395 to run task
[2025-11-09T19:45:38.898+0000] {standard_task_runner.py:87} INFO - Running: ['airflow', 'tasks', 'run', 'fifa_world_cup_finals_etl', 'dbt_run_fifa_world_cup_finals', 'scheduled__2025-11-02T00:00:00+00:00', '--job-id', '6', '--raw', '--subdir', 'DAGS_FOLDER/dag_final.py', '--cfg-path', '/tmp/tmpyw4_r_pc']
[2025-11-09T19:45:38.900+0000] {standard_task_runner.py:88} INFO - Job 6: Subtask dbt_run_fifa_world_cup_finals
[2025-11-09T19:45:38.957+0000] {task_command.py:423} INFO - Running <TaskInstance: fifa_world_cup_finals_etl.dbt_run_fifa_world_cup_finals scheduled__2025-11-02T00:00:00+00:00 [running]> on host 16b9eea7447b
[2025-11-09T19:45:39.026+0000] {taskinstance.py:2480} INFO - Exporting env vars: AIRFLOW_CTX_DAG_OWNER='airflow' AIRFLOW_CTX_DAG_ID='fifa_world_cup_finals_etl' AIRFLOW_CTX_TASK_ID='dbt_run_fifa_world_cup_finals' AIRFLOW_CTX_EXECUTION_DATE='2025-11-02T00:00:00+00:00' AIRFLOW_CTX_TRY_NUMBER='1' AIRFLOW_CTX_DAG_RUN_ID='scheduled__2025-11-02T00:00:00+00:00'
[2025-11-09T19:45:39.027+0000] {subprocess.py:63} INFO - Tmp dir root location: /tmp
[2025-11-09T19:45:39.028+0000] {subprocess.py:75} INFO - Running command: ['/usr/bin/bash', '-c', 'DBT_BIN=$(which dbt || echo "/home/airflow/.local/bin/dbt") && cd /opt/airflow/dags/transforms && $DBT_BIN run --select fifa_world_cup_finals']
[2025-11-09T19:45:39.041+0000] {subprocess.py:86} INFO - Output:
[2025-11-09T19:45:39.048+0000] {subprocess.py:93} INFO - /usr/bin/bash: line 1: /home/airflow/.local/bin/dbt: No such file or directory
[2025-11-09T19:45:39.048+0000] {subprocess.py:97} INFO - Command exited with return code 127
[2025-11-09T19:45:39.060+0000] {taskinstance.py:2698} ERROR - Task failed with exception
Traceback (most recent call last):
  File "/home/airflow/.local/lib/python3.8/site-packages/airflow/models/taskinstance.py", line 433, in _execute_task
    result = execute_callable(context=context, **execute_callable_kwargs)
  File "/home/airflow/.local/lib/python3.8/site-packages/airflow/operators/bash.py", line 212, in execute
    raise AirflowException(
airflow.exceptions.AirflowException: Bash command failed. The command returned a non-zero exit code 127.
[2025-11-09T19:45:39.063+0000] {taskinstance.py:1138} INFO - Marking task as UP_FOR_RETRY. dag_id=fifa_world_cup_finals_etl, task_id=dbt_run_fifa_world_cup_finals, execution_date=20251102T000000, start_date=20251109T194538, end_date=20251109T194539
[2025-11-09T19:45:39.073+0000] {standard_task_runner.py:107} ERROR - Failed to execute job 6 for task dbt_run_fifa_world_cup_finals (Bash command failed. The command returned a non-zero exit code 127.; 395)
[2025-11-09T19:45:39.115+0000] {local_task_job_runner.py:234} INFO - Task exited with return code 1
[2025-11-09T19:45:39.131+0000] {taskinstance.py:3280} INFO - 0 downstream tasks scheduled from follow-on schedule check
[2025-11-09T19:59:00.572+0000] {taskinstance.py:1956} INFO - Dependencies all met for dep_context=non-requeueable deps ti=<TaskInstance: fifa_world_cup_finals_etl.dbt_run_fifa_world_cup_finals scheduled__2025-11-02T00:00:00+00:00 [queued]>
[2025-11-09T19:59:00.578+0000] {taskinstance.py:1956} INFO - Dependencies all met for dep_context=requeueable deps ti=<TaskInstance: fifa_world_cup_finals_etl.dbt_run_fifa_world_cup_finals scheduled__2025-11-02T00:00:00+00:00 [queued]>
[2025-11-09T19:59:00.578+0000] {taskinstance.py:2170} INFO - Starting attempt 1 of 2
[2025-11-09T19:59:00.589+0000] {taskinstance.py:2191} INFO - Executing <Task(BashOperator): dbt_run_fifa_world_cup_finals> on 2025-11-02 00:00:00+00:00
[2025-11-09T19:59:00.597+0000] {standard_task_runner.py:60} INFO - Started process 243 to run task
[2025-11-09T19:59:00.600+0000] {standard_task_runner.py:87} INFO - Running: ['airflow', 'tasks', 'run', 'fifa_world_cup_finals_etl', 'dbt_run_fifa_world_cup_finals', 'scheduled__2025-11-02T00:00:00+00:00', '--job-id', '7', '--raw', '--subdir', 'DAGS_FOLDER/dag_final.py', '--cfg-path', '/tmp/tmp3tppco4t']
[2025-11-09T19:59:00.602+0000] {standard_task_runner.py:88} INFO - Job 7: Subtask dbt_run_fifa_world_cup_finals
[2025-11-09T19:59:00.653+0000] {task_command.py:423} INFO - Running <TaskInstance: fifa_world_cup_finals_etl.dbt_run_fifa_world_cup_finals scheduled__2025-11-02T00:00:00+00:00 [running]> on host 34ca043c4ede
[2025-11-09T19:59:00.721+0000] {taskinstance.py:2480} INFO - Exporting env vars: AIRFLOW_CTX_DAG_OWNER='airflow' AIRFLOW_CTX_DAG_ID='fifa_world_cup_finals_etl' AIRFLOW_CTX_TASK_ID='dbt_run_fifa_world_cup_finals' AIRFLOW_CTX_EXECUTION_DATE='2025-11-02T00:00:00+00:00' AIRFLOW_CTX_TRY_NUMBER='1' AIRFLOW_CTX_DAG_RUN_ID='scheduled__2025-11-02T00:00:00+00:00'
[2025-11-09T19:59:00.723+0000] {subprocess.py:63} INFO - Tmp dir root location: /tmp
[2025-11-09T19:59:00.725+0000] {subprocess.py:75} INFO - Running command: ['/usr/bin/bash', '-c', 'DBT_BIN=$(which dbt || echo "/home/airflow/.local/bin/dbt") && cd /opt/airflow/dags/transforms && $DBT_BIN run --select fifa_world_cup_finals']
[2025-11-09T19:59:00.738+0000] {subprocess.py:86} INFO - Output:
[2025-11-09T19:59:00.744+0000] {subprocess.py:93} INFO - /usr/bin/bash: line 1: /home/airflow/.local/bin/dbt: No such file or directory
[2025-11-09T19:59:00.745+0000] {subprocess.py:97} INFO - Command exited with return code 127
[2025-11-09T19:59:00.757+0000] {taskinstance.py:2698} ERROR - Task failed with exception
Traceback (most recent call last):
  File "/home/airflow/.local/lib/python3.8/site-packages/airflow/models/taskinstance.py", line 433, in _execute_task
    result = execute_callable(context=context, **execute_callable_kwargs)
  File "/home/airflow/.local/lib/python3.8/site-packages/airflow/operators/bash.py", line 212, in execute
    raise AirflowException(
airflow.exceptions.AirflowException: Bash command failed. The command returned a non-zero exit code 127.
[2025-11-09T19:59:00.760+0000] {taskinstance.py:1138} INFO - Marking task as UP_FOR_RETRY. dag_id=fifa_world_cup_finals_etl, task_id=dbt_run_fifa_world_cup_finals, execution_date=20251102T000000, start_date=20251109T195900, end_date=20251109T195900
[2025-11-09T19:59:00.769+0000] {standard_task_runner.py:107} ERROR - Failed to execute job 7 for task dbt_run_fifa_world_cup_finals (Bash command failed. The command returned a non-zero exit code 127.; 243)
[2025-11-09T19:59:00.818+0000] {local_task_job_runner.py:234} INFO - Task exited with return code 1
[2025-11-09T19:59:00.836+0000] {taskinstance.py:3280} INFO - 0 downstream tasks scheduled from follow-on schedule check
[2025-11-09T20:09:03.467+0000] {taskinstance.py:1956} INFO - Dependencies all met for dep_context=non-requeueable deps ti=<TaskInstance: fifa_world_cup_finals_etl.dbt_run_fifa_world_cup_finals scheduled__2025-11-02T00:00:00+00:00 [queued]>
[2025-11-09T20:09:03.474+0000] {taskinstance.py:1956} INFO - Dependencies all met for dep_context=requeueable deps ti=<TaskInstance: fifa_world_cup_finals_etl.dbt_run_fifa_world_cup_finals scheduled__2025-11-02T00:00:00+00:00 [queued]>
[2025-11-09T20:09:03.474+0000] {taskinstance.py:2170} INFO - Starting attempt 1 of 2
[2025-11-09T20:09:03.488+0000] {taskinstance.py:2191} INFO - Executing <Task(BashOperator): dbt_run_fifa_world_cup_finals> on 2025-11-02 00:00:00+00:00
[2025-11-09T20:09:03.498+0000] {standard_task_runner.py:60} INFO - Started process 318 to run task
[2025-11-09T20:09:03.514+0000] {standard_task_runner.py:87} INFO - Running: ['airflow', 'tasks', 'run', 'fifa_world_cup_finals_etl', 'dbt_run_fifa_world_cup_finals', 'scheduled__2025-11-02T00:00:00+00:00', '--job-id', '7', '--raw', '--subdir', 'DAGS_FOLDER/dag_final.py', '--cfg-path', '/tmp/tmpe4qrnfns']
[2025-11-09T20:09:03.519+0000] {standard_task_runner.py:88} INFO - Job 7: Subtask dbt_run_fifa_world_cup_finals
[2025-11-09T20:09:03.602+0000] {task_command.py:423} INFO - Running <TaskInstance: fifa_world_cup_finals_etl.dbt_run_fifa_world_cup_finals scheduled__2025-11-02T00:00:00+00:00 [running]> on host eec2b59dccb3
[2025-11-09T20:09:03.695+0000] {taskinstance.py:2480} INFO - Exporting env vars: AIRFLOW_CTX_DAG_OWNER='airflow' AIRFLOW_CTX_DAG_ID='fifa_world_cup_finals_etl' AIRFLOW_CTX_TASK_ID='dbt_run_fifa_world_cup_finals' AIRFLOW_CTX_EXECUTION_DATE='2025-11-02T00:00:00+00:00' AIRFLOW_CTX_TRY_NUMBER='1' AIRFLOW_CTX_DAG_RUN_ID='scheduled__2025-11-02T00:00:00+00:00'
[2025-11-09T20:09:03.697+0000] {subprocess.py:63} INFO - Tmp dir root location: /tmp
[2025-11-09T20:09:03.699+0000] {subprocess.py:75} INFO - Running command: ['/usr/bin/bash', '-c', 'cd /opt/airflow/dags/transforms && dbt run --select fifa_world_cup_finals']
[2025-11-09T20:09:03.717+0000] {subprocess.py:86} INFO - Output:
[2025-11-09T20:09:03.720+0000] {subprocess.py:93} INFO - /usr/bin/bash: line 1: dbt: command not found
[2025-11-09T20:09:03.721+0000] {subprocess.py:97} INFO - Command exited with return code 127
[2025-11-09T20:09:03.735+0000] {taskinstance.py:2698} ERROR - Task failed with exception
Traceback (most recent call last):
  File "/home/airflow/.local/lib/python3.8/site-packages/airflow/models/taskinstance.py", line 433, in _execute_task
    result = execute_callable(context=context, **execute_callable_kwargs)
  File "/home/airflow/.local/lib/python3.8/site-packages/airflow/operators/bash.py", line 212, in execute
    raise AirflowException(
airflow.exceptions.AirflowException: Bash command failed. The command returned a non-zero exit code 127.
[2025-11-09T20:09:03.738+0000] {taskinstance.py:1138} INFO - Marking task as UP_FOR_RETRY. dag_id=fifa_world_cup_finals_etl, task_id=dbt_run_fifa_world_cup_finals, execution_date=20251102T000000, start_date=20251109T200903, end_date=20251109T200903
[2025-11-09T20:09:03.749+0000] {standard_task_runner.py:107} ERROR - Failed to execute job 7 for task dbt_run_fifa_world_cup_finals (Bash command failed. The command returned a non-zero exit code 127.; 318)
[2025-11-09T20:09:03.763+0000] {local_task_job_runner.py:234} INFO - Task exited with return code 1
[2025-11-09T20:09:03.792+0000] {taskinstance.py:3280} INFO - 0 downstream tasks scheduled from follow-on schedule check
[2025-11-09T20:11:56.906+0000] {taskinstance.py:1956} INFO - Dependencies all met for dep_context=non-requeueable deps ti=<TaskInstance: fifa_world_cup_finals_etl.dbt_run_fifa_world_cup_finals scheduled__2025-11-02T00:00:00+00:00 [queued]>
[2025-11-09T20:11:56.912+0000] {taskinstance.py:1956} INFO - Dependencies all met for dep_context=requeueable deps ti=<TaskInstance: fifa_world_cup_finals_etl.dbt_run_fifa_world_cup_finals scheduled__2025-11-02T00:00:00+00:00 [queued]>
[2025-11-09T20:11:56.912+0000] {taskinstance.py:2170} INFO - Starting attempt 1 of 2
[2025-11-09T20:11:56.923+0000] {taskinstance.py:2191} INFO - Executing <Task(BashOperator): dbt_run_fifa_world_cup_finals> on 2025-11-02 00:00:00+00:00
[2025-11-09T20:11:56.930+0000] {standard_task_runner.py:60} INFO - Started process 204 to run task
[2025-11-09T20:11:56.934+0000] {standard_task_runner.py:87} INFO - Running: ['airflow', 'tasks', 'run', 'fifa_world_cup_finals_etl', 'dbt_run_fifa_world_cup_finals', 'scheduled__2025-11-02T00:00:00+00:00', '--job-id', '6', '--raw', '--subdir', 'DAGS_FOLDER/dag_final.py', '--cfg-path', '/tmp/tmpy2m9jwv5']
[2025-11-09T20:11:56.936+0000] {standard_task_runner.py:88} INFO - Job 6: Subtask dbt_run_fifa_world_cup_finals
[2025-11-09T20:11:56.988+0000] {task_command.py:423} INFO - Running <TaskInstance: fifa_world_cup_finals_etl.dbt_run_fifa_world_cup_finals scheduled__2025-11-02T00:00:00+00:00 [running]> on host 66214067612d
[2025-11-09T20:11:57.063+0000] {taskinstance.py:2480} INFO - Exporting env vars: AIRFLOW_CTX_DAG_OWNER='airflow' AIRFLOW_CTX_DAG_ID='fifa_world_cup_finals_etl' AIRFLOW_CTX_TASK_ID='dbt_run_fifa_world_cup_finals' AIRFLOW_CTX_EXECUTION_DATE='2025-11-02T00:00:00+00:00' AIRFLOW_CTX_TRY_NUMBER='1' AIRFLOW_CTX_DAG_RUN_ID='scheduled__2025-11-02T00:00:00+00:00'
[2025-11-09T20:11:57.065+0000] {subprocess.py:63} INFO - Tmp dir root location: /tmp
[2025-11-09T20:11:57.066+0000] {subprocess.py:75} INFO - Running command: ['/usr/bin/bash', '-c', 'cd /opt/airflow/dags/transforms && dbt run --select fifa_world_cup_finals']
[2025-11-09T20:11:57.082+0000] {subprocess.py:86} INFO - Output:
[2025-11-09T20:11:57.086+0000] {subprocess.py:93} INFO - /usr/bin/bash: line 1: dbt: command not found
[2025-11-09T20:11:57.086+0000] {subprocess.py:97} INFO - Command exited with return code 127
[2025-11-09T20:11:57.098+0000] {taskinstance.py:2698} ERROR - Task failed with exception
Traceback (most recent call last):
  File "/home/airflow/.local/lib/python3.8/site-packages/airflow/models/taskinstance.py", line 433, in _execute_task
    result = execute_callable(context=context, **execute_callable_kwargs)
  File "/home/airflow/.local/lib/python3.8/site-packages/airflow/operators/bash.py", line 212, in execute
    raise AirflowException(
airflow.exceptions.AirflowException: Bash command failed. The command returned a non-zero exit code 127.
[2025-11-09T20:11:57.107+0000] {taskinstance.py:1138} INFO - Marking task as UP_FOR_RETRY. dag_id=fifa_world_cup_finals_etl, task_id=dbt_run_fifa_world_cup_finals, execution_date=20251102T000000, start_date=20251109T201156, end_date=20251109T201157
[2025-11-09T20:11:57.117+0000] {standard_task_runner.py:107} ERROR - Failed to execute job 6 for task dbt_run_fifa_world_cup_finals (Bash command failed. The command returned a non-zero exit code 127.; 204)
[2025-11-09T20:11:57.148+0000] {local_task_job_runner.py:234} INFO - Task exited with return code 1
[2025-11-09T20:11:57.166+0000] {taskinstance.py:3280} INFO - 0 downstream tasks scheduled from follow-on schedule check
[2025-11-09T20:21:01.343+0000] {taskinstance.py:1956} INFO - Dependencies all met for dep_context=non-requeueable deps ti=<TaskInstance: fifa_world_cup_finals_etl.dbt_run_fifa_world_cup_finals scheduled__2025-11-02T00:00:00+00:00 [queued]>
[2025-11-09T20:21:01.350+0000] {taskinstance.py:1956} INFO - Dependencies all met for dep_context=requeueable deps ti=<TaskInstance: fifa_world_cup_finals_etl.dbt_run_fifa_world_cup_finals scheduled__2025-11-02T00:00:00+00:00 [queued]>
[2025-11-09T20:21:01.350+0000] {taskinstance.py:2170} INFO - Starting attempt 1 of 2
[2025-11-09T20:21:01.362+0000] {taskinstance.py:2191} INFO - Executing <Task(BashOperator): dbt_run_fifa_world_cup_finals> on 2025-11-02 00:00:00+00:00
[2025-11-09T20:21:01.370+0000] {standard_task_runner.py:60} INFO - Started process 218 to run task
[2025-11-09T20:21:01.374+0000] {standard_task_runner.py:87} INFO - Running: ['airflow', 'tasks', 'run', 'fifa_world_cup_finals_etl', 'dbt_run_fifa_world_cup_finals', 'scheduled__2025-11-02T00:00:00+00:00', '--job-id', '6', '--raw', '--subdir', 'DAGS_FOLDER/dag_final.py', '--cfg-path', '/tmp/tmp7k831hmu']
[2025-11-09T20:21:01.377+0000] {standard_task_runner.py:88} INFO - Job 6: Subtask dbt_run_fifa_world_cup_finals
[2025-11-09T20:21:01.432+0000] {task_command.py:423} INFO - Running <TaskInstance: fifa_world_cup_finals_etl.dbt_run_fifa_world_cup_finals scheduled__2025-11-02T00:00:00+00:00 [running]> on host e812c784e240
[2025-11-09T20:21:01.532+0000] {taskinstance.py:2480} INFO - Exporting env vars: AIRFLOW_CTX_DAG_OWNER='airflow' AIRFLOW_CTX_DAG_ID='fifa_world_cup_finals_etl' AIRFLOW_CTX_TASK_ID='dbt_run_fifa_world_cup_finals' AIRFLOW_CTX_EXECUTION_DATE='2025-11-02T00:00:00+00:00' AIRFLOW_CTX_TRY_NUMBER='1' AIRFLOW_CTX_DAG_RUN_ID='scheduled__2025-11-02T00:00:00+00:00'
[2025-11-09T20:21:01.535+0000] {subprocess.py:63} INFO - Tmp dir root location: /tmp
[2025-11-09T20:21:01.536+0000] {subprocess.py:75} INFO - Running command: ['/usr/bin/bash', '-c', 'cd /opt/airflow/dags/transforms && dbt run --select fifa_world_cup_finals']
[2025-11-09T20:21:01.550+0000] {subprocess.py:86} INFO - Output:
[2025-11-09T20:21:01.554+0000] {subprocess.py:93} INFO - /usr/bin/bash: line 1: dbt: command not found
[2025-11-09T20:21:01.555+0000] {subprocess.py:97} INFO - Command exited with return code 127
[2025-11-09T20:21:01.567+0000] {taskinstance.py:2698} ERROR - Task failed with exception
Traceback (most recent call last):
  File "/home/airflow/.local/lib/python3.8/site-packages/airflow/models/taskinstance.py", line 433, in _execute_task
    result = execute_callable(context=context, **execute_callable_kwargs)
  File "/home/airflow/.local/lib/python3.8/site-packages/airflow/operators/bash.py", line 212, in execute
    raise AirflowException(
airflow.exceptions.AirflowException: Bash command failed. The command returned a non-zero exit code 127.
[2025-11-09T20:21:01.569+0000] {taskinstance.py:1138} INFO - Marking task as UP_FOR_RETRY. dag_id=fifa_world_cup_finals_etl, task_id=dbt_run_fifa_world_cup_finals, execution_date=20251102T000000, start_date=20251109T202101, end_date=20251109T202101
[2025-11-09T20:21:01.581+0000] {standard_task_runner.py:107} ERROR - Failed to execute job 6 for task dbt_run_fifa_world_cup_finals (Bash command failed. The command returned a non-zero exit code 127.; 218)
[2025-11-09T20:21:01.632+0000] {local_task_job_runner.py:234} INFO - Task exited with return code 1
[2025-11-09T20:21:01.648+0000] {taskinstance.py:3280} INFO - 0 downstream tasks scheduled from follow-on schedule check
[2025-11-09T20:25:00.531+0000] {taskinstance.py:1956} INFO - Dependencies all met for dep_context=non-requeueable deps ti=<TaskInstance: fifa_world_cup_finals_etl.dbt_run_fifa_world_cup_finals scheduled__2025-11-02T00:00:00+00:00 [queued]>
[2025-11-09T20:25:00.538+0000] {taskinstance.py:1956} INFO - Dependencies all met for dep_context=requeueable deps ti=<TaskInstance: fifa_world_cup_finals_etl.dbt_run_fifa_world_cup_finals scheduled__2025-11-02T00:00:00+00:00 [queued]>
[2025-11-09T20:25:00.538+0000] {taskinstance.py:2170} INFO - Starting attempt 1 of 2
[2025-11-09T20:25:00.550+0000] {taskinstance.py:2191} INFO - Executing <Task(BashOperator): dbt_run_fifa_world_cup_finals> on 2025-11-02 00:00:00+00:00
[2025-11-09T20:25:00.558+0000] {standard_task_runner.py:60} INFO - Started process 215 to run task
[2025-11-09T20:25:00.562+0000] {standard_task_runner.py:87} INFO - Running: ['airflow', 'tasks', 'run', 'fifa_world_cup_finals_etl', 'dbt_run_fifa_world_cup_finals', 'scheduled__2025-11-02T00:00:00+00:00', '--job-id', '6', '--raw', '--subdir', 'DAGS_FOLDER/dag_final.py', '--cfg-path', '/tmp/tmp1a06c6lm']
[2025-11-09T20:25:00.564+0000] {standard_task_runner.py:88} INFO - Job 6: Subtask dbt_run_fifa_world_cup_finals
[2025-11-09T20:25:00.623+0000] {task_command.py:423} INFO - Running <TaskInstance: fifa_world_cup_finals_etl.dbt_run_fifa_world_cup_finals scheduled__2025-11-02T00:00:00+00:00 [running]> on host 082e5be23dc3
[2025-11-09T20:25:00.698+0000] {taskinstance.py:2480} INFO - Exporting env vars: AIRFLOW_CTX_DAG_OWNER='airflow' AIRFLOW_CTX_DAG_ID='fifa_world_cup_finals_etl' AIRFLOW_CTX_TASK_ID='dbt_run_fifa_world_cup_finals' AIRFLOW_CTX_EXECUTION_DATE='2025-11-02T00:00:00+00:00' AIRFLOW_CTX_TRY_NUMBER='1' AIRFLOW_CTX_DAG_RUN_ID='scheduled__2025-11-02T00:00:00+00:00'
[2025-11-09T20:25:00.700+0000] {subprocess.py:63} INFO - Tmp dir root location: /tmp
[2025-11-09T20:25:00.701+0000] {subprocess.py:75} INFO - Running command: ['/usr/bin/bash', '-c', 'export PATH=$PATH:/usr/local/bin:/home/airflow/.local/bin && cd /opt/airflow/dags/transforms && dbt run --select fifa_world_cup_finals']
[2025-11-09T20:25:00.714+0000] {subprocess.py:86} INFO - Output:
[2025-11-09T20:25:00.718+0000] {subprocess.py:93} INFO - /usr/bin/bash: line 1: dbt: command not found
[2025-11-09T20:25:00.718+0000] {subprocess.py:97} INFO - Command exited with return code 127
[2025-11-09T20:25:00.731+0000] {taskinstance.py:2698} ERROR - Task failed with exception
Traceback (most recent call last):
  File "/home/airflow/.local/lib/python3.8/site-packages/airflow/models/taskinstance.py", line 433, in _execute_task
    result = execute_callable(context=context, **execute_callable_kwargs)
  File "/home/airflow/.local/lib/python3.8/site-packages/airflow/operators/bash.py", line 212, in execute
    raise AirflowException(
airflow.exceptions.AirflowException: Bash command failed. The command returned a non-zero exit code 127.
[2025-11-09T20:25:00.733+0000] {taskinstance.py:1138} INFO - Marking task as UP_FOR_RETRY. dag_id=fifa_world_cup_finals_etl, task_id=dbt_run_fifa_world_cup_finals, execution_date=20251102T000000, start_date=20251109T202500, end_date=20251109T202500
[2025-11-09T20:25:00.743+0000] {standard_task_runner.py:107} ERROR - Failed to execute job 6 for task dbt_run_fifa_world_cup_finals (Bash command failed. The command returned a non-zero exit code 127.; 215)
[2025-11-09T20:25:00.781+0000] {local_task_job_runner.py:234} INFO - Task exited with return code 1
[2025-11-09T20:25:00.798+0000] {taskinstance.py:3280} INFO - 0 downstream tasks scheduled from follow-on schedule check
[2025-11-09T20:28:06.644+0000] {taskinstance.py:1956} INFO - Dependencies all met for dep_context=non-requeueable deps ti=<TaskInstance: fifa_world_cup_finals_etl.dbt_run_fifa_world_cup_finals scheduled__2025-11-02T00:00:00+00:00 [queued]>
[2025-11-09T20:28:06.650+0000] {taskinstance.py:1956} INFO - Dependencies all met for dep_context=requeueable deps ti=<TaskInstance: fifa_world_cup_finals_etl.dbt_run_fifa_world_cup_finals scheduled__2025-11-02T00:00:00+00:00 [queued]>
[2025-11-09T20:28:06.650+0000] {taskinstance.py:2170} INFO - Starting attempt 1 of 2
[2025-11-09T20:28:06.662+0000] {taskinstance.py:2191} INFO - Executing <Task(BashOperator): dbt_run_fifa_world_cup_finals> on 2025-11-02 00:00:00+00:00
[2025-11-09T20:28:06.669+0000] {standard_task_runner.py:60} INFO - Started process 202 to run task
[2025-11-09T20:28:06.673+0000] {standard_task_runner.py:87} INFO - Running: ['airflow', 'tasks', 'run', 'fifa_world_cup_finals_etl', 'dbt_run_fifa_world_cup_finals', 'scheduled__2025-11-02T00:00:00+00:00', '--job-id', '4', '--raw', '--subdir', 'DAGS_FOLDER/dag_final.py', '--cfg-path', '/tmp/tmpmkkrdu_q']
[2025-11-09T20:28:06.675+0000] {standard_task_runner.py:88} INFO - Job 4: Subtask dbt_run_fifa_world_cup_finals
[2025-11-09T20:28:06.730+0000] {task_command.py:423} INFO - Running <TaskInstance: fifa_world_cup_finals_etl.dbt_run_fifa_world_cup_finals scheduled__2025-11-02T00:00:00+00:00 [running]> on host d446afc4c897
[2025-11-09T20:28:06.803+0000] {taskinstance.py:2480} INFO - Exporting env vars: AIRFLOW_CTX_DAG_OWNER='airflow' AIRFLOW_CTX_DAG_ID='fifa_world_cup_finals_etl' AIRFLOW_CTX_TASK_ID='dbt_run_fifa_world_cup_finals' AIRFLOW_CTX_EXECUTION_DATE='2025-11-02T00:00:00+00:00' AIRFLOW_CTX_TRY_NUMBER='1' AIRFLOW_CTX_DAG_RUN_ID='scheduled__2025-11-02T00:00:00+00:00'
[2025-11-09T20:28:06.805+0000] {subprocess.py:63} INFO - Tmp dir root location: /tmp
[2025-11-09T20:28:06.806+0000] {subprocess.py:75} INFO - Running command: ['/usr/bin/bash', '-c', 'export PATH=$PATH:/usr/local/bin:/home/airflow/.local/bin && cd /opt/airflow/dags/transforms && dbt run --select fifa_world_cup_finals']
[2025-11-09T20:28:06.823+0000] {subprocess.py:86} INFO - Output:
[2025-11-09T20:28:06.828+0000] {subprocess.py:93} INFO - /usr/bin/bash: line 1: dbt: command not found
[2025-11-09T20:28:06.829+0000] {subprocess.py:97} INFO - Command exited with return code 127
[2025-11-09T20:28:06.841+0000] {taskinstance.py:2698} ERROR - Task failed with exception
Traceback (most recent call last):
  File "/home/airflow/.local/lib/python3.8/site-packages/airflow/models/taskinstance.py", line 433, in _execute_task
    result = execute_callable(context=context, **execute_callable_kwargs)
  File "/home/airflow/.local/lib/python3.8/site-packages/airflow/operators/bash.py", line 212, in execute
    raise AirflowException(
airflow.exceptions.AirflowException: Bash command failed. The command returned a non-zero exit code 127.
[2025-11-09T20:28:06.844+0000] {taskinstance.py:1138} INFO - Marking task as UP_FOR_RETRY. dag_id=fifa_world_cup_finals_etl, task_id=dbt_run_fifa_world_cup_finals, execution_date=20251102T000000, start_date=20251109T202806, end_date=20251109T202806
[2025-11-09T20:28:06.855+0000] {standard_task_runner.py:107} ERROR - Failed to execute job 4 for task dbt_run_fifa_world_cup_finals (Bash command failed. The command returned a non-zero exit code 127.; 202)
[2025-11-09T20:28:06.886+0000] {local_task_job_runner.py:234} INFO - Task exited with return code 1
[2025-11-09T20:28:06.904+0000] {taskinstance.py:3280} INFO - 0 downstream tasks scheduled from follow-on schedule check
[2025-11-09T20:34:53.955+0000] {taskinstance.py:1956} INFO - Dependencies all met for dep_context=non-requeueable deps ti=<TaskInstance: fifa_world_cup_finals_etl.dbt_run_fifa_world_cup_finals scheduled__2025-11-02T00:00:00+00:00 [queued]>
[2025-11-09T20:34:53.961+0000] {taskinstance.py:1956} INFO - Dependencies all met for dep_context=requeueable deps ti=<TaskInstance: fifa_world_cup_finals_etl.dbt_run_fifa_world_cup_finals scheduled__2025-11-02T00:00:00+00:00 [queued]>
[2025-11-09T20:34:53.961+0000] {taskinstance.py:2170} INFO - Starting attempt 1 of 2
[2025-11-09T20:34:53.975+0000] {taskinstance.py:2191} INFO - Executing <Task(BashOperator): dbt_run_fifa_world_cup_finals> on 2025-11-02 00:00:00+00:00
[2025-11-09T20:34:53.983+0000] {standard_task_runner.py:60} INFO - Started process 281 to run task
[2025-11-09T20:34:53.987+0000] {standard_task_runner.py:87} INFO - Running: ['airflow', 'tasks', 'run', 'fifa_world_cup_finals_etl', 'dbt_run_fifa_world_cup_finals', 'scheduled__2025-11-02T00:00:00+00:00', '--job-id', '4', '--raw', '--subdir', 'DAGS_FOLDER/dag_final.py', '--cfg-path', '/tmp/tmp3t4or5zb']
[2025-11-09T20:34:53.989+0000] {standard_task_runner.py:88} INFO - Job 4: Subtask dbt_run_fifa_world_cup_finals
[2025-11-09T20:34:54.041+0000] {task_command.py:423} INFO - Running <TaskInstance: fifa_world_cup_finals_etl.dbt_run_fifa_world_cup_finals scheduled__2025-11-02T00:00:00+00:00 [running]> on host 08ac476dba5e
[2025-11-09T20:34:54.114+0000] {taskinstance.py:2480} INFO - Exporting env vars: AIRFLOW_CTX_DAG_OWNER='airflow' AIRFLOW_CTX_DAG_ID='fifa_world_cup_finals_etl' AIRFLOW_CTX_TASK_ID='dbt_run_fifa_world_cup_finals' AIRFLOW_CTX_EXECUTION_DATE='2025-11-02T00:00:00+00:00' AIRFLOW_CTX_TRY_NUMBER='1' AIRFLOW_CTX_DAG_RUN_ID='scheduled__2025-11-02T00:00:00+00:00'
[2025-11-09T20:34:54.115+0000] {subprocess.py:63} INFO - Tmp dir root location: /tmp
[2025-11-09T20:34:54.116+0000] {subprocess.py:75} INFO - Running command: ['/usr/bin/bash', '-c', 'cd /opt/airflow/dags/transforms && /home/airflow/.local/bin/dbt run --select fifa']
[2025-11-09T20:34:54.130+0000] {subprocess.py:86} INFO - Output:
[2025-11-09T20:34:54.133+0000] {subprocess.py:93} INFO - /usr/bin/bash: line 1: /home/airflow/.local/bin/dbt: No such file or directory
[2025-11-09T20:34:54.134+0000] {subprocess.py:97} INFO - Command exited with return code 127
[2025-11-09T20:34:54.146+0000] {taskinstance.py:2698} ERROR - Task failed with exception
Traceback (most recent call last):
  File "/home/airflow/.local/lib/python3.8/site-packages/airflow/models/taskinstance.py", line 433, in _execute_task
    result = execute_callable(context=context, **execute_callable_kwargs)
  File "/home/airflow/.local/lib/python3.8/site-packages/airflow/operators/bash.py", line 212, in execute
    raise AirflowException(
airflow.exceptions.AirflowException: Bash command failed. The command returned a non-zero exit code 127.
[2025-11-09T20:34:54.149+0000] {taskinstance.py:1138} INFO - Marking task as UP_FOR_RETRY. dag_id=fifa_world_cup_finals_etl, task_id=dbt_run_fifa_world_cup_finals, execution_date=20251102T000000, start_date=20251109T203453, end_date=20251109T203454
[2025-11-09T20:34:54.163+0000] {standard_task_runner.py:107} ERROR - Failed to execute job 4 for task dbt_run_fifa_world_cup_finals (Bash command failed. The command returned a non-zero exit code 127.; 281)
[2025-11-09T20:34:54.201+0000] {local_task_job_runner.py:234} INFO - Task exited with return code 1
[2025-11-09T20:34:54.218+0000] {taskinstance.py:3280} INFO - 0 downstream tasks scheduled from follow-on schedule check
[2025-11-09T20:37:12.584+0000] {taskinstance.py:1956} INFO - Dependencies all met for dep_context=non-requeueable deps ti=<TaskInstance: fifa_world_cup_finals_etl.dbt_run_fifa_world_cup_finals scheduled__2025-11-02T00:00:00+00:00 [queued]>
[2025-11-09T20:37:12.590+0000] {taskinstance.py:1956} INFO - Dependencies all met for dep_context=requeueable deps ti=<TaskInstance: fifa_world_cup_finals_etl.dbt_run_fifa_world_cup_finals scheduled__2025-11-02T00:00:00+00:00 [queued]>
[2025-11-09T20:37:12.590+0000] {taskinstance.py:2170} INFO - Starting attempt 1 of 2
[2025-11-09T20:37:12.601+0000] {taskinstance.py:2191} INFO - Executing <Task(BashOperator): dbt_run_fifa_world_cup_finals> on 2025-11-02 00:00:00+00:00
[2025-11-09T20:37:12.609+0000] {standard_task_runner.py:60} INFO - Started process 199 to run task
[2025-11-09T20:37:12.613+0000] {standard_task_runner.py:87} INFO - Running: ['airflow', 'tasks', 'run', 'fifa_world_cup_finals_etl', 'dbt_run_fifa_world_cup_finals', 'scheduled__2025-11-02T00:00:00+00:00', '--job-id', '4', '--raw', '--subdir', 'DAGS_FOLDER/dag_final.py', '--cfg-path', '/tmp/tmp2mvbxa5e']
[2025-11-09T20:37:12.616+0000] {standard_task_runner.py:88} INFO - Job 4: Subtask dbt_run_fifa_world_cup_finals
[2025-11-09T20:37:12.665+0000] {task_command.py:423} INFO - Running <TaskInstance: fifa_world_cup_finals_etl.dbt_run_fifa_world_cup_finals scheduled__2025-11-02T00:00:00+00:00 [running]> on host ca7369ed62e3
[2025-11-09T20:37:12.734+0000] {taskinstance.py:2480} INFO - Exporting env vars: AIRFLOW_CTX_DAG_OWNER='airflow' AIRFLOW_CTX_DAG_ID='fifa_world_cup_finals_etl' AIRFLOW_CTX_TASK_ID='dbt_run_fifa_world_cup_finals' AIRFLOW_CTX_EXECUTION_DATE='2025-11-02T00:00:00+00:00' AIRFLOW_CTX_TRY_NUMBER='1' AIRFLOW_CTX_DAG_RUN_ID='scheduled__2025-11-02T00:00:00+00:00'
[2025-11-09T20:37:12.735+0000] {subprocess.py:63} INFO - Tmp dir root location: /tmp
[2025-11-09T20:37:12.737+0000] {subprocess.py:75} INFO - Running command: ['/usr/bin/bash', '-c', 'cd /opt/airflow/dags/transforms && /home/airflow/.local/bin/dbt run --select fifa']
[2025-11-09T20:37:12.751+0000] {subprocess.py:86} INFO - Output:
[2025-11-09T20:37:12.754+0000] {subprocess.py:93} INFO - /usr/bin/bash: line 1: /home/airflow/.local/bin/dbt: No such file or directory
[2025-11-09T20:37:12.755+0000] {subprocess.py:97} INFO - Command exited with return code 127
[2025-11-09T20:37:12.767+0000] {taskinstance.py:2698} ERROR - Task failed with exception
Traceback (most recent call last):
  File "/home/airflow/.local/lib/python3.8/site-packages/airflow/models/taskinstance.py", line 433, in _execute_task
    result = execute_callable(context=context, **execute_callable_kwargs)
  File "/home/airflow/.local/lib/python3.8/site-packages/airflow/operators/bash.py", line 212, in execute
    raise AirflowException(
airflow.exceptions.AirflowException: Bash command failed. The command returned a non-zero exit code 127.
[2025-11-09T20:37:12.770+0000] {taskinstance.py:1138} INFO - Marking task as UP_FOR_RETRY. dag_id=fifa_world_cup_finals_etl, task_id=dbt_run_fifa_world_cup_finals, execution_date=20251102T000000, start_date=20251109T203712, end_date=20251109T203712
[2025-11-09T20:37:12.780+0000] {standard_task_runner.py:107} ERROR - Failed to execute job 4 for task dbt_run_fifa_world_cup_finals (Bash command failed. The command returned a non-zero exit code 127.; 199)
[2025-11-09T20:37:12.794+0000] {local_task_job_runner.py:234} INFO - Task exited with return code 1
[2025-11-09T20:37:12.810+0000] {taskinstance.py:3280} INFO - 0 downstream tasks scheduled from follow-on schedule check
[2025-11-09T21:10:45.501+0000] {taskinstance.py:1956} INFO - Dependencies all met for dep_context=non-requeueable deps ti=<TaskInstance: fifa_world_cup_finals_etl.dbt_run_fifa_world_cup_finals scheduled__2025-11-02T00:00:00+00:00 [queued]>
[2025-11-09T21:10:45.508+0000] {taskinstance.py:1956} INFO - Dependencies all met for dep_context=requeueable deps ti=<TaskInstance: fifa_world_cup_finals_etl.dbt_run_fifa_world_cup_finals scheduled__2025-11-02T00:00:00+00:00 [queued]>
[2025-11-09T21:10:45.508+0000] {taskinstance.py:2170} INFO - Starting attempt 1 of 2
[2025-11-09T21:10:45.520+0000] {taskinstance.py:2191} INFO - Executing <Task(BashOperator): dbt_run_fifa_world_cup_finals> on 2025-11-02 00:00:00+00:00
[2025-11-09T21:10:45.528+0000] {standard_task_runner.py:60} INFO - Started process 190 to run task
[2025-11-09T21:10:45.532+0000] {standard_task_runner.py:87} INFO - Running: ['airflow', 'tasks', 'run', 'fifa_world_cup_finals_etl', 'dbt_run_fifa_world_cup_finals', 'scheduled__2025-11-02T00:00:00+00:00', '--job-id', '4', '--raw', '--subdir', 'DAGS_FOLDER/dag_final.py', '--cfg-path', '/tmp/tmpj_snsace']
[2025-11-09T21:10:45.535+0000] {standard_task_runner.py:88} INFO - Job 4: Subtask dbt_run_fifa_world_cup_finals
[2025-11-09T21:10:45.594+0000] {task_command.py:423} INFO - Running <TaskInstance: fifa_world_cup_finals_etl.dbt_run_fifa_world_cup_finals scheduled__2025-11-02T00:00:00+00:00 [running]> on host 3660e98ed683
[2025-11-09T21:10:45.671+0000] {taskinstance.py:2480} INFO - Exporting env vars: AIRFLOW_CTX_DAG_OWNER='airflow' AIRFLOW_CTX_DAG_ID='fifa_world_cup_finals_etl' AIRFLOW_CTX_TASK_ID='dbt_run_fifa_world_cup_finals' AIRFLOW_CTX_EXECUTION_DATE='2025-11-02T00:00:00+00:00' AIRFLOW_CTX_TRY_NUMBER='1' AIRFLOW_CTX_DAG_RUN_ID='scheduled__2025-11-02T00:00:00+00:00'
[2025-11-09T21:10:45.672+0000] {subprocess.py:63} INFO - Tmp dir root location: /tmp
[2025-11-09T21:10:45.674+0000] {subprocess.py:75} INFO - Running command: ['/usr/bin/bash', '-c', 'cd /opt/airflow/dags/transforms && /home/airflow/.local/bin/dbt run --select fifa_world_cup_finals']
[2025-11-09T21:10:45.688+0000] {subprocess.py:86} INFO - Output:
[2025-11-09T21:10:45.692+0000] {subprocess.py:93} INFO - /usr/bin/bash: line 1: /home/airflow/.local/bin/dbt: No such file or directory
[2025-11-09T21:10:45.693+0000] {subprocess.py:97} INFO - Command exited with return code 127
[2025-11-09T21:10:45.706+0000] {taskinstance.py:2698} ERROR - Task failed with exception
Traceback (most recent call last):
  File "/home/airflow/.local/lib/python3.8/site-packages/airflow/models/taskinstance.py", line 433, in _execute_task
    result = execute_callable(context=context, **execute_callable_kwargs)
  File "/home/airflow/.local/lib/python3.8/site-packages/airflow/operators/bash.py", line 212, in execute
    raise AirflowException(
airflow.exceptions.AirflowException: Bash command failed. The command returned a non-zero exit code 127.
[2025-11-09T21:10:45.710+0000] {taskinstance.py:1138} INFO - Marking task as UP_FOR_RETRY. dag_id=fifa_world_cup_finals_etl, task_id=dbt_run_fifa_world_cup_finals, execution_date=20251102T000000, start_date=20251109T211045, end_date=20251109T211045
[2025-11-09T21:10:45.721+0000] {standard_task_runner.py:107} ERROR - Failed to execute job 4 for task dbt_run_fifa_world_cup_finals (Bash command failed. The command returned a non-zero exit code 127.; 190)
[2025-11-09T21:10:45.749+0000] {local_task_job_runner.py:234} INFO - Task exited with return code 1
[2025-11-09T21:10:45.766+0000] {taskinstance.py:3280} INFO - 0 downstream tasks scheduled from follow-on schedule check
[2025-11-09T22:42:41.935+0000] {taskinstance.py:1956} INFO - Dependencies all met for dep_context=non-requeueable deps ti=<TaskInstance: fifa_world_cup_finals_etl.dbt_run_fifa_world_cup_finals scheduled__2025-11-02T00:00:00+00:00 [queued]>
[2025-11-09T22:42:41.942+0000] {taskinstance.py:1956} INFO - Dependencies all met for dep_context=requeueable deps ti=<TaskInstance: fifa_world_cup_finals_etl.dbt_run_fifa_world_cup_finals scheduled__2025-11-02T00:00:00+00:00 [queued]>
[2025-11-09T22:42:41.942+0000] {taskinstance.py:2170} INFO - Starting attempt 1 of 2
[2025-11-09T22:42:41.952+0000] {taskinstance.py:2191} INFO - Executing <Task(BashOperator): dbt_run_fifa_world_cup_finals> on 2025-11-02 00:00:00+00:00
[2025-11-09T22:42:41.959+0000] {standard_task_runner.py:60} INFO - Started process 577 to run task
[2025-11-09T22:42:41.963+0000] {standard_task_runner.py:87} INFO - Running: ['airflow', 'tasks', 'run', 'fifa_world_cup_finals_etl', 'dbt_run_fifa_world_cup_finals', 'scheduled__2025-11-02T00:00:00+00:00', '--job-id', '6', '--raw', '--subdir', 'DAGS_FOLDER/dag_final.py', '--cfg-path', '/tmp/tmptd0w79kt']
[2025-11-09T22:42:41.966+0000] {standard_task_runner.py:88} INFO - Job 6: Subtask dbt_run_fifa_world_cup_finals
[2025-11-09T22:42:42.019+0000] {task_command.py:423} INFO - Running <TaskInstance: fifa_world_cup_finals_etl.dbt_run_fifa_world_cup_finals scheduled__2025-11-02T00:00:00+00:00 [running]> on host 94b409795cfc
[2025-11-09T22:42:42.085+0000] {taskinstance.py:2480} INFO - Exporting env vars: AIRFLOW_CTX_DAG_OWNER='airflow' AIRFLOW_CTX_DAG_ID='fifa_world_cup_finals_etl' AIRFLOW_CTX_TASK_ID='dbt_run_fifa_world_cup_finals' AIRFLOW_CTX_EXECUTION_DATE='2025-11-02T00:00:00+00:00' AIRFLOW_CTX_TRY_NUMBER='1' AIRFLOW_CTX_DAG_RUN_ID='scheduled__2025-11-02T00:00:00+00:00'
[2025-11-09T22:42:42.088+0000] {subprocess.py:63} INFO - Tmp dir root location: /tmp
[2025-11-09T22:42:42.089+0000] {subprocess.py:75} INFO - Running command: ['/usr/bin/bash', '-c', 'export PATH=$PATH:/home/airflow/.local/bin:/usr/local/bin && cd /opt/airflow/dags/transforms && dbt run --select fifa_world_cup_finals']
[2025-11-09T22:42:42.103+0000] {subprocess.py:86} INFO - Output:
[2025-11-09T22:42:42.106+0000] {subprocess.py:93} INFO - /usr/bin/bash: line 1: dbt: command not found
[2025-11-09T22:42:42.107+0000] {subprocess.py:97} INFO - Command exited with return code 127
[2025-11-09T22:42:42.119+0000] {taskinstance.py:2698} ERROR - Task failed with exception
Traceback (most recent call last):
  File "/home/airflow/.local/lib/python3.8/site-packages/airflow/models/taskinstance.py", line 433, in _execute_task
    result = execute_callable(context=context, **execute_callable_kwargs)
  File "/home/airflow/.local/lib/python3.8/site-packages/airflow/operators/bash.py", line 212, in execute
    raise AirflowException(
airflow.exceptions.AirflowException: Bash command failed. The command returned a non-zero exit code 127.
[2025-11-09T22:42:42.121+0000] {taskinstance.py:1138} INFO - Marking task as UP_FOR_RETRY. dag_id=fifa_world_cup_finals_etl, task_id=dbt_run_fifa_world_cup_finals, execution_date=20251102T000000, start_date=20251109T224241, end_date=20251109T224242
[2025-11-09T22:42:42.131+0000] {standard_task_runner.py:107} ERROR - Failed to execute job 6 for task dbt_run_fifa_world_cup_finals (Bash command failed. The command returned a non-zero exit code 127.; 577)
[2025-11-09T22:42:42.177+0000] {local_task_job_runner.py:234} INFO - Task exited with return code 1
[2025-11-09T22:42:42.194+0000] {taskinstance.py:3280} INFO - 0 downstream tasks scheduled from follow-on schedule check
[2025-11-09T23:12:30.618+0000] {taskinstance.py:1956} INFO - Dependencies all met for dep_context=non-requeueable deps ti=<TaskInstance: fifa_world_cup_finals_etl.dbt_run_fifa_world_cup_finals scheduled__2025-11-02T00:00:00+00:00 [queued]>
[2025-11-09T23:12:30.624+0000] {taskinstance.py:1956} INFO - Dependencies all met for dep_context=requeueable deps ti=<TaskInstance: fifa_world_cup_finals_etl.dbt_run_fifa_world_cup_finals scheduled__2025-11-02T00:00:00+00:00 [queued]>
[2025-11-09T23:12:30.625+0000] {taskinstance.py:2170} INFO - Starting attempt 1 of 2
[2025-11-09T23:12:30.638+0000] {taskinstance.py:2191} INFO - Executing <Task(BashOperator): dbt_run_fifa_world_cup_finals> on 2025-11-02 00:00:00+00:00
[2025-11-09T23:12:30.646+0000] {standard_task_runner.py:60} INFO - Started process 188 to run task
[2025-11-09T23:12:30.650+0000] {standard_task_runner.py:87} INFO - Running: ['airflow', 'tasks', 'run', 'fifa_world_cup_finals_etl', 'dbt_run_fifa_world_cup_finals', 'scheduled__2025-11-02T00:00:00+00:00', '--job-id', '4', '--raw', '--subdir', 'DAGS_FOLDER/dag_final.py', '--cfg-path', '/tmp/tmpwf6_z3d6']
[2025-11-09T23:12:30.652+0000] {standard_task_runner.py:88} INFO - Job 4: Subtask dbt_run_fifa_world_cup_finals
[2025-11-09T23:12:30.704+0000] {task_command.py:423} INFO - Running <TaskInstance: fifa_world_cup_finals_etl.dbt_run_fifa_world_cup_finals scheduled__2025-11-02T00:00:00+00:00 [running]> on host c9f7f498c6a9
[2025-11-09T23:12:30.772+0000] {taskinstance.py:2480} INFO - Exporting env vars: AIRFLOW_CTX_DAG_OWNER='airflow' AIRFLOW_CTX_DAG_ID='fifa_world_cup_finals_etl' AIRFLOW_CTX_TASK_ID='dbt_run_fifa_world_cup_finals' AIRFLOW_CTX_EXECUTION_DATE='2025-11-02T00:00:00+00:00' AIRFLOW_CTX_TRY_NUMBER='1' AIRFLOW_CTX_DAG_RUN_ID='scheduled__2025-11-02T00:00:00+00:00'
[2025-11-09T23:12:30.773+0000] {subprocess.py:63} INFO - Tmp dir root location: /tmp
[2025-11-09T23:12:30.775+0000] {subprocess.py:75} INFO - Running command: ['/usr/bin/bash', '-c', 'export PATH=$PATH:/home/airflow/.local/bin:/usr/local/bin && cd /opt/airflow/dags/transforms && dbt run --select fifa_world_cup_finals']
[2025-11-09T23:12:30.788+0000] {subprocess.py:86} INFO - Output:
[2025-11-09T23:12:30.792+0000] {subprocess.py:93} INFO - /usr/bin/bash: line 1: dbt: command not found
[2025-11-09T23:12:30.793+0000] {subprocess.py:97} INFO - Command exited with return code 127
[2025-11-09T23:12:30.805+0000] {taskinstance.py:2698} ERROR - Task failed with exception
Traceback (most recent call last):
  File "/home/airflow/.local/lib/python3.8/site-packages/airflow/models/taskinstance.py", line 433, in _execute_task
    result = execute_callable(context=context, **execute_callable_kwargs)
  File "/home/airflow/.local/lib/python3.8/site-packages/airflow/operators/bash.py", line 212, in execute
    raise AirflowException(
airflow.exceptions.AirflowException: Bash command failed. The command returned a non-zero exit code 127.
[2025-11-09T23:12:30.808+0000] {taskinstance.py:1138} INFO - Marking task as UP_FOR_RETRY. dag_id=fifa_world_cup_finals_etl, task_id=dbt_run_fifa_world_cup_finals, execution_date=20251102T000000, start_date=20251109T231230, end_date=20251109T231230
[2025-11-09T23:12:30.817+0000] {standard_task_runner.py:107} ERROR - Failed to execute job 4 for task dbt_run_fifa_world_cup_finals (Bash command failed. The command returned a non-zero exit code 127.; 188)
[2025-11-09T23:12:30.864+0000] {local_task_job_runner.py:234} INFO - Task exited with return code 1
[2025-11-09T23:12:30.880+0000] {taskinstance.py:3280} INFO - 0 downstream tasks scheduled from follow-on schedule check
[2025-11-09T23:26:50.811+0000] {taskinstance.py:1956} INFO - Dependencies all met for dep_context=non-requeueable deps ti=<TaskInstance: fifa_world_cup_finals_etl.dbt_run_fifa_world_cup_finals scheduled__2025-11-02T00:00:00+00:00 [queued]>
[2025-11-09T23:26:50.817+0000] {taskinstance.py:1956} INFO - Dependencies all met for dep_context=requeueable deps ti=<TaskInstance: fifa_world_cup_finals_etl.dbt_run_fifa_world_cup_finals scheduled__2025-11-02T00:00:00+00:00 [queued]>
[2025-11-09T23:26:50.818+0000] {taskinstance.py:2170} INFO - Starting attempt 1 of 2
[2025-11-09T23:26:50.828+0000] {taskinstance.py:2191} INFO - Executing <Task(BashOperator): dbt_run_fifa_world_cup_finals> on 2025-11-02 00:00:00+00:00
[2025-11-09T23:26:50.835+0000] {standard_task_runner.py:60} INFO - Started process 319 to run task
[2025-11-09T23:26:50.839+0000] {standard_task_runner.py:87} INFO - Running: ['airflow', 'tasks', 'run', 'fifa_world_cup_finals_etl', 'dbt_run_fifa_world_cup_finals', 'scheduled__2025-11-02T00:00:00+00:00', '--job-id', '6', '--raw', '--subdir', 'DAGS_FOLDER/dag_final.py', '--cfg-path', '/tmp/tmpj8q4wqm3']
[2025-11-09T23:26:50.841+0000] {standard_task_runner.py:88} INFO - Job 6: Subtask dbt_run_fifa_world_cup_finals
[2025-11-09T23:26:50.894+0000] {task_command.py:423} INFO - Running <TaskInstance: fifa_world_cup_finals_etl.dbt_run_fifa_world_cup_finals scheduled__2025-11-02T00:00:00+00:00 [running]> on host cbc7c82ca98b
[2025-11-09T23:26:50.961+0000] {taskinstance.py:2480} INFO - Exporting env vars: AIRFLOW_CTX_DAG_OWNER='airflow' AIRFLOW_CTX_DAG_ID='fifa_world_cup_finals_etl' AIRFLOW_CTX_TASK_ID='dbt_run_fifa_world_cup_finals' AIRFLOW_CTX_EXECUTION_DATE='2025-11-02T00:00:00+00:00' AIRFLOW_CTX_TRY_NUMBER='1' AIRFLOW_CTX_DAG_RUN_ID='scheduled__2025-11-02T00:00:00+00:00'
[2025-11-09T23:26:50.962+0000] {subprocess.py:63} INFO - Tmp dir root location: /tmp
[2025-11-09T23:26:50.963+0000] {subprocess.py:75} INFO - Running command: ['/usr/bin/bash', '-c', '\n            # 1. Navega al directorio raz del proyecto dbt\n            cd /opt/airflow/dags/transforms &&             \n            # 2. Ejecuta dbt run usando la ruta ABSOLUTA\n            /usr/local/bin/dbt run             --profiles-dir /home/airflow/.dbt             --select fifa_world_cup_finals\n        ']
[2025-11-09T23:26:50.975+0000] {subprocess.py:86} INFO - Output:
[2025-11-09T23:26:50.978+0000] {subprocess.py:93} INFO - /usr/bin/bash: line 5: /usr/local/bin/dbt: No such file or directory
[2025-11-09T23:26:50.979+0000] {subprocess.py:97} INFO - Command exited with return code 127
[2025-11-09T23:26:50.990+0000] {taskinstance.py:2698} ERROR - Task failed with exception
Traceback (most recent call last):
  File "/home/airflow/.local/lib/python3.8/site-packages/airflow/models/taskinstance.py", line 433, in _execute_task
    result = execute_callable(context=context, **execute_callable_kwargs)
  File "/home/airflow/.local/lib/python3.8/site-packages/airflow/operators/bash.py", line 212, in execute
    raise AirflowException(
airflow.exceptions.AirflowException: Bash command failed. The command returned a non-zero exit code 127.
[2025-11-09T23:26:50.992+0000] {taskinstance.py:1138} INFO - Marking task as UP_FOR_RETRY. dag_id=fifa_world_cup_finals_etl, task_id=dbt_run_fifa_world_cup_finals, execution_date=20251102T000000, start_date=20251109T232650, end_date=20251109T232650
[2025-11-09T23:26:51.002+0000] {standard_task_runner.py:107} ERROR - Failed to execute job 6 for task dbt_run_fifa_world_cup_finals (Bash command failed. The command returned a non-zero exit code 127.; 319)
[2025-11-09T23:26:51.052+0000] {local_task_job_runner.py:234} INFO - Task exited with return code 1
[2025-11-09T23:26:51.067+0000] {taskinstance.py:3280} INFO - 0 downstream tasks scheduled from follow-on schedule check
[2025-11-09T23:48:42.705+0000] {taskinstance.py:1956} INFO - Dependencies all met for dep_context=non-requeueable deps ti=<TaskInstance: fifa_world_cup_finals_etl.dbt_run_fifa_world_cup_finals scheduled__2025-11-02T00:00:00+00:00 [queued]>
[2025-11-09T23:48:42.711+0000] {taskinstance.py:1956} INFO - Dependencies all met for dep_context=requeueable deps ti=<TaskInstance: fifa_world_cup_finals_etl.dbt_run_fifa_world_cup_finals scheduled__2025-11-02T00:00:00+00:00 [queued]>
[2025-11-09T23:48:42.711+0000] {taskinstance.py:2170} INFO - Starting attempt 1 of 2
[2025-11-09T23:48:42.722+0000] {taskinstance.py:2191} INFO - Executing <Task(BashOperator): dbt_run_fifa_world_cup_finals> on 2025-11-02 00:00:00+00:00
[2025-11-09T23:48:42.729+0000] {standard_task_runner.py:60} INFO - Started process 210 to run task
[2025-11-09T23:48:42.732+0000] {standard_task_runner.py:87} INFO - Running: ['airflow', 'tasks', 'run', 'fifa_world_cup_finals_etl', 'dbt_run_fifa_world_cup_finals', 'scheduled__2025-11-02T00:00:00+00:00', '--job-id', '4', '--raw', '--subdir', 'DAGS_FOLDER/dag_final.py', '--cfg-path', '/tmp/tmpvyizyjvk']
[2025-11-09T23:48:42.734+0000] {standard_task_runner.py:88} INFO - Job 4: Subtask dbt_run_fifa_world_cup_finals
[2025-11-09T23:48:42.782+0000] {task_command.py:423} INFO - Running <TaskInstance: fifa_world_cup_finals_etl.dbt_run_fifa_world_cup_finals scheduled__2025-11-02T00:00:00+00:00 [running]> on host 7ed7da174b9b
[2025-11-09T23:48:42.850+0000] {taskinstance.py:2480} INFO - Exporting env vars: AIRFLOW_CTX_DAG_OWNER='airflow' AIRFLOW_CTX_DAG_ID='fifa_world_cup_finals_etl' AIRFLOW_CTX_TASK_ID='dbt_run_fifa_world_cup_finals' AIRFLOW_CTX_EXECUTION_DATE='2025-11-02T00:00:00+00:00' AIRFLOW_CTX_TRY_NUMBER='1' AIRFLOW_CTX_DAG_RUN_ID='scheduled__2025-11-02T00:00:00+00:00'
[2025-11-09T23:48:42.853+0000] {subprocess.py:63} INFO - Tmp dir root location: /tmp
[2025-11-09T23:48:42.854+0000] {subprocess.py:75} INFO - Running command: ['/usr/bin/bash', '-c', '\n            # 1. Navega al directorio raz del proyecto dbt\n            cd /opt/airflow/dags/transforms &&             \n            # 2. Ejecuta dbt run usando la ruta ABSOLUTA\n            /home/airflow/.local/bin/dbt run             --profiles-dir /home/airflow/.dbt             --select fifa_world_cup_finals\n        ']
[2025-11-09T23:48:42.869+0000] {subprocess.py:86} INFO - Output:
[2025-11-09T23:48:42.873+0000] {subprocess.py:93} INFO - /usr/bin/bash: line 5: /home/airflow/.local/bin/dbt: No such file or directory
[2025-11-09T23:48:42.874+0000] {subprocess.py:97} INFO - Command exited with return code 127
[2025-11-09T23:48:42.886+0000] {taskinstance.py:2698} ERROR - Task failed with exception
Traceback (most recent call last):
  File "/home/airflow/.local/lib/python3.8/site-packages/airflow/models/taskinstance.py", line 433, in _execute_task
    result = execute_callable(context=context, **execute_callable_kwargs)
  File "/home/airflow/.local/lib/python3.8/site-packages/airflow/operators/bash.py", line 212, in execute
    raise AirflowException(
airflow.exceptions.AirflowException: Bash command failed. The command returned a non-zero exit code 127.
[2025-11-09T23:48:42.889+0000] {taskinstance.py:1138} INFO - Marking task as UP_FOR_RETRY. dag_id=fifa_world_cup_finals_etl, task_id=dbt_run_fifa_world_cup_finals, execution_date=20251102T000000, start_date=20251109T234842, end_date=20251109T234842
[2025-11-09T23:48:42.900+0000] {standard_task_runner.py:107} ERROR - Failed to execute job 4 for task dbt_run_fifa_world_cup_finals (Bash command failed. The command returned a non-zero exit code 127.; 210)
[2025-11-09T23:48:42.949+0000] {local_task_job_runner.py:234} INFO - Task exited with return code 1
[2025-11-09T23:48:42.966+0000] {taskinstance.py:3280} INFO - 0 downstream tasks scheduled from follow-on schedule check
