[2025-11-09T17:01:07.851+0000] {taskinstance.py:1956} INFO - Dependencies all met for dep_context=non-requeueable deps ti=<TaskInstance: fifa_world_cup_finals_etl.dbt_run_fifa_world_cup_finals manual__2025-11-09T16:56:02.170073+00:00 [queued]>
[2025-11-09T17:01:07.856+0000] {taskinstance.py:1956} INFO - Dependencies all met for dep_context=requeueable deps ti=<TaskInstance: fifa_world_cup_finals_etl.dbt_run_fifa_world_cup_finals manual__2025-11-09T16:56:02.170073+00:00 [queued]>
[2025-11-09T17:01:07.857+0000] {taskinstance.py:2170} INFO - Starting attempt 1 of 2
[2025-11-09T17:01:07.867+0000] {taskinstance.py:2191} INFO - Executing <Task(BashOperator): dbt_run_fifa_world_cup_finals> on 2025-11-09 16:56:02.170073+00:00
[2025-11-09T17:01:07.875+0000] {standard_task_runner.py:60} INFO - Started process 2422 to run task
[2025-11-09T17:01:07.879+0000] {standard_task_runner.py:87} INFO - Running: ['airflow', 'tasks', 'run', 'fifa_world_cup_finals_etl', 'dbt_run_fifa_world_cup_finals', 'manual__2025-11-09T16:56:02.170073+00:00', '--job-id', '11', '--raw', '--subdir', 'DAGS_FOLDER/dag_final.py', '--cfg-path', '/tmp/tmpebnt1hey']
[2025-11-09T17:01:07.881+0000] {standard_task_runner.py:88} INFO - Job 11: Subtask dbt_run_fifa_world_cup_finals
[2025-11-09T17:01:07.931+0000] {task_command.py:423} INFO - Running <TaskInstance: fifa_world_cup_finals_etl.dbt_run_fifa_world_cup_finals manual__2025-11-09T16:56:02.170073+00:00 [running]> on host 6819cc8deed9
[2025-11-09T17:01:08.000+0000] {taskinstance.py:2480} INFO - Exporting env vars: AIRFLOW_CTX_DAG_OWNER='airflow' AIRFLOW_CTX_DAG_ID='fifa_world_cup_finals_etl' AIRFLOW_CTX_TASK_ID='dbt_run_fifa_world_cup_finals' AIRFLOW_CTX_EXECUTION_DATE='2025-11-09T16:56:02.170073+00:00' AIRFLOW_CTX_TRY_NUMBER='1' AIRFLOW_CTX_DAG_RUN_ID='manual__2025-11-09T16:56:02.170073+00:00'
[2025-11-09T17:01:08.002+0000] {subprocess.py:63} INFO - Tmp dir root location: /tmp
[2025-11-09T17:01:08.003+0000] {subprocess.py:75} INFO - Running command: ['/usr/bin/bash', '-c', 'cd /opt/airflow/dags/dbt_project && dbt run --select fifa_world_cup_finals']
[2025-11-09T17:01:08.016+0000] {subprocess.py:86} INFO - Output:
[2025-11-09T17:01:08.020+0000] {subprocess.py:93} INFO - /usr/bin/bash: line 1: cd: /opt/airflow/dags/dbt_project: No such file or directory
[2025-11-09T17:01:08.020+0000] {subprocess.py:97} INFO - Command exited with return code 1
[2025-11-09T17:01:08.032+0000] {taskinstance.py:2698} ERROR - Task failed with exception
Traceback (most recent call last):
  File "/home/airflow/.local/lib/python3.8/site-packages/airflow/models/taskinstance.py", line 433, in _execute_task
    result = execute_callable(context=context, **execute_callable_kwargs)
  File "/home/airflow/.local/lib/python3.8/site-packages/airflow/operators/bash.py", line 212, in execute
    raise AirflowException(
airflow.exceptions.AirflowException: Bash command failed. The command returned a non-zero exit code 1.
[2025-11-09T17:01:08.035+0000] {taskinstance.py:1138} INFO - Marking task as UP_FOR_RETRY. dag_id=fifa_world_cup_finals_etl, task_id=dbt_run_fifa_world_cup_finals, execution_date=20251109T165602, start_date=20251109T170107, end_date=20251109T170108
[2025-11-09T17:01:08.046+0000] {standard_task_runner.py:107} ERROR - Failed to execute job 11 for task dbt_run_fifa_world_cup_finals (Bash command failed. The command returned a non-zero exit code 1.; 2422)
[2025-11-09T17:01:08.095+0000] {local_task_job_runner.py:234} INFO - Task exited with return code 1
[2025-11-09T17:01:08.112+0000] {taskinstance.py:3280} INFO - 0 downstream tasks scheduled from follow-on schedule check
