[2025-11-09T20:03:25.955+0000] {taskinstance.py:1956} INFO - Dependencies all met for dep_context=non-requeueable deps ti=<TaskInstance: fifa_world_cup_finals_etl.diagnose_dbt_path manual__2025-11-09T19:58:57.842362+00:00 [queued]>
[2025-11-09T20:03:25.963+0000] {taskinstance.py:1956} INFO - Dependencies all met for dep_context=requeueable deps ti=<TaskInstance: fifa_world_cup_finals_etl.diagnose_dbt_path manual__2025-11-09T19:58:57.842362+00:00 [queued]>
[2025-11-09T20:03:25.963+0000] {taskinstance.py:2170} INFO - Starting attempt 1 of 2
[2025-11-09T20:03:25.976+0000] {taskinstance.py:2191} INFO - Executing <Task(BashOperator): diagnose_dbt_path> on 2025-11-09 19:58:57.842362+00:00
[2025-11-09T20:03:25.984+0000] {standard_task_runner.py:60} INFO - Started process 351 to run task
[2025-11-09T20:03:25.988+0000] {standard_task_runner.py:87} INFO - Running: ['airflow', 'tasks', 'run', 'fifa_world_cup_finals_etl', 'diagnose_dbt_path', 'manual__2025-11-09T19:58:57.842362+00:00', '--job-id', '8', '--raw', '--subdir', 'DAGS_FOLDER/dag_final.py', '--cfg-path', '/tmp/tmprqqs_bxl']
[2025-11-09T20:03:25.991+0000] {standard_task_runner.py:88} INFO - Job 8: Subtask diagnose_dbt_path
[2025-11-09T20:03:26.049+0000] {task_command.py:423} INFO - Running <TaskInstance: fifa_world_cup_finals_etl.diagnose_dbt_path manual__2025-11-09T19:58:57.842362+00:00 [running]> on host 34ca043c4ede
[2025-11-09T20:03:26.124+0000] {taskinstance.py:2480} INFO - Exporting env vars: AIRFLOW_CTX_DAG_OWNER='airflow' AIRFLOW_CTX_DAG_ID='fifa_world_cup_finals_etl' AIRFLOW_CTX_TASK_ID='diagnose_dbt_path' AIRFLOW_CTX_EXECUTION_DATE='2025-11-09T19:58:57.842362+00:00' AIRFLOW_CTX_TRY_NUMBER='1' AIRFLOW_CTX_DAG_RUN_ID='manual__2025-11-09T19:58:57.842362+00:00'
[2025-11-09T20:03:26.125+0000] {subprocess.py:63} INFO - Tmp dir root location: /tmp
[2025-11-09T20:03:26.126+0000] {subprocess.py:75} INFO - Running command: ['/usr/bin/bash', '-c', 'echo "PATH: $PATH" && find / -name "dbt" 2>/dev/null']
[2025-11-09T20:03:26.142+0000] {subprocess.py:86} INFO - Output:
[2025-11-09T20:03:26.144+0000] {subprocess.py:93} INFO - PATH: /root/bin:/home/airflow/.local/bin:/usr/local/bin:/usr/local/sbin:/usr/local/bin:/usr/sbin:/usr/bin:/sbin:/bin
[2025-11-09T20:03:26.462+0000] {local_task_job_runner.py:121} ERROR - Received SIGTERM. Terminating subprocesses
[2025-11-09T20:03:26.476+0000] {process_utils.py:131} INFO - Sending 15 to group 351. PIDs of all processes in the group: [353, 354, 351]
[2025-11-09T20:03:26.488+0000] {process_utils.py:86} INFO - Sending the signal 15 to group 351
[2025-11-09T20:03:26.492+0000] {taskinstance.py:2450} ERROR - Received SIGTERM. Terminating subprocesses.
[2025-11-09T20:03:26.494+0000] {subprocess.py:104} INFO - Sending SIGTERM signal to process group
[2025-11-09T20:03:26.524+0000] {taskinstance.py:2698} ERROR - Task failed with exception
Traceback (most recent call last):
  File "/home/airflow/.local/lib/python3.8/site-packages/airflow/models/taskinstance.py", line 433, in _execute_task
    result = execute_callable(context=context, **execute_callable_kwargs)
  File "/home/airflow/.local/lib/python3.8/site-packages/airflow/operators/bash.py", line 203, in execute
    result = self.subprocess_hook.run_command(
  File "/home/airflow/.local/lib/python3.8/site-packages/airflow/hooks/subprocess.py", line 91, in run_command
    for raw_line in iter(self.sub_process.stdout.readline, b""):
  File "/home/airflow/.local/lib/python3.8/site-packages/airflow/models/taskinstance.py", line 2452, in signal_handler
    raise AirflowException("Task received SIGTERM signal")
airflow.exceptions.AirflowException: Task received SIGTERM signal
[2025-11-09T20:03:26.527+0000] {taskinstance.py:1138} INFO - Marking task as UP_FOR_RETRY. dag_id=fifa_world_cup_finals_etl, task_id=diagnose_dbt_path, execution_date=20251109T195857, start_date=20251109T200325, end_date=20251109T200326
[2025-11-09T20:03:26.539+0000] {standard_task_runner.py:107} ERROR - Failed to execute job 8 for task diagnose_dbt_path (Task received SIGTERM signal; 351)
[2025-11-09T20:03:26.587+0000] {process_utils.py:79} INFO - Process psutil.Process(pid=351, status='terminated', exitcode=1, started='20:03:25') (351) terminated with exit code 1
[2025-11-09T20:03:26.588+0000] {process_utils.py:79} INFO - Process psutil.Process(pid=354, status='terminated', started='20:03:25') (354) terminated with exit code None
[2025-11-09T20:03:26.589+0000] {process_utils.py:79} INFO - Process psutil.Process(pid=353, status='terminated', started='20:03:25') (353) terminated with exit code None
[2025-11-09T20:03:26.589+0000] {local_task_job_runner.py:234} INFO - Task exited with return code 143
[2025-11-09T20:03:26.615+0000] {taskinstance.py:3280} INFO - 0 downstream tasks scheduled from follow-on schedule check
