[2025-11-09T17:24:04.511+0000] {taskinstance.py:1956} INFO - Dependencies all met for dep_context=non-requeueable deps ti=<TaskInstance: fifa_world_cup_finals_etl.dbt_run_fifa_world_cup_finals manual__2025-11-09T17:24:01.690411+00:00 [queued]>
[2025-11-09T17:24:04.516+0000] {taskinstance.py:1956} INFO - Dependencies all met for dep_context=requeueable deps ti=<TaskInstance: fifa_world_cup_finals_etl.dbt_run_fifa_world_cup_finals manual__2025-11-09T17:24:01.690411+00:00 [queued]>
[2025-11-09T17:24:04.517+0000] {taskinstance.py:2170} INFO - Starting attempt 1 of 2
[2025-11-09T17:24:04.528+0000] {taskinstance.py:2191} INFO - Executing <Task(BashOperator): dbt_run_fifa_world_cup_finals> on 2025-11-09 17:24:01.690411+00:00
[2025-11-09T17:24:04.535+0000] {standard_task_runner.py:60} INFO - Started process 287 to run task
[2025-11-09T17:24:04.539+0000] {standard_task_runner.py:87} INFO - Running: ['airflow', 'tasks', 'run', 'fifa_world_cup_finals_etl', 'dbt_run_fifa_world_cup_finals', 'manual__2025-11-09T17:24:01.690411+00:00', '--job-id', '5', '--raw', '--subdir', 'DAGS_FOLDER/dag_final.py', '--cfg-path', '/tmp/tmp4qrwxh32']
[2025-11-09T17:24:04.541+0000] {standard_task_runner.py:88} INFO - Job 5: Subtask dbt_run_fifa_world_cup_finals
[2025-11-09T17:24:04.587+0000] {task_command.py:423} INFO - Running <TaskInstance: fifa_world_cup_finals_etl.dbt_run_fifa_world_cup_finals manual__2025-11-09T17:24:01.690411+00:00 [running]> on host 5dc5c03d572d
[2025-11-09T17:24:04.662+0000] {taskinstance.py:2480} INFO - Exporting env vars: AIRFLOW_CTX_DAG_OWNER='airflow' AIRFLOW_CTX_DAG_ID='fifa_world_cup_finals_etl' AIRFLOW_CTX_TASK_ID='dbt_run_fifa_world_cup_finals' AIRFLOW_CTX_EXECUTION_DATE='2025-11-09T17:24:01.690411+00:00' AIRFLOW_CTX_TRY_NUMBER='1' AIRFLOW_CTX_DAG_RUN_ID='manual__2025-11-09T17:24:01.690411+00:00'
[2025-11-09T17:24:04.664+0000] {subprocess.py:63} INFO - Tmp dir root location: /tmp
[2025-11-09T17:24:04.665+0000] {subprocess.py:75} INFO - Running command: ['/usr/bin/bash', '-c', 'cd /opt/airflow/dags/transforms/ && /root/.local/bin/dbt run --select fifa_world_cup_finals']
[2025-11-09T17:24:04.680+0000] {subprocess.py:86} INFO - Output:
[2025-11-09T17:24:04.684+0000] {subprocess.py:93} INFO - /usr/bin/bash: line 1: /root/.local/bin/dbt: Permission denied
[2025-11-09T17:24:04.685+0000] {subprocess.py:97} INFO - Command exited with return code 126
[2025-11-09T17:24:04.697+0000] {taskinstance.py:2698} ERROR - Task failed with exception
Traceback (most recent call last):
  File "/home/airflow/.local/lib/python3.8/site-packages/airflow/models/taskinstance.py", line 433, in _execute_task
    result = execute_callable(context=context, **execute_callable_kwargs)
  File "/home/airflow/.local/lib/python3.8/site-packages/airflow/operators/bash.py", line 212, in execute
    raise AirflowException(
airflow.exceptions.AirflowException: Bash command failed. The command returned a non-zero exit code 126.
[2025-11-09T17:24:04.699+0000] {taskinstance.py:1138} INFO - Marking task as UP_FOR_RETRY. dag_id=fifa_world_cup_finals_etl, task_id=dbt_run_fifa_world_cup_finals, execution_date=20251109T172401, start_date=20251109T172404, end_date=20251109T172404
[2025-11-09T17:24:04.711+0000] {standard_task_runner.py:107} ERROR - Failed to execute job 5 for task dbt_run_fifa_world_cup_finals (Bash command failed. The command returned a non-zero exit code 126.; 287)
[2025-11-09T17:24:04.754+0000] {local_task_job_runner.py:234} INFO - Task exited with return code 1
[2025-11-09T17:24:04.771+0000] {taskinstance.py:3280} INFO - 0 downstream tasks scheduled from follow-on schedule check
