[2025-11-09T19:58:59.139+0000] {taskinstance.py:1956} INFO - Dependencies all met for dep_context=non-requeueable deps ti=<TaskInstance: fifa_world_cup_finals_etl.wait_for_postgres scheduled__2025-11-02T00:00:00+00:00 [queued]>
[2025-11-09T19:58:59.146+0000] {taskinstance.py:1956} INFO - Dependencies all met for dep_context=requeueable deps ti=<TaskInstance: fifa_world_cup_finals_etl.wait_for_postgres scheduled__2025-11-02T00:00:00+00:00 [queued]>
[2025-11-09T19:58:59.147+0000] {taskinstance.py:2170} INFO - Starting attempt 1 of 2
[2025-11-09T19:58:59.160+0000] {taskinstance.py:2191} INFO - Executing <Task(BashOperator): wait_for_postgres> on 2025-11-02 00:00:00+00:00
[2025-11-09T19:58:59.170+0000] {standard_task_runner.py:60} INFO - Started process 216 to run task
[2025-11-09T19:58:59.175+0000] {standard_task_runner.py:87} INFO - Running: ['airflow', 'tasks', 'run', 'fifa_world_cup_finals_etl', 'wait_for_postgres', 'scheduled__2025-11-02T00:00:00+00:00', '--job-id', '2', '--raw', '--subdir', 'DAGS_FOLDER/dag_final.py', '--cfg-path', '/tmp/tmpytq7q00v']
[2025-11-09T19:58:59.178+0000] {standard_task_runner.py:88} INFO - Job 2: Subtask wait_for_postgres
[2025-11-09T19:58:59.255+0000] {task_command.py:423} INFO - Running <TaskInstance: fifa_world_cup_finals_etl.wait_for_postgres scheduled__2025-11-02T00:00:00+00:00 [running]> on host 34ca043c4ede
[2025-11-09T19:58:59.371+0000] {taskinstance.py:2480} INFO - Exporting env vars: AIRFLOW_CTX_DAG_OWNER='airflow' AIRFLOW_CTX_DAG_ID='fifa_world_cup_finals_etl' AIRFLOW_CTX_TASK_ID='wait_for_postgres' AIRFLOW_CTX_EXECUTION_DATE='2025-11-02T00:00:00+00:00' AIRFLOW_CTX_TRY_NUMBER='1' AIRFLOW_CTX_DAG_RUN_ID='scheduled__2025-11-02T00:00:00+00:00'
[2025-11-09T19:58:59.373+0000] {subprocess.py:63} INFO - Tmp dir root location: /tmp
[2025-11-09T19:58:59.376+0000] {subprocess.py:75} INFO - Running command: ['/usr/bin/bash', '-c', 'apt update && apt install -y netcat-openbsd && echo "Esperando por PostgreSQL..." && while ! nc -z postgres 5432; do   sleep 1; done; echo "PostgreSQL está disponible."']
[2025-11-09T19:58:59.392+0000] {subprocess.py:86} INFO - Output:
[2025-11-09T19:58:59.412+0000] {subprocess.py:93} INFO - 
[2025-11-09T19:58:59.413+0000] {subprocess.py:93} INFO - WARNING: apt does not have a stable CLI interface. Use with caution in scripts.
[2025-11-09T19:58:59.414+0000] {subprocess.py:93} INFO - 
[2025-11-09T19:58:59.436+0000] {subprocess.py:93} INFO - Reading package lists...
[2025-11-09T19:58:59.440+0000] {subprocess.py:93} INFO - E: List directory /var/lib/apt/lists/partial is missing. - Acquire (13: Permission denied)
[2025-11-09T19:58:59.442+0000] {subprocess.py:93} INFO - PostgreSQL está disponible.
[2025-11-09T19:58:59.442+0000] {subprocess.py:97} INFO - Command exited with return code 0
[2025-11-09T19:58:59.473+0000] {taskinstance.py:1138} INFO - Marking task as SUCCESS. dag_id=fifa_world_cup_finals_etl, task_id=wait_for_postgres, execution_date=20251102T000000, start_date=20251109T195859, end_date=20251109T195859
[2025-11-09T19:58:59.513+0000] {local_task_job_runner.py:234} INFO - Task exited with return code 0
[2025-11-09T19:58:59.535+0000] {taskinstance.py:3280} INFO - 1 downstream tasks scheduled from follow-on schedule check
[2025-11-09T20:09:03.467+0000] {taskinstance.py:1956} INFO - Dependencies all met for dep_context=non-requeueable deps ti=<TaskInstance: fifa_world_cup_finals_etl.wait_for_postgres scheduled__2025-11-02T00:00:00+00:00 [queued]>
[2025-11-09T20:09:03.474+0000] {taskinstance.py:1956} INFO - Dependencies all met for dep_context=requeueable deps ti=<TaskInstance: fifa_world_cup_finals_etl.wait_for_postgres scheduled__2025-11-02T00:00:00+00:00 [queued]>
[2025-11-09T20:09:03.474+0000] {taskinstance.py:2170} INFO - Starting attempt 1 of 2
[2025-11-09T20:09:03.486+0000] {taskinstance.py:2191} INFO - Executing <Task(BashOperator): wait_for_postgres> on 2025-11-02 00:00:00+00:00
[2025-11-09T20:09:03.494+0000] {standard_task_runner.py:60} INFO - Started process 315 to run task
[2025-11-09T20:09:03.498+0000] {standard_task_runner.py:87} INFO - Running: ['airflow', 'tasks', 'run', 'fifa_world_cup_finals_etl', 'wait_for_postgres', 'scheduled__2025-11-02T00:00:00+00:00', '--job-id', '9', '--raw', '--subdir', 'DAGS_FOLDER/dag_final.py', '--cfg-path', '/tmp/tmpyanq1jl6']
[2025-11-09T20:09:03.501+0000] {standard_task_runner.py:88} INFO - Job 9: Subtask wait_for_postgres
[2025-11-09T20:09:03.588+0000] {task_command.py:423} INFO - Running <TaskInstance: fifa_world_cup_finals_etl.wait_for_postgres scheduled__2025-11-02T00:00:00+00:00 [running]> on host eec2b59dccb3
[2025-11-09T20:09:03.678+0000] {taskinstance.py:2480} INFO - Exporting env vars: AIRFLOW_CTX_DAG_OWNER='airflow' AIRFLOW_CTX_DAG_ID='fifa_world_cup_finals_etl' AIRFLOW_CTX_TASK_ID='wait_for_postgres' AIRFLOW_CTX_EXECUTION_DATE='2025-11-02T00:00:00+00:00' AIRFLOW_CTX_TRY_NUMBER='1' AIRFLOW_CTX_DAG_RUN_ID='scheduled__2025-11-02T00:00:00+00:00'
[2025-11-09T20:09:03.679+0000] {subprocess.py:63} INFO - Tmp dir root location: /tmp
[2025-11-09T20:09:03.681+0000] {subprocess.py:75} INFO - Running command: ['/usr/bin/bash', '-c', 'apt update && apt install -y netcat-openbsd && echo "Esperando por PostgreSQL..." && while ! nc -z postgres 5432; do   sleep 1; done; echo "PostgreSQL está disponible."']
[2025-11-09T20:09:03.697+0000] {subprocess.py:86} INFO - Output:
[2025-11-09T20:09:03.709+0000] {subprocess.py:93} INFO - 
[2025-11-09T20:09:03.714+0000] {subprocess.py:93} INFO - WARNING: apt does not have a stable CLI interface. Use with caution in scripts.
[2025-11-09T20:09:03.715+0000] {subprocess.py:93} INFO - 
[2025-11-09T20:09:03.728+0000] {subprocess.py:93} INFO - Reading package lists...
[2025-11-09T20:09:03.732+0000] {subprocess.py:93} INFO - E: List directory /var/lib/apt/lists/partial is missing. - Acquire (13: Permission denied)
[2025-11-09T20:09:03.733+0000] {subprocess.py:93} INFO - PostgreSQL está disponible.
[2025-11-09T20:09:03.733+0000] {subprocess.py:97} INFO - Command exited with return code 0
[2025-11-09T20:09:03.762+0000] {taskinstance.py:1138} INFO - Marking task as SUCCESS. dag_id=fifa_world_cup_finals_etl, task_id=wait_for_postgres, execution_date=20251102T000000, start_date=20251109T200903, end_date=20251109T200903
[2025-11-09T20:09:03.795+0000] {local_task_job_runner.py:234} INFO - Task exited with return code 0
[2025-11-09T20:09:03.819+0000] {taskinstance.py:3280} INFO - 0 downstream tasks scheduled from follow-on schedule check
[2025-11-09T20:11:54.070+0000] {taskinstance.py:1956} INFO - Dependencies all met for dep_context=non-requeueable deps ti=<TaskInstance: fifa_world_cup_finals_etl.wait_for_postgres scheduled__2025-11-02T00:00:00+00:00 [queued]>
[2025-11-09T20:11:54.077+0000] {taskinstance.py:1956} INFO - Dependencies all met for dep_context=requeueable deps ti=<TaskInstance: fifa_world_cup_finals_etl.wait_for_postgres scheduled__2025-11-02T00:00:00+00:00 [queued]>
[2025-11-09T20:11:54.077+0000] {taskinstance.py:2170} INFO - Starting attempt 1 of 2
[2025-11-09T20:11:54.089+0000] {taskinstance.py:2191} INFO - Executing <Task(BashOperator): wait_for_postgres> on 2025-11-02 00:00:00+00:00
[2025-11-09T20:11:54.096+0000] {standard_task_runner.py:60} INFO - Started process 184 to run task
[2025-11-09T20:11:54.100+0000] {standard_task_runner.py:87} INFO - Running: ['airflow', 'tasks', 'run', 'fifa_world_cup_finals_etl', 'wait_for_postgres', 'scheduled__2025-11-02T00:00:00+00:00', '--job-id', '2', '--raw', '--subdir', 'DAGS_FOLDER/dag_final.py', '--cfg-path', '/tmp/tmptly45tbm']
[2025-11-09T20:11:54.103+0000] {standard_task_runner.py:88} INFO - Job 2: Subtask wait_for_postgres
[2025-11-09T20:11:54.157+0000] {task_command.py:423} INFO - Running <TaskInstance: fifa_world_cup_finals_etl.wait_for_postgres scheduled__2025-11-02T00:00:00+00:00 [running]> on host 66214067612d
[2025-11-09T20:11:54.234+0000] {taskinstance.py:2480} INFO - Exporting env vars: AIRFLOW_CTX_DAG_OWNER='airflow' AIRFLOW_CTX_DAG_ID='fifa_world_cup_finals_etl' AIRFLOW_CTX_TASK_ID='wait_for_postgres' AIRFLOW_CTX_EXECUTION_DATE='2025-11-02T00:00:00+00:00' AIRFLOW_CTX_TRY_NUMBER='1' AIRFLOW_CTX_DAG_RUN_ID='scheduled__2025-11-02T00:00:00+00:00'
[2025-11-09T20:11:54.237+0000] {subprocess.py:63} INFO - Tmp dir root location: /tmp
[2025-11-09T20:11:54.238+0000] {subprocess.py:75} INFO - Running command: ['/usr/bin/bash', '-c', 'apt update && apt install -y netcat-openbsd && echo "Esperando por PostgreSQL..." && while ! nc -z postgres 5432; do   sleep 1; done; echo "PostgreSQL está disponible."']
[2025-11-09T20:11:54.253+0000] {subprocess.py:86} INFO - Output:
[2025-11-09T20:11:54.260+0000] {subprocess.py:93} INFO - 
[2025-11-09T20:11:54.261+0000] {subprocess.py:93} INFO - WARNING: apt does not have a stable CLI interface. Use with caution in scripts.
[2025-11-09T20:11:54.261+0000] {subprocess.py:93} INFO - 
[2025-11-09T20:11:54.274+0000] {subprocess.py:93} INFO - Reading package lists...
[2025-11-09T20:11:54.278+0000] {subprocess.py:93} INFO - E: List directory /var/lib/apt/lists/partial is missing. - Acquire (13: Permission denied)
[2025-11-09T20:11:54.279+0000] {subprocess.py:93} INFO - PostgreSQL está disponible.
[2025-11-09T20:11:54.279+0000] {subprocess.py:97} INFO - Command exited with return code 0
[2025-11-09T20:11:54.308+0000] {taskinstance.py:1138} INFO - Marking task as SUCCESS. dag_id=fifa_world_cup_finals_etl, task_id=wait_for_postgres, execution_date=20251102T000000, start_date=20251109T201154, end_date=20251109T201154
[2025-11-09T20:11:54.357+0000] {local_task_job_runner.py:234} INFO - Task exited with return code 0
[2025-11-09T20:11:54.387+0000] {taskinstance.py:3280} INFO - 1 downstream tasks scheduled from follow-on schedule check
[2025-11-09T20:20:57.391+0000] {taskinstance.py:1956} INFO - Dependencies all met for dep_context=non-requeueable deps ti=<TaskInstance: fifa_world_cup_finals_etl.wait_for_postgres scheduled__2025-11-02T00:00:00+00:00 [queued]>
[2025-11-09T20:20:57.399+0000] {taskinstance.py:1956} INFO - Dependencies all met for dep_context=requeueable deps ti=<TaskInstance: fifa_world_cup_finals_etl.wait_for_postgres scheduled__2025-11-02T00:00:00+00:00 [queued]>
[2025-11-09T20:20:57.400+0000] {taskinstance.py:2170} INFO - Starting attempt 1 of 2
[2025-11-09T20:20:57.412+0000] {taskinstance.py:2191} INFO - Executing <Task(BashOperator): wait_for_postgres> on 2025-11-02 00:00:00+00:00
[2025-11-09T20:20:57.420+0000] {standard_task_runner.py:60} INFO - Started process 196 to run task
[2025-11-09T20:20:57.424+0000] {standard_task_runner.py:87} INFO - Running: ['airflow', 'tasks', 'run', 'fifa_world_cup_finals_etl', 'wait_for_postgres', 'scheduled__2025-11-02T00:00:00+00:00', '--job-id', '2', '--raw', '--subdir', 'DAGS_FOLDER/dag_final.py', '--cfg-path', '/tmp/tmp1yesjxar']
[2025-11-09T20:20:57.426+0000] {standard_task_runner.py:88} INFO - Job 2: Subtask wait_for_postgres
[2025-11-09T20:20:57.489+0000] {task_command.py:423} INFO - Running <TaskInstance: fifa_world_cup_finals_etl.wait_for_postgres scheduled__2025-11-02T00:00:00+00:00 [running]> on host e812c784e240
[2025-11-09T20:20:57.571+0000] {taskinstance.py:2480} INFO - Exporting env vars: AIRFLOW_CTX_DAG_OWNER='airflow' AIRFLOW_CTX_DAG_ID='fifa_world_cup_finals_etl' AIRFLOW_CTX_TASK_ID='wait_for_postgres' AIRFLOW_CTX_EXECUTION_DATE='2025-11-02T00:00:00+00:00' AIRFLOW_CTX_TRY_NUMBER='1' AIRFLOW_CTX_DAG_RUN_ID='scheduled__2025-11-02T00:00:00+00:00'
[2025-11-09T20:20:57.572+0000] {subprocess.py:63} INFO - Tmp dir root location: /tmp
[2025-11-09T20:20:57.573+0000] {subprocess.py:75} INFO - Running command: ['/usr/bin/bash', '-c', 'apt update && apt install -y netcat-openbsd && echo "Esperando por PostgreSQL..." && while ! nc -z postgres 5432; do   sleep 1; done; echo "PostgreSQL está disponible."']
[2025-11-09T20:20:57.588+0000] {subprocess.py:86} INFO - Output:
[2025-11-09T20:20:57.596+0000] {subprocess.py:93} INFO - 
[2025-11-09T20:20:57.596+0000] {subprocess.py:93} INFO - WARNING: apt does not have a stable CLI interface. Use with caution in scripts.
[2025-11-09T20:20:57.597+0000] {subprocess.py:93} INFO - 
[2025-11-09T20:20:57.610+0000] {subprocess.py:93} INFO - Reading package lists...
[2025-11-09T20:20:57.614+0000] {subprocess.py:93} INFO - E: List directory /var/lib/apt/lists/partial is missing. - Acquire (13: Permission denied)
[2025-11-09T20:20:57.615+0000] {subprocess.py:93} INFO - PostgreSQL está disponible.
[2025-11-09T20:20:57.615+0000] {subprocess.py:97} INFO - Command exited with return code 0
[2025-11-09T20:20:57.643+0000] {taskinstance.py:1138} INFO - Marking task as SUCCESS. dag_id=fifa_world_cup_finals_etl, task_id=wait_for_postgres, execution_date=20251102T000000, start_date=20251109T202057, end_date=20251109T202057
[2025-11-09T20:20:57.679+0000] {local_task_job_runner.py:234} INFO - Task exited with return code 0
[2025-11-09T20:20:57.703+0000] {taskinstance.py:3280} INFO - 1 downstream tasks scheduled from follow-on schedule check
[2025-11-09T20:24:56.997+0000] {taskinstance.py:1956} INFO - Dependencies all met for dep_context=non-requeueable deps ti=<TaskInstance: fifa_world_cup_finals_etl.wait_for_postgres scheduled__2025-11-02T00:00:00+00:00 [queued]>
[2025-11-09T20:24:57.005+0000] {taskinstance.py:1956} INFO - Dependencies all met for dep_context=requeueable deps ti=<TaskInstance: fifa_world_cup_finals_etl.wait_for_postgres scheduled__2025-11-02T00:00:00+00:00 [queued]>
[2025-11-09T20:24:57.006+0000] {taskinstance.py:2170} INFO - Starting attempt 1 of 2
[2025-11-09T20:24:57.022+0000] {taskinstance.py:2191} INFO - Executing <Task(BashOperator): wait_for_postgres> on 2025-11-02 00:00:00+00:00
[2025-11-09T20:24:57.029+0000] {standard_task_runner.py:60} INFO - Started process 196 to run task
[2025-11-09T20:24:57.034+0000] {standard_task_runner.py:87} INFO - Running: ['airflow', 'tasks', 'run', 'fifa_world_cup_finals_etl', 'wait_for_postgres', 'scheduled__2025-11-02T00:00:00+00:00', '--job-id', '2', '--raw', '--subdir', 'DAGS_FOLDER/dag_final.py', '--cfg-path', '/tmp/tmpolkkyw36']
[2025-11-09T20:24:57.037+0000] {standard_task_runner.py:88} INFO - Job 2: Subtask wait_for_postgres
[2025-11-09T20:24:57.096+0000] {task_command.py:423} INFO - Running <TaskInstance: fifa_world_cup_finals_etl.wait_for_postgres scheduled__2025-11-02T00:00:00+00:00 [running]> on host 082e5be23dc3
[2025-11-09T20:24:57.180+0000] {taskinstance.py:2480} INFO - Exporting env vars: AIRFLOW_CTX_DAG_OWNER='airflow' AIRFLOW_CTX_DAG_ID='fifa_world_cup_finals_etl' AIRFLOW_CTX_TASK_ID='wait_for_postgres' AIRFLOW_CTX_EXECUTION_DATE='2025-11-02T00:00:00+00:00' AIRFLOW_CTX_TRY_NUMBER='1' AIRFLOW_CTX_DAG_RUN_ID='scheduled__2025-11-02T00:00:00+00:00'
[2025-11-09T20:24:57.182+0000] {subprocess.py:63} INFO - Tmp dir root location: /tmp
[2025-11-09T20:24:57.183+0000] {subprocess.py:75} INFO - Running command: ['/usr/bin/bash', '-c', 'apt update && apt install -y netcat-openbsd && echo "Esperando por PostgreSQL..." && while ! nc -z postgres 5432; do   sleep 1; done; echo "PostgreSQL está disponible."']
[2025-11-09T20:24:57.198+0000] {subprocess.py:86} INFO - Output:
[2025-11-09T20:24:57.206+0000] {subprocess.py:93} INFO - 
[2025-11-09T20:24:57.207+0000] {subprocess.py:93} INFO - WARNING: apt does not have a stable CLI interface. Use with caution in scripts.
[2025-11-09T20:24:57.207+0000] {subprocess.py:93} INFO - 
[2025-11-09T20:24:57.221+0000] {subprocess.py:93} INFO - Reading package lists...
[2025-11-09T20:24:57.225+0000] {subprocess.py:93} INFO - E: List directory /var/lib/apt/lists/partial is missing. - Acquire (13: Permission denied)
[2025-11-09T20:24:57.226+0000] {subprocess.py:93} INFO - PostgreSQL está disponible.
[2025-11-09T20:24:57.227+0000] {subprocess.py:97} INFO - Command exited with return code 0
[2025-11-09T20:24:57.255+0000] {taskinstance.py:1138} INFO - Marking task as SUCCESS. dag_id=fifa_world_cup_finals_etl, task_id=wait_for_postgres, execution_date=20251102T000000, start_date=20251109T202456, end_date=20251109T202457
[2025-11-09T20:24:57.289+0000] {local_task_job_runner.py:234} INFO - Task exited with return code 0
[2025-11-09T20:24:57.313+0000] {taskinstance.py:3280} INFO - 1 downstream tasks scheduled from follow-on schedule check
