[2025-11-09T20:04:49.128+0000] {taskinstance.py:1956} INFO - Dependencies all met for dep_context=non-requeueable deps ti=<TaskInstance: fifa_world_cup_finals_etl.diagnose_dbt_path manual__2025-11-09T20:04:44.963618+00:00 [queued]>
[2025-11-09T20:04:49.133+0000] {taskinstance.py:1956} INFO - Dependencies all met for dep_context=requeueable deps ti=<TaskInstance: fifa_world_cup_finals_etl.diagnose_dbt_path manual__2025-11-09T20:04:44.963618+00:00 [queued]>
[2025-11-09T20:04:49.134+0000] {taskinstance.py:2170} INFO - Starting attempt 1 of 2
[2025-11-09T20:04:49.148+0000] {taskinstance.py:2191} INFO - Executing <Task(BashOperator): diagnose_dbt_path> on 2025-11-09 20:04:44.963618+00:00
[2025-11-09T20:04:49.156+0000] {standard_task_runner.py:60} INFO - Started process 190 to run task
[2025-11-09T20:04:49.160+0000] {standard_task_runner.py:87} INFO - Running: ['airflow', 'tasks', 'run', 'fifa_world_cup_finals_etl', 'diagnose_dbt_path', 'manual__2025-11-09T20:04:44.963618+00:00', '--job-id', '5', '--raw', '--subdir', 'DAGS_FOLDER/dag_final.py', '--cfg-path', '/tmp/tmpst8ga9ia']
[2025-11-09T20:04:49.163+0000] {standard_task_runner.py:88} INFO - Job 5: Subtask diagnose_dbt_path
[2025-11-09T20:04:49.222+0000] {task_command.py:423} INFO - Running <TaskInstance: fifa_world_cup_finals_etl.diagnose_dbt_path manual__2025-11-09T20:04:44.963618+00:00 [running]> on host eec2b59dccb3
[2025-11-09T20:04:49.304+0000] {taskinstance.py:2480} INFO - Exporting env vars: AIRFLOW_CTX_DAG_OWNER='airflow' AIRFLOW_CTX_DAG_ID='fifa_world_cup_finals_etl' AIRFLOW_CTX_TASK_ID='diagnose_dbt_path' AIRFLOW_CTX_EXECUTION_DATE='2025-11-09T20:04:44.963618+00:00' AIRFLOW_CTX_TRY_NUMBER='1' AIRFLOW_CTX_DAG_RUN_ID='manual__2025-11-09T20:04:44.963618+00:00'
[2025-11-09T20:04:49.307+0000] {subprocess.py:63} INFO - Tmp dir root location: /tmp
[2025-11-09T20:04:49.308+0000] {subprocess.py:75} INFO - Running command: ['/usr/bin/bash', '-c', 'echo "PATH: $PATH" && find / -name "dbt" 2>/dev/null']
[2025-11-09T20:04:49.323+0000] {subprocess.py:86} INFO - Output:
[2025-11-09T20:04:49.325+0000] {subprocess.py:93} INFO - PATH: /root/bin:/home/airflow/.local/bin:/usr/local/bin:/usr/local/sbin:/usr/local/bin:/usr/sbin:/usr/bin:/sbin:/bin
[2025-11-09T20:04:50.855+0000] {subprocess.py:93} INFO - /home/airflow/.local/lib/python3.8/site-packages/openlineage/common/provider/dbt
[2025-11-09T20:04:50.858+0000] {subprocess.py:97} INFO - Command exited with return code 1
[2025-11-09T20:04:50.870+0000] {taskinstance.py:2698} ERROR - Task failed with exception
Traceback (most recent call last):
  File "/home/airflow/.local/lib/python3.8/site-packages/airflow/models/taskinstance.py", line 433, in _execute_task
    result = execute_callable(context=context, **execute_callable_kwargs)
  File "/home/airflow/.local/lib/python3.8/site-packages/airflow/operators/bash.py", line 212, in execute
    raise AirflowException(
airflow.exceptions.AirflowException: Bash command failed. The command returned a non-zero exit code 1.
[2025-11-09T20:04:50.872+0000] {taskinstance.py:1138} INFO - Marking task as UP_FOR_RETRY. dag_id=fifa_world_cup_finals_etl, task_id=diagnose_dbt_path, execution_date=20251109T200444, start_date=20251109T200449, end_date=20251109T200450
[2025-11-09T20:04:50.885+0000] {standard_task_runner.py:107} ERROR - Failed to execute job 5 for task diagnose_dbt_path (Bash command failed. The command returned a non-zero exit code 1.; 190)
[2025-11-09T20:04:50.921+0000] {local_task_job_runner.py:234} INFO - Task exited with return code 1
[2025-11-09T20:04:50.942+0000] {taskinstance.py:3280} INFO - 0 downstream tasks scheduled from follow-on schedule check
