[2025-11-09T20:03:25.992+0000] {taskinstance.py:1956} INFO - Dependencies all met for dep_context=non-requeueable deps ti=<TaskInstance: fifa_world_cup_finals_etl.diagnose_dbt_path scheduled__2025-11-02T00:00:00+00:00 [queued]>
[2025-11-09T20:03:25.998+0000] {taskinstance.py:1956} INFO - Dependencies all met for dep_context=requeueable deps ti=<TaskInstance: fifa_world_cup_finals_etl.diagnose_dbt_path scheduled__2025-11-02T00:00:00+00:00 [queued]>
[2025-11-09T20:03:25.999+0000] {taskinstance.py:2170} INFO - Starting attempt 1 of 2
[2025-11-09T20:03:26.012+0000] {taskinstance.py:2191} INFO - Executing <Task(BashOperator): diagnose_dbt_path> on 2025-11-02 00:00:00+00:00
[2025-11-09T20:03:26.020+0000] {standard_task_runner.py:60} INFO - Started process 352 to run task
[2025-11-09T20:03:26.025+0000] {standard_task_runner.py:87} INFO - Running: ['airflow', 'tasks', 'run', 'fifa_world_cup_finals_etl', 'diagnose_dbt_path', 'scheduled__2025-11-02T00:00:00+00:00', '--job-id', '9', '--raw', '--subdir', 'DAGS_FOLDER/dag_final.py', '--cfg-path', '/tmp/tmpr5k7e7r0']
[2025-11-09T20:03:26.027+0000] {standard_task_runner.py:88} INFO - Job 9: Subtask diagnose_dbt_path
[2025-11-09T20:03:26.085+0000] {task_command.py:423} INFO - Running <TaskInstance: fifa_world_cup_finals_etl.diagnose_dbt_path scheduled__2025-11-02T00:00:00+00:00 [running]> on host 34ca043c4ede
[2025-11-09T20:03:26.165+0000] {taskinstance.py:2480} INFO - Exporting env vars: AIRFLOW_CTX_DAG_OWNER='airflow' AIRFLOW_CTX_DAG_ID='fifa_world_cup_finals_etl' AIRFLOW_CTX_TASK_ID='diagnose_dbt_path' AIRFLOW_CTX_EXECUTION_DATE='2025-11-02T00:00:00+00:00' AIRFLOW_CTX_TRY_NUMBER='1' AIRFLOW_CTX_DAG_RUN_ID='scheduled__2025-11-02T00:00:00+00:00'
[2025-11-09T20:03:26.167+0000] {subprocess.py:63} INFO - Tmp dir root location: /tmp
[2025-11-09T20:03:26.168+0000] {subprocess.py:75} INFO - Running command: ['/usr/bin/bash', '-c', 'echo "PATH: $PATH" && find / -name "dbt" 2>/dev/null']
[2025-11-09T20:03:26.183+0000] {subprocess.py:86} INFO - Output:
[2025-11-09T20:03:26.185+0000] {subprocess.py:93} INFO - PATH: /root/bin:/home/airflow/.local/bin:/usr/local/bin:/usr/local/sbin:/usr/local/bin:/usr/sbin:/usr/bin:/sbin:/bin
[2025-11-09T20:03:26.463+0000] {local_task_job_runner.py:121} ERROR - Received SIGTERM. Terminating subprocesses
[2025-11-09T20:03:26.477+0000] {process_utils.py:131} INFO - Sending 15 to group 352. PIDs of all processes in the group: [355, 356, 352]
[2025-11-09T20:03:26.507+0000] {process_utils.py:86} INFO - Sending the signal 15 to group 352
[2025-11-09T20:03:26.513+0000] {taskinstance.py:2450} ERROR - Received SIGTERM. Terminating subprocesses.
[2025-11-09T20:03:26.515+0000] {subprocess.py:104} INFO - Sending SIGTERM signal to process group
[2025-11-09T20:03:26.529+0000] {taskinstance.py:2698} ERROR - Task failed with exception
Traceback (most recent call last):
  File "/home/airflow/.local/lib/python3.8/site-packages/airflow/models/taskinstance.py", line 433, in _execute_task
    result = execute_callable(context=context, **execute_callable_kwargs)
  File "/home/airflow/.local/lib/python3.8/site-packages/airflow/operators/bash.py", line 203, in execute
    result = self.subprocess_hook.run_command(
  File "/home/airflow/.local/lib/python3.8/site-packages/airflow/hooks/subprocess.py", line 91, in run_command
    for raw_line in iter(self.sub_process.stdout.readline, b""):
  File "/home/airflow/.local/lib/python3.8/site-packages/airflow/models/taskinstance.py", line 2452, in signal_handler
    raise AirflowException("Task received SIGTERM signal")
airflow.exceptions.AirflowException: Task received SIGTERM signal
[2025-11-09T20:03:26.531+0000] {taskinstance.py:1138} INFO - Marking task as UP_FOR_RETRY. dag_id=fifa_world_cup_finals_etl, task_id=diagnose_dbt_path, execution_date=20251102T000000, start_date=20251109T200325, end_date=20251109T200326
[2025-11-09T20:03:26.545+0000] {standard_task_runner.py:107} ERROR - Failed to execute job 9 for task diagnose_dbt_path (Task received SIGTERM signal; 352)
[2025-11-09T20:03:26.567+0000] {process_utils.py:79} INFO - Process psutil.Process(pid=352, status='terminated', exitcode=1, started='20:03:25') (352) terminated with exit code 1
[2025-11-09T20:03:26.568+0000] {process_utils.py:79} INFO - Process psutil.Process(pid=355, status='terminated', started='20:03:25') (355) terminated with exit code None
[2025-11-09T20:03:26.569+0000] {process_utils.py:79} INFO - Process psutil.Process(pid=356, status='terminated', started='20:03:25') (356) terminated with exit code None
[2025-11-09T20:03:26.569+0000] {local_task_job_runner.py:234} INFO - Task exited with return code 143
[2025-11-09T20:03:26.593+0000] {taskinstance.py:3280} INFO - 0 downstream tasks scheduled from follow-on schedule check
[2025-11-09T20:04:49.128+0000] {taskinstance.py:1956} INFO - Dependencies all met for dep_context=non-requeueable deps ti=<TaskInstance: fifa_world_cup_finals_etl.diagnose_dbt_path scheduled__2025-11-02T00:00:00+00:00 [queued]>
[2025-11-09T20:04:49.133+0000] {taskinstance.py:1956} INFO - Dependencies all met for dep_context=requeueable deps ti=<TaskInstance: fifa_world_cup_finals_etl.diagnose_dbt_path scheduled__2025-11-02T00:00:00+00:00 [queued]>
[2025-11-09T20:04:49.134+0000] {taskinstance.py:2170} INFO - Starting attempt 1 of 2
[2025-11-09T20:04:49.150+0000] {taskinstance.py:2191} INFO - Executing <Task(BashOperator): diagnose_dbt_path> on 2025-11-02 00:00:00+00:00
[2025-11-09T20:04:49.159+0000] {standard_task_runner.py:60} INFO - Started process 191 to run task
[2025-11-09T20:04:49.164+0000] {standard_task_runner.py:87} INFO - Running: ['airflow', 'tasks', 'run', 'fifa_world_cup_finals_etl', 'diagnose_dbt_path', 'scheduled__2025-11-02T00:00:00+00:00', '--job-id', '4', '--raw', '--subdir', 'DAGS_FOLDER/dag_final.py', '--cfg-path', '/tmp/tmphmqqs2wv']
[2025-11-09T20:04:49.166+0000] {standard_task_runner.py:88} INFO - Job 4: Subtask diagnose_dbt_path
[2025-11-09T20:04:49.225+0000] {task_command.py:423} INFO - Running <TaskInstance: fifa_world_cup_finals_etl.diagnose_dbt_path scheduled__2025-11-02T00:00:00+00:00 [running]> on host eec2b59dccb3
[2025-11-09T20:04:49.303+0000] {taskinstance.py:2480} INFO - Exporting env vars: AIRFLOW_CTX_DAG_OWNER='airflow' AIRFLOW_CTX_DAG_ID='fifa_world_cup_finals_etl' AIRFLOW_CTX_TASK_ID='diagnose_dbt_path' AIRFLOW_CTX_EXECUTION_DATE='2025-11-02T00:00:00+00:00' AIRFLOW_CTX_TRY_NUMBER='1' AIRFLOW_CTX_DAG_RUN_ID='scheduled__2025-11-02T00:00:00+00:00'
[2025-11-09T20:04:49.307+0000] {subprocess.py:63} INFO - Tmp dir root location: /tmp
[2025-11-09T20:04:49.309+0000] {subprocess.py:75} INFO - Running command: ['/usr/bin/bash', '-c', 'echo "PATH: $PATH" && find / -name "dbt" 2>/dev/null']
[2025-11-09T20:04:49.323+0000] {subprocess.py:86} INFO - Output:
[2025-11-09T20:04:49.325+0000] {subprocess.py:93} INFO - PATH: /root/bin:/home/airflow/.local/bin:/usr/local/bin:/usr/local/sbin:/usr/local/bin:/usr/sbin:/usr/bin:/sbin:/bin
[2025-11-09T20:04:50.855+0000] {subprocess.py:93} INFO - /home/airflow/.local/lib/python3.8/site-packages/openlineage/common/provider/dbt
[2025-11-09T20:04:50.858+0000] {subprocess.py:97} INFO - Command exited with return code 1
[2025-11-09T20:04:50.869+0000] {taskinstance.py:2698} ERROR - Task failed with exception
Traceback (most recent call last):
  File "/home/airflow/.local/lib/python3.8/site-packages/airflow/models/taskinstance.py", line 433, in _execute_task
    result = execute_callable(context=context, **execute_callable_kwargs)
  File "/home/airflow/.local/lib/python3.8/site-packages/airflow/operators/bash.py", line 212, in execute
    raise AirflowException(
airflow.exceptions.AirflowException: Bash command failed. The command returned a non-zero exit code 1.
[2025-11-09T20:04:50.872+0000] {taskinstance.py:1138} INFO - Marking task as UP_FOR_RETRY. dag_id=fifa_world_cup_finals_etl, task_id=diagnose_dbt_path, execution_date=20251102T000000, start_date=20251109T200449, end_date=20251109T200450
[2025-11-09T20:04:50.883+0000] {standard_task_runner.py:107} ERROR - Failed to execute job 4 for task diagnose_dbt_path (Bash command failed. The command returned a non-zero exit code 1.; 191)
[2025-11-09T20:04:50.922+0000] {local_task_job_runner.py:234} INFO - Task exited with return code 1
[2025-11-09T20:04:50.942+0000] {taskinstance.py:3280} INFO - 0 downstream tasks scheduled from follow-on schedule check
