[2025-11-09T17:21:31.609+0000] {taskinstance.py:1956} INFO - Dependencies all met for dep_context=non-requeueable deps ti=<TaskInstance: fifa_world_cup_finals_etl.scrape_fifa_raw_data manual__2025-11-09T17:21:30.037919+00:00 [queued]>
[2025-11-09T17:21:31.616+0000] {taskinstance.py:1956} INFO - Dependencies all met for dep_context=requeueable deps ti=<TaskInstance: fifa_world_cup_finals_etl.scrape_fifa_raw_data manual__2025-11-09T17:21:30.037919+00:00 [queued]>
[2025-11-09T17:21:31.616+0000] {taskinstance.py:2170} INFO - Starting attempt 1 of 2
[2025-11-09T17:21:31.628+0000] {taskinstance.py:2191} INFO - Executing <Task(PythonOperator): scrape_fifa_raw_data> on 2025-11-09 17:21:30.037919+00:00
[2025-11-09T17:21:31.635+0000] {standard_task_runner.py:60} INFO - Started process 196 to run task
[2025-11-09T17:21:31.639+0000] {standard_task_runner.py:87} INFO - Running: ['airflow', 'tasks', 'run', 'fifa_world_cup_finals_etl', 'scrape_fifa_raw_data', 'manual__2025-11-09T17:21:30.037919+00:00', '--job-id', '3', '--raw', '--subdir', 'DAGS_FOLDER/dag_final.py', '--cfg-path', '/tmp/tmpwthxj84d']
[2025-11-09T17:21:31.642+0000] {standard_task_runner.py:88} INFO - Job 3: Subtask scrape_fifa_raw_data
[2025-11-09T17:21:31.698+0000] {task_command.py:423} INFO - Running <TaskInstance: fifa_world_cup_finals_etl.scrape_fifa_raw_data manual__2025-11-09T17:21:30.037919+00:00 [running]> on host 5dc5c03d572d
[2025-11-09T17:21:31.770+0000] {taskinstance.py:2480} INFO - Exporting env vars: AIRFLOW_CTX_DAG_OWNER='airflow' AIRFLOW_CTX_DAG_ID='fifa_world_cup_finals_etl' AIRFLOW_CTX_TASK_ID='scrape_fifa_raw_data' AIRFLOW_CTX_EXECUTION_DATE='2025-11-09T17:21:30.037919+00:00' AIRFLOW_CTX_TRY_NUMBER='1' AIRFLOW_CTX_DAG_RUN_ID='manual__2025-11-09T17:21:30.037919+00:00'
[2025-11-09T17:21:32.165+0000] {taskinstance.py:2698} ERROR - Task failed with exception
Traceback (most recent call last):
  File "/home/airflow/.local/lib/python3.8/site-packages/sqlalchemy/engine/base.py", line 1910, in _execute_context
    self.dialect.do_execute(
  File "/home/airflow/.local/lib/python3.8/site-packages/sqlalchemy/engine/default.py", line 736, in do_execute
    cursor.execute(statement, parameters)
psycopg2.errors.UndefinedTable: relation "staging.fifa_raw_finals" does not exist


The above exception was the direct cause of the following exception:

Traceback (most recent call last):
  File "/home/airflow/.local/lib/python3.8/site-packages/airflow/models/taskinstance.py", line 433, in _execute_task
    result = execute_callable(context=context, **execute_callable_kwargs)
  File "/home/airflow/.local/lib/python3.8/site-packages/airflow/operators/python.py", line 199, in execute
    return_value = self.execute_callable()
  File "/home/airflow/.local/lib/python3.8/site-packages/airflow/operators/python.py", line 216, in execute_callable
    return self.python_callable(*self.op_args, **self.op_kwargs)
  File "/opt/airflow/dags/dag_final.py", line 29, in scrape_fifa_raw
    conn.execute(text("TRUNCATE TABLE staging.fifa_raw_finals"))
  File "/home/airflow/.local/lib/python3.8/site-packages/sqlalchemy/engine/base.py", line 1385, in execute
    return meth(self, multiparams, params, _EMPTY_EXECUTION_OPTS)
  File "/home/airflow/.local/lib/python3.8/site-packages/sqlalchemy/sql/elements.py", line 334, in _execute_on_connection
    return connection._execute_clauseelement(
  File "/home/airflow/.local/lib/python3.8/site-packages/sqlalchemy/engine/base.py", line 1577, in _execute_clauseelement
    ret = self._execute_context(
  File "/home/airflow/.local/lib/python3.8/site-packages/sqlalchemy/engine/base.py", line 1953, in _execute_context
    self._handle_dbapi_exception(
  File "/home/airflow/.local/lib/python3.8/site-packages/sqlalchemy/engine/base.py", line 2134, in _handle_dbapi_exception
    util.raise_(
  File "/home/airflow/.local/lib/python3.8/site-packages/sqlalchemy/util/compat.py", line 211, in raise_
    raise exception
  File "/home/airflow/.local/lib/python3.8/site-packages/sqlalchemy/engine/base.py", line 1910, in _execute_context
    self.dialect.do_execute(
  File "/home/airflow/.local/lib/python3.8/site-packages/sqlalchemy/engine/default.py", line 736, in do_execute
    cursor.execute(statement, parameters)
sqlalchemy.exc.ProgrammingError: (psycopg2.errors.UndefinedTable) relation "staging.fifa_raw_finals" does not exist

[SQL: TRUNCATE TABLE staging.fifa_raw_finals]
(Background on this error at: https://sqlalche.me/e/14/f405)
[2025-11-09T17:21:32.180+0000] {taskinstance.py:1138} INFO - Marking task as UP_FOR_RETRY. dag_id=fifa_world_cup_finals_etl, task_id=scrape_fifa_raw_data, execution_date=20251109T172130, start_date=20251109T172131, end_date=20251109T172132
[2025-11-09T17:21:32.190+0000] {standard_task_runner.py:107} ERROR - Failed to execute job 3 for task scrape_fifa_raw_data ((psycopg2.errors.UndefinedTable) relation "staging.fifa_raw_finals" does not exist

[SQL: TRUNCATE TABLE staging.fifa_raw_finals]
(Background on this error at: https://sqlalche.me/e/14/f405); 196)
[2025-11-09T17:21:32.225+0000] {local_task_job_runner.py:234} INFO - Task exited with return code 1
[2025-11-09T17:21:32.246+0000] {taskinstance.py:3280} INFO - 0 downstream tasks scheduled from follow-on schedule check
