[2025-11-09T20:34:53.955+0000] {taskinstance.py:1956} INFO - Dependencies all met for dep_context=non-requeueable deps ti=<TaskInstance: fifa_world_cup_finals_etl.dbt_run_fifa_world_cup_finals manual__2025-11-09T20:34:49.704643+00:00 [queued]>
[2025-11-09T20:34:53.961+0000] {taskinstance.py:1956} INFO - Dependencies all met for dep_context=requeueable deps ti=<TaskInstance: fifa_world_cup_finals_etl.dbt_run_fifa_world_cup_finals manual__2025-11-09T20:34:49.704643+00:00 [queued]>
[2025-11-09T20:34:53.961+0000] {taskinstance.py:2170} INFO - Starting attempt 1 of 2
[2025-11-09T20:34:53.974+0000] {taskinstance.py:2191} INFO - Executing <Task(BashOperator): dbt_run_fifa_world_cup_finals> on 2025-11-09 20:34:49.704643+00:00
[2025-11-09T20:34:53.983+0000] {standard_task_runner.py:60} INFO - Started process 282 to run task
[2025-11-09T20:34:53.988+0000] {standard_task_runner.py:87} INFO - Running: ['airflow', 'tasks', 'run', 'fifa_world_cup_finals_etl', 'dbt_run_fifa_world_cup_finals', 'manual__2025-11-09T20:34:49.704643+00:00', '--job-id', '5', '--raw', '--subdir', 'DAGS_FOLDER/dag_final.py', '--cfg-path', '/tmp/tmpusn0m1ho']
[2025-11-09T20:34:53.990+0000] {standard_task_runner.py:88} INFO - Job 5: Subtask dbt_run_fifa_world_cup_finals
[2025-11-09T20:34:54.039+0000] {task_command.py:423} INFO - Running <TaskInstance: fifa_world_cup_finals_etl.dbt_run_fifa_world_cup_finals manual__2025-11-09T20:34:49.704643+00:00 [running]> on host 08ac476dba5e
[2025-11-09T20:34:54.113+0000] {taskinstance.py:2480} INFO - Exporting env vars: AIRFLOW_CTX_DAG_OWNER='airflow' AIRFLOW_CTX_DAG_ID='fifa_world_cup_finals_etl' AIRFLOW_CTX_TASK_ID='dbt_run_fifa_world_cup_finals' AIRFLOW_CTX_EXECUTION_DATE='2025-11-09T20:34:49.704643+00:00' AIRFLOW_CTX_TRY_NUMBER='1' AIRFLOW_CTX_DAG_RUN_ID='manual__2025-11-09T20:34:49.704643+00:00'
[2025-11-09T20:34:54.115+0000] {subprocess.py:63} INFO - Tmp dir root location: /tmp
[2025-11-09T20:34:54.117+0000] {subprocess.py:75} INFO - Running command: ['/usr/bin/bash', '-c', 'cd /opt/airflow/dags/transforms && /home/airflow/.local/bin/dbt run --select fifa']
[2025-11-09T20:34:54.130+0000] {subprocess.py:86} INFO - Output:
[2025-11-09T20:34:54.133+0000] {subprocess.py:93} INFO - /usr/bin/bash: line 1: /home/airflow/.local/bin/dbt: No such file or directory
[2025-11-09T20:34:54.134+0000] {subprocess.py:97} INFO - Command exited with return code 127
[2025-11-09T20:34:54.146+0000] {taskinstance.py:2698} ERROR - Task failed with exception
Traceback (most recent call last):
  File "/home/airflow/.local/lib/python3.8/site-packages/airflow/models/taskinstance.py", line 433, in _execute_task
    result = execute_callable(context=context, **execute_callable_kwargs)
  File "/home/airflow/.local/lib/python3.8/site-packages/airflow/operators/bash.py", line 212, in execute
    raise AirflowException(
airflow.exceptions.AirflowException: Bash command failed. The command returned a non-zero exit code 127.
[2025-11-09T20:34:54.149+0000] {taskinstance.py:1138} INFO - Marking task as UP_FOR_RETRY. dag_id=fifa_world_cup_finals_etl, task_id=dbt_run_fifa_world_cup_finals, execution_date=20251109T203449, start_date=20251109T203453, end_date=20251109T203454
[2025-11-09T20:34:54.161+0000] {standard_task_runner.py:107} ERROR - Failed to execute job 5 for task dbt_run_fifa_world_cup_finals (Bash command failed. The command returned a non-zero exit code 127.; 282)
[2025-11-09T20:34:54.205+0000] {local_task_job_runner.py:234} INFO - Task exited with return code 1
[2025-11-09T20:34:54.221+0000] {taskinstance.py:3280} INFO - 0 downstream tasks scheduled from follow-on schedule check
