[2025-11-09T19:45:41.691+0000] {taskinstance.py:1956} INFO - Dependencies all met for dep_context=non-requeueable deps ti=<TaskInstance: fifa_world_cup_finals_etl.dbt_run_fifa_world_cup_finals manual__2025-11-09T19:40:36.110743+00:00 [queued]>
[2025-11-09T19:45:41.697+0000] {taskinstance.py:1956} INFO - Dependencies all met for dep_context=requeueable deps ti=<TaskInstance: fifa_world_cup_finals_etl.dbt_run_fifa_world_cup_finals manual__2025-11-09T19:40:36.110743+00:00 [queued]>
[2025-11-09T19:45:41.698+0000] {taskinstance.py:2170} INFO - Starting attempt 2 of 2
[2025-11-09T19:45:41.708+0000] {taskinstance.py:2191} INFO - Executing <Task(BashOperator): dbt_run_fifa_world_cup_finals> on 2025-11-09 19:40:36.110743+00:00
[2025-11-09T19:45:41.715+0000] {standard_task_runner.py:60} INFO - Started process 401 to run task
[2025-11-09T19:45:41.719+0000] {standard_task_runner.py:87} INFO - Running: ['airflow', 'tasks', 'run', 'fifa_world_cup_finals_etl', 'dbt_run_fifa_world_cup_finals', 'manual__2025-11-09T19:40:36.110743+00:00', '--job-id', '7', '--raw', '--subdir', 'DAGS_FOLDER/dag_final.py', '--cfg-path', '/tmp/tmpfar_c_lp']
[2025-11-09T19:45:41.721+0000] {standard_task_runner.py:88} INFO - Job 7: Subtask dbt_run_fifa_world_cup_finals
[2025-11-09T19:45:41.787+0000] {task_command.py:423} INFO - Running <TaskInstance: fifa_world_cup_finals_etl.dbt_run_fifa_world_cup_finals manual__2025-11-09T19:40:36.110743+00:00 [running]> on host 16b9eea7447b
[2025-11-09T19:45:41.851+0000] {taskinstance.py:2480} INFO - Exporting env vars: AIRFLOW_CTX_DAG_OWNER='airflow' AIRFLOW_CTX_DAG_ID='fifa_world_cup_finals_etl' AIRFLOW_CTX_TASK_ID='dbt_run_fifa_world_cup_finals' AIRFLOW_CTX_EXECUTION_DATE='2025-11-09T19:40:36.110743+00:00' AIRFLOW_CTX_TRY_NUMBER='2' AIRFLOW_CTX_DAG_RUN_ID='manual__2025-11-09T19:40:36.110743+00:00'
[2025-11-09T19:45:41.853+0000] {subprocess.py:63} INFO - Tmp dir root location: /tmp
[2025-11-09T19:45:41.854+0000] {subprocess.py:75} INFO - Running command: ['/usr/bin/bash', '-c', 'DBT_BIN=$(which dbt || echo "/home/airflow/.local/bin/dbt") && cd /opt/airflow/dags/transforms && $DBT_BIN run --select fifa_world_cup_finals']
[2025-11-09T19:45:41.867+0000] {subprocess.py:86} INFO - Output:
[2025-11-09T19:45:41.873+0000] {subprocess.py:93} INFO - /usr/bin/bash: line 1: /home/airflow/.local/bin/dbt: No such file or directory
[2025-11-09T19:45:41.874+0000] {subprocess.py:97} INFO - Command exited with return code 127
[2025-11-09T19:45:41.887+0000] {taskinstance.py:2698} ERROR - Task failed with exception
Traceback (most recent call last):
  File "/home/airflow/.local/lib/python3.8/site-packages/airflow/models/taskinstance.py", line 433, in _execute_task
    result = execute_callable(context=context, **execute_callable_kwargs)
  File "/home/airflow/.local/lib/python3.8/site-packages/airflow/operators/bash.py", line 212, in execute
    raise AirflowException(
airflow.exceptions.AirflowException: Bash command failed. The command returned a non-zero exit code 127.
[2025-11-09T19:45:41.889+0000] {taskinstance.py:1138} INFO - Marking task as FAILED. dag_id=fifa_world_cup_finals_etl, task_id=dbt_run_fifa_world_cup_finals, execution_date=20251109T194036, start_date=20251109T194541, end_date=20251109T194541
[2025-11-09T19:45:41.900+0000] {standard_task_runner.py:107} ERROR - Failed to execute job 7 for task dbt_run_fifa_world_cup_finals (Bash command failed. The command returned a non-zero exit code 127.; 401)
[2025-11-09T19:45:41.938+0000] {local_task_job_runner.py:234} INFO - Task exited with return code 1
[2025-11-09T19:45:41.955+0000] {taskinstance.py:3280} INFO - 0 downstream tasks scheduled from follow-on schedule check
