[2025-11-09T19:58:59.134+0000] {taskinstance.py:1956} INFO - Dependencies all met for dep_context=non-requeueable deps ti=<TaskInstance: fifa_world_cup_finals_etl.wait_for_postgres manual__2025-11-09T19:58:57.842362+00:00 [queued]>
[2025-11-09T19:58:59.143+0000] {taskinstance.py:1956} INFO - Dependencies all met for dep_context=requeueable deps ti=<TaskInstance: fifa_world_cup_finals_etl.wait_for_postgres manual__2025-11-09T19:58:57.842362+00:00 [queued]>
[2025-11-09T19:58:59.144+0000] {taskinstance.py:2170} INFO - Starting attempt 1 of 2
[2025-11-09T19:58:59.156+0000] {taskinstance.py:2191} INFO - Executing <Task(BashOperator): wait_for_postgres> on 2025-11-09 19:58:57.842362+00:00
[2025-11-09T19:58:59.166+0000] {standard_task_runner.py:60} INFO - Started process 215 to run task
[2025-11-09T19:58:59.171+0000] {standard_task_runner.py:87} INFO - Running: ['airflow', 'tasks', 'run', 'fifa_world_cup_finals_etl', 'wait_for_postgres', 'manual__2025-11-09T19:58:57.842362+00:00', '--job-id', '3', '--raw', '--subdir', 'DAGS_FOLDER/dag_final.py', '--cfg-path', '/tmp/tmpkkkfvpqr']
[2025-11-09T19:58:59.178+0000] {standard_task_runner.py:88} INFO - Job 3: Subtask wait_for_postgres
[2025-11-09T19:58:59.258+0000] {task_command.py:423} INFO - Running <TaskInstance: fifa_world_cup_finals_etl.wait_for_postgres manual__2025-11-09T19:58:57.842362+00:00 [running]> on host 34ca043c4ede
[2025-11-09T19:58:59.371+0000] {taskinstance.py:2480} INFO - Exporting env vars: AIRFLOW_CTX_DAG_OWNER='airflow' AIRFLOW_CTX_DAG_ID='fifa_world_cup_finals_etl' AIRFLOW_CTX_TASK_ID='wait_for_postgres' AIRFLOW_CTX_EXECUTION_DATE='2025-11-09T19:58:57.842362+00:00' AIRFLOW_CTX_TRY_NUMBER='1' AIRFLOW_CTX_DAG_RUN_ID='manual__2025-11-09T19:58:57.842362+00:00'
[2025-11-09T19:58:59.373+0000] {subprocess.py:63} INFO - Tmp dir root location: /tmp
[2025-11-09T19:58:59.375+0000] {subprocess.py:75} INFO - Running command: ['/usr/bin/bash', '-c', 'apt update && apt install -y netcat-openbsd && echo "Esperando por PostgreSQL..." && while ! nc -z postgres 5432; do   sleep 1; done; echo "PostgreSQL está disponible."']
[2025-11-09T19:58:59.392+0000] {subprocess.py:86} INFO - Output:
[2025-11-09T19:58:59.412+0000] {subprocess.py:93} INFO - 
[2025-11-09T19:58:59.412+0000] {subprocess.py:93} INFO - WARNING: apt does not have a stable CLI interface. Use with caution in scripts.
[2025-11-09T19:58:59.414+0000] {subprocess.py:93} INFO - 
[2025-11-09T19:58:59.436+0000] {subprocess.py:93} INFO - Reading package lists...
[2025-11-09T19:58:59.440+0000] {subprocess.py:93} INFO - E: List directory /var/lib/apt/lists/partial is missing. - Acquire (13: Permission denied)
[2025-11-09T19:58:59.442+0000] {subprocess.py:93} INFO - PostgreSQL está disponible.
[2025-11-09T19:58:59.442+0000] {subprocess.py:97} INFO - Command exited with return code 0
[2025-11-09T19:58:59.474+0000] {taskinstance.py:1138} INFO - Marking task as SUCCESS. dag_id=fifa_world_cup_finals_etl, task_id=wait_for_postgres, execution_date=20251109T195857, start_date=20251109T195859, end_date=20251109T195859
[2025-11-09T19:58:59.511+0000] {local_task_job_runner.py:234} INFO - Task exited with return code 0
[2025-11-09T19:58:59.535+0000] {taskinstance.py:3280} INFO - 1 downstream tasks scheduled from follow-on schedule check
