[2025-11-10T00:00:07.360+0000] {processor.py:161} INFO - Started process (PID=185) to work on /opt/airflow/dags/dag_final.py
[2025-11-10T00:00:07.361+0000] {processor.py:830} INFO - Processing file /opt/airflow/dags/dag_final.py for tasks to queue
[2025-11-10T00:00:07.362+0000] {logging_mixin.py:188} INFO - [2025-11-10T00:00:07.362+0000] {dagbag.py:538} INFO - Filling up the DagBag from /opt/airflow/dags/dag_final.py
[2025-11-10T00:00:07.819+0000] {logging_mixin.py:188} INFO - [2025-11-10T00:00:07.816+0000] {dagbag.py:348} ERROR - Failed to import: /opt/airflow/dags/dag_final.py
Traceback (most recent call last):
  File "/home/airflow/.local/lib/python3.8/site-packages/airflow/models/dagbag.py", line 344, in parse
    loader.exec_module(new_module)
  File "<frozen importlib._bootstrap_external>", line 843, in exec_module
  File "<frozen importlib._bootstrap>", line 219, in _call_with_frames_removed
  File "/opt/airflow/dags/dag_final.py", line 64, in <module>
    dbt_transform_task_group = DbtTaskGroup(
NameError: name 'DbtTaskGroup' is not defined
[2025-11-10T00:00:07.821+0000] {processor.py:842} WARNING - No viable dags retrieved from /opt/airflow/dags/dag_final.py
[2025-11-10T00:00:07.837+0000] {processor.py:183} INFO - Processing /opt/airflow/dags/dag_final.py took 0.482 seconds
[2025-11-10T00:00:38.762+0000] {processor.py:161} INFO - Started process (PID=196) to work on /opt/airflow/dags/dag_final.py
[2025-11-10T00:00:38.763+0000] {processor.py:830} INFO - Processing file /opt/airflow/dags/dag_final.py for tasks to queue
[2025-11-10T00:00:38.763+0000] {logging_mixin.py:188} INFO - [2025-11-10T00:00:38.763+0000] {dagbag.py:538} INFO - Filling up the DagBag from /opt/airflow/dags/dag_final.py
[2025-11-10T00:00:39.228+0000] {logging_mixin.py:188} INFO - [2025-11-10T00:00:39.225+0000] {dagbag.py:348} ERROR - Failed to import: /opt/airflow/dags/dag_final.py
Traceback (most recent call last):
  File "/home/airflow/.local/lib/python3.8/site-packages/airflow/models/dagbag.py", line 344, in parse
    loader.exec_module(new_module)
  File "<frozen importlib._bootstrap_external>", line 843, in exec_module
  File "<frozen importlib._bootstrap>", line 219, in _call_with_frames_removed
  File "/opt/airflow/dags/dag_final.py", line 64, in <module>
    dbt_transform_task_group = DbtTaskGroup(
NameError: name 'DbtTaskGroup' is not defined
[2025-11-10T00:00:39.229+0000] {processor.py:842} WARNING - No viable dags retrieved from /opt/airflow/dags/dag_final.py
[2025-11-10T00:00:39.247+0000] {processor.py:183} INFO - Processing /opt/airflow/dags/dag_final.py took 0.489 seconds
[2025-11-10T00:01:04.265+0000] {processor.py:161} INFO - Started process (PID=202) to work on /opt/airflow/dags/dag_final.py
[2025-11-10T00:01:04.266+0000] {processor.py:830} INFO - Processing file /opt/airflow/dags/dag_final.py for tasks to queue
[2025-11-10T00:01:04.267+0000] {logging_mixin.py:188} INFO - [2025-11-10T00:01:04.267+0000] {dagbag.py:538} INFO - Filling up the DagBag from /opt/airflow/dags/dag_final.py
[2025-11-10T00:01:04.575+0000] {logging_mixin.py:188} INFO - [2025-11-10T00:01:04.571+0000] {dagbag.py:348} ERROR - Failed to import: /opt/airflow/dags/dag_final.py
Traceback (most recent call last):
  File "/home/airflow/.local/lib/python3.8/site-packages/airflow/models/dagbag.py", line 344, in parse
    loader.exec_module(new_module)
  File "<frozen importlib._bootstrap_external>", line 843, in exec_module
  File "<frozen importlib._bootstrap>", line 219, in _call_with_frames_removed
  File "/opt/airflow/dags/dag_final.py", line 16, in <module>
    from dbt_airflow.core.config import DbtAirflowConfig
ModuleNotFoundError: No module named 'dbt_airflow'
[2025-11-10T00:01:04.576+0000] {processor.py:842} WARNING - No viable dags retrieved from /opt/airflow/dags/dag_final.py
[2025-11-10T00:01:04.598+0000] {processor.py:183} INFO - Processing /opt/airflow/dags/dag_final.py took 0.336 seconds
[2025-11-10T00:01:04.646+0000] {processor.py:161} INFO - Started process (PID=208) to work on /opt/airflow/dags/dag_final.py
[2025-11-10T00:01:04.647+0000] {processor.py:830} INFO - Processing file /opt/airflow/dags/dag_final.py for tasks to queue
[2025-11-10T00:01:04.648+0000] {logging_mixin.py:188} INFO - [2025-11-10T00:01:04.648+0000] {dagbag.py:538} INFO - Filling up the DagBag from /opt/airflow/dags/dag_final.py
[2025-11-10T00:01:04.944+0000] {logging_mixin.py:188} INFO - [2025-11-10T00:01:04.940+0000] {dagbag.py:348} ERROR - Failed to import: /opt/airflow/dags/dag_final.py
Traceback (most recent call last):
  File "/home/airflow/.local/lib/python3.8/site-packages/airflow/models/dagbag.py", line 344, in parse
    loader.exec_module(new_module)
  File "<frozen importlib._bootstrap_external>", line 843, in exec_module
  File "<frozen importlib._bootstrap>", line 219, in _call_with_frames_removed
  File "/opt/airflow/dags/dag_final.py", line 16, in <module>
    from dbt_airflow.core.config import DbtAirflowConfig
ModuleNotFoundError: No module named 'dbt_airflow'
[2025-11-10T00:01:04.945+0000] {processor.py:842} WARNING - No viable dags retrieved from /opt/airflow/dags/dag_final.py
[2025-11-10T00:01:04.965+0000] {processor.py:183} INFO - Processing /opt/airflow/dags/dag_final.py took 0.322 seconds
[2025-11-10T00:01:05.014+0000] {processor.py:161} INFO - Started process (PID=214) to work on /opt/airflow/dags/dag_final.py
[2025-11-10T00:01:05.016+0000] {processor.py:830} INFO - Processing file /opt/airflow/dags/dag_final.py for tasks to queue
[2025-11-10T00:01:05.017+0000] {logging_mixin.py:188} INFO - [2025-11-10T00:01:05.016+0000] {dagbag.py:538} INFO - Filling up the DagBag from /opt/airflow/dags/dag_final.py
[2025-11-10T00:01:05.316+0000] {logging_mixin.py:188} INFO - [2025-11-10T00:01:05.312+0000] {dagbag.py:348} ERROR - Failed to import: /opt/airflow/dags/dag_final.py
Traceback (most recent call last):
  File "/home/airflow/.local/lib/python3.8/site-packages/airflow/models/dagbag.py", line 344, in parse
    loader.exec_module(new_module)
  File "<frozen importlib._bootstrap_external>", line 843, in exec_module
  File "<frozen importlib._bootstrap>", line 219, in _call_with_frames_removed
  File "/opt/airflow/dags/dag_final.py", line 16, in <module>
    from dbt_airflow.core.config import DbtAirflowConfig
ModuleNotFoundError: No module named 'dbt_airflow'
[2025-11-10T00:01:05.317+0000] {processor.py:842} WARNING - No viable dags retrieved from /opt/airflow/dags/dag_final.py
[2025-11-10T00:01:05.337+0000] {processor.py:183} INFO - Processing /opt/airflow/dags/dag_final.py took 0.326 seconds
[2025-11-10T00:01:05.388+0000] {processor.py:161} INFO - Started process (PID=220) to work on /opt/airflow/dags/dag_final.py
[2025-11-10T00:01:05.389+0000] {processor.py:830} INFO - Processing file /opt/airflow/dags/dag_final.py for tasks to queue
[2025-11-10T00:01:05.390+0000] {logging_mixin.py:188} INFO - [2025-11-10T00:01:05.390+0000] {dagbag.py:538} INFO - Filling up the DagBag from /opt/airflow/dags/dag_final.py
[2025-11-10T00:01:05.680+0000] {logging_mixin.py:188} INFO - [2025-11-10T00:01:05.676+0000] {dagbag.py:348} ERROR - Failed to import: /opt/airflow/dags/dag_final.py
Traceback (most recent call last):
  File "/home/airflow/.local/lib/python3.8/site-packages/airflow/models/dagbag.py", line 344, in parse
    loader.exec_module(new_module)
  File "<frozen importlib._bootstrap_external>", line 843, in exec_module
  File "<frozen importlib._bootstrap>", line 219, in _call_with_frames_removed
  File "/opt/airflow/dags/dag_final.py", line 16, in <module>
    from dbt_airflow.core.config import DbtAirflowConfig
ModuleNotFoundError: No module named 'dbt_airflow'
[2025-11-10T00:01:05.681+0000] {processor.py:842} WARNING - No viable dags retrieved from /opt/airflow/dags/dag_final.py
[2025-11-10T00:01:05.702+0000] {processor.py:183} INFO - Processing /opt/airflow/dags/dag_final.py took 0.317 seconds
[2025-11-10T00:01:05.752+0000] {processor.py:161} INFO - Started process (PID=226) to work on /opt/airflow/dags/dag_final.py
[2025-11-10T00:01:05.753+0000] {processor.py:830} INFO - Processing file /opt/airflow/dags/dag_final.py for tasks to queue
[2025-11-10T00:01:05.754+0000] {logging_mixin.py:188} INFO - [2025-11-10T00:01:05.754+0000] {dagbag.py:538} INFO - Filling up the DagBag from /opt/airflow/dags/dag_final.py
[2025-11-10T00:01:06.042+0000] {logging_mixin.py:188} INFO - [2025-11-10T00:01:06.038+0000] {dagbag.py:348} ERROR - Failed to import: /opt/airflow/dags/dag_final.py
Traceback (most recent call last):
  File "/home/airflow/.local/lib/python3.8/site-packages/airflow/models/dagbag.py", line 344, in parse
    loader.exec_module(new_module)
  File "<frozen importlib._bootstrap_external>", line 843, in exec_module
  File "<frozen importlib._bootstrap>", line 219, in _call_with_frames_removed
  File "/opt/airflow/dags/dag_final.py", line 16, in <module>
    from dbt_airflow.core.config import DbtAirflowConfig
ModuleNotFoundError: No module named 'dbt_airflow'
[2025-11-10T00:01:06.043+0000] {processor.py:842} WARNING - No viable dags retrieved from /opt/airflow/dags/dag_final.py
[2025-11-10T00:01:06.062+0000] {processor.py:183} INFO - Processing /opt/airflow/dags/dag_final.py took 0.314 seconds
[2025-11-10T00:01:06.110+0000] {processor.py:161} INFO - Started process (PID=232) to work on /opt/airflow/dags/dag_final.py
[2025-11-10T00:01:06.111+0000] {processor.py:830} INFO - Processing file /opt/airflow/dags/dag_final.py for tasks to queue
[2025-11-10T00:01:06.112+0000] {logging_mixin.py:188} INFO - [2025-11-10T00:01:06.112+0000] {dagbag.py:538} INFO - Filling up the DagBag from /opt/airflow/dags/dag_final.py
[2025-11-10T00:01:06.384+0000] {logging_mixin.py:188} INFO - [2025-11-10T00:01:06.380+0000] {dagbag.py:348} ERROR - Failed to import: /opt/airflow/dags/dag_final.py
Traceback (most recent call last):
  File "/home/airflow/.local/lib/python3.8/site-packages/airflow/models/dagbag.py", line 344, in parse
    loader.exec_module(new_module)
  File "<frozen importlib._bootstrap_external>", line 843, in exec_module
  File "<frozen importlib._bootstrap>", line 219, in _call_with_frames_removed
  File "/opt/airflow/dags/dag_final.py", line 16, in <module>
    from dbt_airflow.core.config import DbtAirflowConfig
ModuleNotFoundError: No module named 'dbt_airflow'
[2025-11-10T00:01:06.385+0000] {processor.py:842} WARNING - No viable dags retrieved from /opt/airflow/dags/dag_final.py
[2025-11-10T00:01:06.404+0000] {processor.py:183} INFO - Processing /opt/airflow/dags/dag_final.py took 0.297 seconds
[2025-11-10T00:01:06.451+0000] {processor.py:161} INFO - Started process (PID=238) to work on /opt/airflow/dags/dag_final.py
[2025-11-10T00:01:06.452+0000] {processor.py:830} INFO - Processing file /opt/airflow/dags/dag_final.py for tasks to queue
[2025-11-10T00:01:06.453+0000] {logging_mixin.py:188} INFO - [2025-11-10T00:01:06.453+0000] {dagbag.py:538} INFO - Filling up the DagBag from /opt/airflow/dags/dag_final.py
[2025-11-10T00:01:06.778+0000] {logging_mixin.py:188} INFO - [2025-11-10T00:01:06.774+0000] {dagbag.py:348} ERROR - Failed to import: /opt/airflow/dags/dag_final.py
Traceback (most recent call last):
  File "/home/airflow/.local/lib/python3.8/site-packages/airflow/models/dagbag.py", line 344, in parse
    loader.exec_module(new_module)
  File "<frozen importlib._bootstrap_external>", line 843, in exec_module
  File "<frozen importlib._bootstrap>", line 219, in _call_with_frames_removed
  File "/opt/airflow/dags/dag_final.py", line 16, in <module>
    from dbt_airflow.core.config import DbtAirflowConfig
ModuleNotFoundError: No module named 'dbt_airflow'
[2025-11-10T00:01:06.779+0000] {processor.py:842} WARNING - No viable dags retrieved from /opt/airflow/dags/dag_final.py
[2025-11-10T00:01:06.803+0000] {processor.py:183} INFO - Processing /opt/airflow/dags/dag_final.py took 0.356 seconds
[2025-11-10T00:01:06.855+0000] {processor.py:161} INFO - Started process (PID=244) to work on /opt/airflow/dags/dag_final.py
[2025-11-10T00:01:06.856+0000] {processor.py:830} INFO - Processing file /opt/airflow/dags/dag_final.py for tasks to queue
[2025-11-10T00:01:06.857+0000] {logging_mixin.py:188} INFO - [2025-11-10T00:01:06.856+0000] {dagbag.py:538} INFO - Filling up the DagBag from /opt/airflow/dags/dag_final.py
[2025-11-10T00:01:07.163+0000] {logging_mixin.py:188} INFO - [2025-11-10T00:01:07.159+0000] {dagbag.py:348} ERROR - Failed to import: /opt/airflow/dags/dag_final.py
Traceback (most recent call last):
  File "/home/airflow/.local/lib/python3.8/site-packages/airflow/models/dagbag.py", line 344, in parse
    loader.exec_module(new_module)
  File "<frozen importlib._bootstrap_external>", line 843, in exec_module
  File "<frozen importlib._bootstrap>", line 219, in _call_with_frames_removed
  File "/opt/airflow/dags/dag_final.py", line 16, in <module>
    from dbt_airflow.core.config import DbtAirflowConfig
ModuleNotFoundError: No module named 'dbt_airflow'
[2025-11-10T00:01:07.164+0000] {processor.py:842} WARNING - No viable dags retrieved from /opt/airflow/dags/dag_final.py
[2025-11-10T00:01:07.185+0000] {processor.py:183} INFO - Processing /opt/airflow/dags/dag_final.py took 0.334 seconds
[2025-11-10T00:01:38.169+0000] {processor.py:161} INFO - Started process (PID=260) to work on /opt/airflow/dags/dag_final.py
[2025-11-10T00:01:38.171+0000] {processor.py:830} INFO - Processing file /opt/airflow/dags/dag_final.py for tasks to queue
[2025-11-10T00:01:38.171+0000] {logging_mixin.py:188} INFO - [2025-11-10T00:01:38.171+0000] {dagbag.py:538} INFO - Filling up the DagBag from /opt/airflow/dags/dag_final.py
[2025-11-10T00:01:38.461+0000] {logging_mixin.py:188} INFO - [2025-11-10T00:01:38.458+0000] {dagbag.py:348} ERROR - Failed to import: /opt/airflow/dags/dag_final.py
Traceback (most recent call last):
  File "/home/airflow/.local/lib/python3.8/site-packages/airflow/models/dagbag.py", line 344, in parse
    loader.exec_module(new_module)
  File "<frozen importlib._bootstrap_external>", line 843, in exec_module
  File "<frozen importlib._bootstrap>", line 219, in _call_with_frames_removed
  File "/opt/airflow/dags/dag_final.py", line 16, in <module>
    from dbt_airflow.core.config import DbtAirflowConfig
ModuleNotFoundError: No module named 'dbt_airflow'
[2025-11-10T00:01:38.463+0000] {processor.py:842} WARNING - No viable dags retrieved from /opt/airflow/dags/dag_final.py
[2025-11-10T00:01:38.483+0000] {processor.py:183} INFO - Processing /opt/airflow/dags/dag_final.py took 0.316 seconds
[2025-11-10T00:02:55.649+0000] {processor.py:161} INFO - Started process (PID=169) to work on /opt/airflow/dags/dag_final.py
[2025-11-10T00:02:55.650+0000] {processor.py:830} INFO - Processing file /opt/airflow/dags/dag_final.py for tasks to queue
[2025-11-10T00:02:55.651+0000] {logging_mixin.py:188} INFO - [2025-11-10T00:02:55.651+0000] {dagbag.py:538} INFO - Filling up the DagBag from /opt/airflow/dags/dag_final.py
[2025-11-10T00:02:56.589+0000] {logging_mixin.py:188} INFO - [2025-11-10T00:02:56.585+0000] {dagbag.py:348} ERROR - Failed to import: /opt/airflow/dags/dag_final.py
Traceback (most recent call last):
  File "/home/airflow/.local/lib/python3.8/site-packages/airflow/models/dagbag.py", line 344, in parse
    loader.exec_module(new_module)
  File "<frozen importlib._bootstrap_external>", line 843, in exec_module
  File "<frozen importlib._bootstrap>", line 219, in _call_with_frames_removed
  File "/opt/airflow/dags/dag_final.py", line 16, in <module>
    from dbt_airflow.core.config import DbtAirflowConfig
ModuleNotFoundError: No module named 'dbt_airflow'
[2025-11-10T00:02:56.590+0000] {processor.py:842} WARNING - No viable dags retrieved from /opt/airflow/dags/dag_final.py
[2025-11-10T00:02:56.608+0000] {processor.py:183} INFO - Processing /opt/airflow/dags/dag_final.py took 0.963 seconds
[2025-11-10T00:03:26.754+0000] {processor.py:161} INFO - Started process (PID=180) to work on /opt/airflow/dags/dag_final.py
[2025-11-10T00:03:26.755+0000] {processor.py:830} INFO - Processing file /opt/airflow/dags/dag_final.py for tasks to queue
[2025-11-10T00:03:26.756+0000] {logging_mixin.py:188} INFO - [2025-11-10T00:03:26.756+0000] {dagbag.py:538} INFO - Filling up the DagBag from /opt/airflow/dags/dag_final.py
[2025-11-10T00:03:27.210+0000] {logging_mixin.py:188} INFO - [2025-11-10T00:03:27.207+0000] {dagbag.py:348} ERROR - Failed to import: /opt/airflow/dags/dag_final.py
Traceback (most recent call last):
  File "/home/airflow/.local/lib/python3.8/site-packages/airflow/models/dagbag.py", line 344, in parse
    loader.exec_module(new_module)
  File "<frozen importlib._bootstrap_external>", line 843, in exec_module
  File "<frozen importlib._bootstrap>", line 219, in _call_with_frames_removed
  File "/opt/airflow/dags/dag_final.py", line 16, in <module>
    from dbt_airflow.core.config import DbtAirflowConfig
ModuleNotFoundError: No module named 'dbt_airflow'
[2025-11-10T00:03:27.211+0000] {processor.py:842} WARNING - No viable dags retrieved from /opt/airflow/dags/dag_final.py
[2025-11-10T00:03:27.227+0000] {processor.py:183} INFO - Processing /opt/airflow/dags/dag_final.py took 0.478 seconds
[2025-11-10T00:03:57.921+0000] {processor.py:161} INFO - Started process (PID=196) to work on /opt/airflow/dags/dag_final.py
[2025-11-10T00:03:57.922+0000] {processor.py:830} INFO - Processing file /opt/airflow/dags/dag_final.py for tasks to queue
[2025-11-10T00:03:57.923+0000] {logging_mixin.py:188} INFO - [2025-11-10T00:03:57.923+0000] {dagbag.py:538} INFO - Filling up the DagBag from /opt/airflow/dags/dag_final.py
[2025-11-10T00:03:58.348+0000] {logging_mixin.py:188} INFO - [2025-11-10T00:03:58.344+0000] {dagbag.py:348} ERROR - Failed to import: /opt/airflow/dags/dag_final.py
Traceback (most recent call last):
  File "/home/airflow/.local/lib/python3.8/site-packages/airflow/models/dagbag.py", line 344, in parse
    loader.exec_module(new_module)
  File "<frozen importlib._bootstrap_external>", line 843, in exec_module
  File "<frozen importlib._bootstrap>", line 219, in _call_with_frames_removed
  File "/opt/airflow/dags/dag_final.py", line 16, in <module>
    from dbt_airflow.core.config import DbtAirflowConfig
ModuleNotFoundError: No module named 'dbt_airflow'
[2025-11-10T00:03:58.349+0000] {processor.py:842} WARNING - No viable dags retrieved from /opt/airflow/dags/dag_final.py
[2025-11-10T00:03:58.366+0000] {processor.py:183} INFO - Processing /opt/airflow/dags/dag_final.py took 0.448 seconds
[2025-11-10T00:04:28.504+0000] {processor.py:161} INFO - Started process (PID=207) to work on /opt/airflow/dags/dag_final.py
[2025-11-10T00:04:28.505+0000] {processor.py:830} INFO - Processing file /opt/airflow/dags/dag_final.py for tasks to queue
[2025-11-10T00:04:28.506+0000] {logging_mixin.py:188} INFO - [2025-11-10T00:04:28.506+0000] {dagbag.py:538} INFO - Filling up the DagBag from /opt/airflow/dags/dag_final.py
[2025-11-10T00:04:28.807+0000] {logging_mixin.py:188} INFO - [2025-11-10T00:04:28.803+0000] {dagbag.py:348} ERROR - Failed to import: /opt/airflow/dags/dag_final.py
Traceback (most recent call last):
  File "/home/airflow/.local/lib/python3.8/site-packages/airflow/models/dagbag.py", line 344, in parse
    loader.exec_module(new_module)
  File "<frozen importlib._bootstrap_external>", line 843, in exec_module
  File "<frozen importlib._bootstrap>", line 219, in _call_with_frames_removed
  File "/opt/airflow/dags/dag_final.py", line 16, in <module>
    from dbt_airflow.core.config import DbtAirflowConfig
ModuleNotFoundError: No module named 'dbt_airflow'
[2025-11-10T00:04:28.808+0000] {processor.py:842} WARNING - No viable dags retrieved from /opt/airflow/dags/dag_final.py
[2025-11-10T00:04:28.830+0000] {processor.py:183} INFO - Processing /opt/airflow/dags/dag_final.py took 0.331 seconds
[2025-11-10T00:04:59.628+0000] {processor.py:161} INFO - Started process (PID=218) to work on /opt/airflow/dags/dag_final.py
[2025-11-10T00:04:59.629+0000] {processor.py:830} INFO - Processing file /opt/airflow/dags/dag_final.py for tasks to queue
[2025-11-10T00:04:59.630+0000] {logging_mixin.py:188} INFO - [2025-11-10T00:04:59.630+0000] {dagbag.py:538} INFO - Filling up the DagBag from /opt/airflow/dags/dag_final.py
[2025-11-10T00:04:59.953+0000] {logging_mixin.py:188} INFO - [2025-11-10T00:04:59.949+0000] {dagbag.py:348} ERROR - Failed to import: /opt/airflow/dags/dag_final.py
Traceback (most recent call last):
  File "/home/airflow/.local/lib/python3.8/site-packages/airflow/models/dagbag.py", line 344, in parse
    loader.exec_module(new_module)
  File "<frozen importlib._bootstrap_external>", line 843, in exec_module
  File "<frozen importlib._bootstrap>", line 219, in _call_with_frames_removed
  File "/opt/airflow/dags/dag_final.py", line 16, in <module>
    from dbt_airflow.core.config import DbtAirflowConfig
ModuleNotFoundError: No module named 'dbt_airflow'
[2025-11-10T00:04:59.954+0000] {processor.py:842} WARNING - No viable dags retrieved from /opt/airflow/dags/dag_final.py
[2025-11-10T00:04:59.975+0000] {processor.py:183} INFO - Processing /opt/airflow/dags/dag_final.py took 0.350 seconds
[2025-11-10T00:05:30.075+0000] {processor.py:161} INFO - Started process (PID=285) to work on /opt/airflow/dags/dag_final.py
[2025-11-10T00:05:30.077+0000] {processor.py:830} INFO - Processing file /opt/airflow/dags/dag_final.py for tasks to queue
[2025-11-10T00:05:30.079+0000] {logging_mixin.py:188} INFO - [2025-11-10T00:05:30.078+0000] {dagbag.py:538} INFO - Filling up the DagBag from /opt/airflow/dags/dag_final.py
[2025-11-10T00:05:30.676+0000] {logging_mixin.py:188} INFO - [2025-11-10T00:05:30.672+0000] {dagbag.py:348} ERROR - Failed to import: /opt/airflow/dags/dag_final.py
Traceback (most recent call last):
  File "/home/airflow/.local/lib/python3.8/site-packages/airflow/models/dagbag.py", line 344, in parse
    loader.exec_module(new_module)
  File "<frozen importlib._bootstrap_external>", line 843, in exec_module
  File "<frozen importlib._bootstrap>", line 219, in _call_with_frames_removed
  File "/opt/airflow/dags/dag_final.py", line 16, in <module>
    from dbt_airflow.core.config import DbtAirflowConfig
ModuleNotFoundError: No module named 'dbt_airflow'
[2025-11-10T00:05:30.678+0000] {processor.py:842} WARNING - No viable dags retrieved from /opt/airflow/dags/dag_final.py
[2025-11-10T00:09:02.098+0000] {processor.py:161} INFO - Started process (PID=169) to work on /opt/airflow/dags/dag_final.py
[2025-11-10T00:09:02.099+0000] {processor.py:830} INFO - Processing file /opt/airflow/dags/dag_final.py for tasks to queue
[2025-11-10T00:09:02.100+0000] {logging_mixin.py:188} INFO - [2025-11-10T00:09:02.100+0000] {dagbag.py:538} INFO - Filling up the DagBag from /opt/airflow/dags/dag_final.py
[2025-11-10T00:09:03.021+0000] {logging_mixin.py:188} INFO - [2025-11-10T00:09:03.017+0000] {dagbag.py:348} ERROR - Failed to import: /opt/airflow/dags/dag_final.py
Traceback (most recent call last):
  File "/home/airflow/.local/lib/python3.8/site-packages/airflow/models/dagbag.py", line 344, in parse
    loader.exec_module(new_module)
  File "<frozen importlib._bootstrap_external>", line 843, in exec_module
  File "<frozen importlib._bootstrap>", line 219, in _call_with_frames_removed
  File "/opt/airflow/dags/dag_final.py", line 16, in <module>
    from dbt_airflow.core.config import DbtAirflowConfig
ModuleNotFoundError: No module named 'dbt_airflow'
[2025-11-10T00:09:03.022+0000] {processor.py:842} WARNING - No viable dags retrieved from /opt/airflow/dags/dag_final.py
[2025-11-10T00:09:03.041+0000] {processor.py:183} INFO - Processing /opt/airflow/dags/dag_final.py took 0.947 seconds
[2025-11-10T00:09:33.163+0000] {processor.py:161} INFO - Started process (PID=180) to work on /opt/airflow/dags/dag_final.py
[2025-11-10T00:09:33.164+0000] {processor.py:830} INFO - Processing file /opt/airflow/dags/dag_final.py for tasks to queue
[2025-11-10T00:09:33.165+0000] {logging_mixin.py:188} INFO - [2025-11-10T00:09:33.165+0000] {dagbag.py:538} INFO - Filling up the DagBag from /opt/airflow/dags/dag_final.py
[2025-11-10T00:09:33.634+0000] {logging_mixin.py:188} INFO - [2025-11-10T00:09:33.631+0000] {dagbag.py:348} ERROR - Failed to import: /opt/airflow/dags/dag_final.py
Traceback (most recent call last):
  File "/home/airflow/.local/lib/python3.8/site-packages/airflow/models/dagbag.py", line 344, in parse
    loader.exec_module(new_module)
  File "<frozen importlib._bootstrap_external>", line 843, in exec_module
  File "<frozen importlib._bootstrap>", line 219, in _call_with_frames_removed
  File "/opt/airflow/dags/dag_final.py", line 16, in <module>
    from dbt_airflow.core.config import DbtAirflowConfig
ModuleNotFoundError: No module named 'dbt_airflow'
[2025-11-10T00:09:33.635+0000] {processor.py:842} WARNING - No viable dags retrieved from /opt/airflow/dags/dag_final.py
[2025-11-10T00:09:33.653+0000] {processor.py:183} INFO - Processing /opt/airflow/dags/dag_final.py took 0.494 seconds
[2025-11-10T00:15:15.189+0000] {processor.py:161} INFO - Started process (PID=169) to work on /opt/airflow/dags/dag_final.py
[2025-11-10T00:15:15.190+0000] {processor.py:830} INFO - Processing file /opt/airflow/dags/dag_final.py for tasks to queue
[2025-11-10T00:15:15.192+0000] {logging_mixin.py:188} INFO - [2025-11-10T00:15:15.192+0000] {dagbag.py:538} INFO - Filling up the DagBag from /opt/airflow/dags/dag_final.py
[2025-11-10T00:15:16.080+0000] {logging_mixin.py:188} INFO - [2025-11-10T00:15:16.077+0000] {dagbag.py:348} ERROR - Failed to import: /opt/airflow/dags/dag_final.py
Traceback (most recent call last):
  File "/home/airflow/.local/lib/python3.8/site-packages/airflow/models/dagbag.py", line 344, in parse
    loader.exec_module(new_module)
  File "<frozen importlib._bootstrap_external>", line 843, in exec_module
  File "<frozen importlib._bootstrap>", line 219, in _call_with_frames_removed
  File "/opt/airflow/dags/dag_final.py", line 16, in <module>
    from dbt_airflow.core.config import DbtAirflowConfig
ModuleNotFoundError: No module named 'dbt_airflow'
[2025-11-10T00:15:16.081+0000] {processor.py:842} WARNING - No viable dags retrieved from /opt/airflow/dags/dag_final.py
[2025-11-10T00:15:16.099+0000] {processor.py:183} INFO - Processing /opt/airflow/dags/dag_final.py took 0.915 seconds
[2025-11-10T00:15:46.723+0000] {processor.py:161} INFO - Started process (PID=185) to work on /opt/airflow/dags/dag_final.py
[2025-11-10T00:15:46.724+0000] {processor.py:830} INFO - Processing file /opt/airflow/dags/dag_final.py for tasks to queue
[2025-11-10T00:15:46.725+0000] {logging_mixin.py:188} INFO - [2025-11-10T00:15:46.725+0000] {dagbag.py:538} INFO - Filling up the DagBag from /opt/airflow/dags/dag_final.py
[2025-11-10T00:15:43.763+0000] {logging_mixin.py:188} INFO - [2025-11-10T00:15:43.759+0000] {dagbag.py:348} ERROR - Failed to import: /opt/airflow/dags/dag_final.py
Traceback (most recent call last):
  File "/home/airflow/.local/lib/python3.8/site-packages/airflow/models/dagbag.py", line 344, in parse
    loader.exec_module(new_module)
  File "<frozen importlib._bootstrap_external>", line 843, in exec_module
  File "<frozen importlib._bootstrap>", line 219, in _call_with_frames_removed
  File "/opt/airflow/dags/dag_final.py", line 16, in <module>
    from dbt_airflow.core.config import DbtAirflowConfig
ModuleNotFoundError: No module named 'dbt_airflow'
[2025-11-10T00:15:43.764+0000] {processor.py:842} WARNING - No viable dags retrieved from /opt/airflow/dags/dag_final.py
[2025-11-10T00:15:43.782+0000] {processor.py:183} INFO - Processing /opt/airflow/dags/dag_final.py took 0.459 seconds
[2025-11-10T00:16:14.441+0000] {processor.py:161} INFO - Started process (PID=191) to work on /opt/airflow/dags/dag_final.py
[2025-11-10T00:16:14.443+0000] {processor.py:830} INFO - Processing file /opt/airflow/dags/dag_final.py for tasks to queue
[2025-11-10T00:16:14.444+0000] {logging_mixin.py:188} INFO - [2025-11-10T00:16:14.443+0000] {dagbag.py:538} INFO - Filling up the DagBag from /opt/airflow/dags/dag_final.py
[2025-11-10T00:16:11.540+0000] {logging_mixin.py:188} INFO - [2025-11-10T00:16:11.536+0000] {dagbag.py:348} ERROR - Failed to import: /opt/airflow/dags/dag_final.py
Traceback (most recent call last):
  File "/home/airflow/.local/lib/python3.8/site-packages/airflow/models/dagbag.py", line 344, in parse
    loader.exec_module(new_module)
  File "<frozen importlib._bootstrap_external>", line 843, in exec_module
  File "<frozen importlib._bootstrap>", line 219, in _call_with_frames_removed
  File "/opt/airflow/dags/dag_final.py", line 16, in <module>
    from dbt_airflow.core.config import DbtAirflowConfig
ModuleNotFoundError: No module named 'dbt_airflow'
[2025-11-10T00:16:11.541+0000] {processor.py:842} WARNING - No viable dags retrieved from /opt/airflow/dags/dag_final.py
[2025-11-10T00:16:11.560+0000] {processor.py:183} INFO - Processing /opt/airflow/dags/dag_final.py took 0.497 seconds
[2025-11-10T00:16:41.685+0000] {processor.py:161} INFO - Started process (PID=202) to work on /opt/airflow/dags/dag_final.py
[2025-11-10T00:16:41.686+0000] {processor.py:830} INFO - Processing file /opt/airflow/dags/dag_final.py for tasks to queue
[2025-11-10T00:16:41.686+0000] {logging_mixin.py:188} INFO - [2025-11-10T00:16:41.686+0000] {dagbag.py:538} INFO - Filling up the DagBag from /opt/airflow/dags/dag_final.py
[2025-11-10T00:16:42.000+0000] {logging_mixin.py:188} INFO - [2025-11-10T00:16:41.997+0000] {dagbag.py:348} ERROR - Failed to import: /opt/airflow/dags/dag_final.py
Traceback (most recent call last):
  File "/home/airflow/.local/lib/python3.8/site-packages/airflow/models/dagbag.py", line 344, in parse
    loader.exec_module(new_module)
  File "<frozen importlib._bootstrap_external>", line 843, in exec_module
  File "<frozen importlib._bootstrap>", line 219, in _call_with_frames_removed
  File "/opt/airflow/dags/dag_final.py", line 16, in <module>
    from dbt_airflow.core.config import DbtAirflowConfig
ModuleNotFoundError: No module named 'dbt_airflow'
[2025-11-10T00:16:42.002+0000] {processor.py:842} WARNING - No viable dags retrieved from /opt/airflow/dags/dag_final.py
[2025-11-10T00:16:42.022+0000] {processor.py:183} INFO - Processing /opt/airflow/dags/dag_final.py took 0.341 seconds
[2025-11-10T00:17:12.727+0000] {processor.py:161} INFO - Started process (PID=213) to work on /opt/airflow/dags/dag_final.py
[2025-11-10T00:17:12.728+0000] {processor.py:830} INFO - Processing file /opt/airflow/dags/dag_final.py for tasks to queue
[2025-11-10T00:17:12.728+0000] {logging_mixin.py:188} INFO - [2025-11-10T00:17:12.728+0000] {dagbag.py:538} INFO - Filling up the DagBag from /opt/airflow/dags/dag_final.py
[2025-11-10T00:17:13.023+0000] {logging_mixin.py:188} INFO - [2025-11-10T00:17:13.019+0000] {dagbag.py:348} ERROR - Failed to import: /opt/airflow/dags/dag_final.py
Traceback (most recent call last):
  File "/home/airflow/.local/lib/python3.8/site-packages/airflow/models/dagbag.py", line 344, in parse
    loader.exec_module(new_module)
  File "<frozen importlib._bootstrap_external>", line 843, in exec_module
  File "<frozen importlib._bootstrap>", line 219, in _call_with_frames_removed
  File "/opt/airflow/dags/dag_final.py", line 16, in <module>
    from dbt_airflow.core.config import DbtAirflowConfig
ModuleNotFoundError: No module named 'dbt_airflow'
[2025-11-10T00:17:13.024+0000] {processor.py:842} WARNING - No viable dags retrieved from /opt/airflow/dags/dag_final.py
[2025-11-10T00:17:13.044+0000] {processor.py:183} INFO - Processing /opt/airflow/dags/dag_final.py took 0.321 seconds
[2025-11-10T00:17:43.113+0000] {processor.py:161} INFO - Started process (PID=224) to work on /opt/airflow/dags/dag_final.py
[2025-11-10T00:17:43.114+0000] {processor.py:830} INFO - Processing file /opt/airflow/dags/dag_final.py for tasks to queue
[2025-11-10T00:17:43.115+0000] {logging_mixin.py:188} INFO - [2025-11-10T00:17:43.115+0000] {dagbag.py:538} INFO - Filling up the DagBag from /opt/airflow/dags/dag_final.py
[2025-11-10T00:17:43.543+0000] {logging_mixin.py:188} INFO - [2025-11-10T00:17:43.539+0000] {dagbag.py:348} ERROR - Failed to import: /opt/airflow/dags/dag_final.py
Traceback (most recent call last):
  File "/home/airflow/.local/lib/python3.8/site-packages/airflow/models/dagbag.py", line 344, in parse
    loader.exec_module(new_module)
  File "<frozen importlib._bootstrap_external>", line 843, in exec_module
  File "<frozen importlib._bootstrap>", line 219, in _call_with_frames_removed
  File "/opt/airflow/dags/dag_final.py", line 16, in <module>
    from dbt_airflow.core.config import DbtAirflowConfig
ModuleNotFoundError: No module named 'dbt_airflow'
[2025-11-10T00:17:43.544+0000] {processor.py:842} WARNING - No viable dags retrieved from /opt/airflow/dags/dag_final.py
[2025-11-10T00:17:43.561+0000] {processor.py:183} INFO - Processing /opt/airflow/dags/dag_final.py took 0.451 seconds
[2025-11-10T00:18:13.788+0000] {processor.py:161} INFO - Started process (PID=235) to work on /opt/airflow/dags/dag_final.py
[2025-11-10T00:18:13.789+0000] {processor.py:830} INFO - Processing file /opt/airflow/dags/dag_final.py for tasks to queue
[2025-11-10T00:18:13.790+0000] {logging_mixin.py:188} INFO - [2025-11-10T00:18:13.790+0000] {dagbag.py:538} INFO - Filling up the DagBag from /opt/airflow/dags/dag_final.py
[2025-11-10T00:18:14.229+0000] {logging_mixin.py:188} INFO - [2025-11-10T00:18:14.226+0000] {dagbag.py:348} ERROR - Failed to import: /opt/airflow/dags/dag_final.py
Traceback (most recent call last):
  File "/home/airflow/.local/lib/python3.8/site-packages/airflow/models/dagbag.py", line 344, in parse
    loader.exec_module(new_module)
  File "<frozen importlib._bootstrap_external>", line 843, in exec_module
  File "<frozen importlib._bootstrap>", line 219, in _call_with_frames_removed
  File "/opt/airflow/dags/dag_final.py", line 16, in <module>
    from dbt_airflow.core.config import DbtAirflowConfig
ModuleNotFoundError: No module named 'dbt_airflow'
[2025-11-10T00:18:14.230+0000] {processor.py:842} WARNING - No viable dags retrieved from /opt/airflow/dags/dag_final.py
[2025-11-10T00:18:14.247+0000] {processor.py:183} INFO - Processing /opt/airflow/dags/dag_final.py took 0.461 seconds
[2025-11-10T00:18:44.876+0000] {processor.py:161} INFO - Started process (PID=246) to work on /opt/airflow/dags/dag_final.py
[2025-11-10T00:18:44.877+0000] {processor.py:830} INFO - Processing file /opt/airflow/dags/dag_final.py for tasks to queue
[2025-11-10T00:18:44.878+0000] {logging_mixin.py:188} INFO - [2025-11-10T00:18:44.878+0000] {dagbag.py:538} INFO - Filling up the DagBag from /opt/airflow/dags/dag_final.py
[2025-11-10T00:18:45.322+0000] {logging_mixin.py:188} INFO - [2025-11-10T00:18:45.318+0000] {dagbag.py:348} ERROR - Failed to import: /opt/airflow/dags/dag_final.py
Traceback (most recent call last):
  File "/home/airflow/.local/lib/python3.8/site-packages/airflow/models/dagbag.py", line 344, in parse
    loader.exec_module(new_module)
  File "<frozen importlib._bootstrap_external>", line 843, in exec_module
  File "<frozen importlib._bootstrap>", line 219, in _call_with_frames_removed
  File "/opt/airflow/dags/dag_final.py", line 16, in <module>
    from dbt_airflow.core.config import DbtAirflowConfig
ModuleNotFoundError: No module named 'dbt_airflow'
[2025-11-10T00:18:45.323+0000] {processor.py:842} WARNING - No viable dags retrieved from /opt/airflow/dags/dag_final.py
[2025-11-10T00:18:45.341+0000] {processor.py:183} INFO - Processing /opt/airflow/dags/dag_final.py took 0.467 seconds
[2025-11-10T00:19:15.520+0000] {processor.py:161} INFO - Started process (PID=257) to work on /opt/airflow/dags/dag_final.py
[2025-11-10T00:19:15.521+0000] {processor.py:830} INFO - Processing file /opt/airflow/dags/dag_final.py for tasks to queue
[2025-11-10T00:19:15.522+0000] {logging_mixin.py:188} INFO - [2025-11-10T00:19:15.522+0000] {dagbag.py:538} INFO - Filling up the DagBag from /opt/airflow/dags/dag_final.py
[2025-11-10T00:19:15.819+0000] {logging_mixin.py:188} INFO - [2025-11-10T00:19:15.815+0000] {dagbag.py:348} ERROR - Failed to import: /opt/airflow/dags/dag_final.py
Traceback (most recent call last):
  File "/home/airflow/.local/lib/python3.8/site-packages/airflow/models/dagbag.py", line 344, in parse
    loader.exec_module(new_module)
  File "<frozen importlib._bootstrap_external>", line 843, in exec_module
  File "<frozen importlib._bootstrap>", line 219, in _call_with_frames_removed
  File "/opt/airflow/dags/dag_final.py", line 16, in <module>
    from dbt_airflow.core.config import DbtAirflowConfig
ModuleNotFoundError: No module named 'dbt_airflow'
[2025-11-10T00:19:15.820+0000] {processor.py:842} WARNING - No viable dags retrieved from /opt/airflow/dags/dag_final.py
[2025-11-10T00:19:15.839+0000] {processor.py:183} INFO - Processing /opt/airflow/dags/dag_final.py took 0.323 seconds
[2025-11-10T00:19:46.541+0000] {processor.py:161} INFO - Started process (PID=268) to work on /opt/airflow/dags/dag_final.py
[2025-11-10T00:19:46.542+0000] {processor.py:830} INFO - Processing file /opt/airflow/dags/dag_final.py for tasks to queue
[2025-11-10T00:19:46.542+0000] {logging_mixin.py:188} INFO - [2025-11-10T00:19:46.542+0000] {dagbag.py:538} INFO - Filling up the DagBag from /opt/airflow/dags/dag_final.py
[2025-11-10T00:19:46.838+0000] {logging_mixin.py:188} INFO - [2025-11-10T00:19:46.834+0000] {dagbag.py:348} ERROR - Failed to import: /opt/airflow/dags/dag_final.py
Traceback (most recent call last):
  File "/home/airflow/.local/lib/python3.8/site-packages/airflow/models/dagbag.py", line 344, in parse
    loader.exec_module(new_module)
  File "<frozen importlib._bootstrap_external>", line 843, in exec_module
  File "<frozen importlib._bootstrap>", line 219, in _call_with_frames_removed
  File "/opt/airflow/dags/dag_final.py", line 16, in <module>
    from dbt_airflow.core.config import DbtAirflowConfig
ModuleNotFoundError: No module named 'dbt_airflow'
[2025-11-10T00:19:46.839+0000] {processor.py:842} WARNING - No viable dags retrieved from /opt/airflow/dags/dag_final.py
[2025-11-10T00:19:46.859+0000] {processor.py:183} INFO - Processing /opt/airflow/dags/dag_final.py took 0.322 seconds
[2025-11-10T00:20:17.541+0000] {processor.py:161} INFO - Started process (PID=279) to work on /opt/airflow/dags/dag_final.py
[2025-11-10T00:20:17.542+0000] {processor.py:830} INFO - Processing file /opt/airflow/dags/dag_final.py for tasks to queue
[2025-11-10T00:20:17.543+0000] {logging_mixin.py:188} INFO - [2025-11-10T00:20:17.543+0000] {dagbag.py:538} INFO - Filling up the DagBag from /opt/airflow/dags/dag_final.py
[2025-11-10T00:20:17.988+0000] {logging_mixin.py:188} INFO - [2025-11-10T00:20:17.985+0000] {dagbag.py:348} ERROR - Failed to import: /opt/airflow/dags/dag_final.py
Traceback (most recent call last):
  File "/home/airflow/.local/lib/python3.8/site-packages/airflow/models/dagbag.py", line 344, in parse
    loader.exec_module(new_module)
  File "<frozen importlib._bootstrap_external>", line 843, in exec_module
  File "<frozen importlib._bootstrap>", line 219, in _call_with_frames_removed
  File "/opt/airflow/dags/dag_final.py", line 16, in <module>
    from dbt_airflow.core.config import DbtAirflowConfig
ModuleNotFoundError: No module named 'dbt_airflow'
[2025-11-10T00:20:17.989+0000] {processor.py:842} WARNING - No viable dags retrieved from /opt/airflow/dags/dag_final.py
[2025-11-10T00:20:18.006+0000] {processor.py:183} INFO - Processing /opt/airflow/dags/dag_final.py took 0.468 seconds
[2025-11-10T00:20:48.111+0000] {processor.py:161} INFO - Started process (PID=290) to work on /opt/airflow/dags/dag_final.py
[2025-11-10T00:20:48.113+0000] {processor.py:830} INFO - Processing file /opt/airflow/dags/dag_final.py for tasks to queue
[2025-11-10T00:20:48.114+0000] {logging_mixin.py:188} INFO - [2025-11-10T00:20:48.113+0000] {dagbag.py:538} INFO - Filling up the DagBag from /opt/airflow/dags/dag_final.py
[2025-11-10T00:20:48.647+0000] {logging_mixin.py:188} INFO - [2025-11-10T00:20:48.643+0000] {dagbag.py:348} ERROR - Failed to import: /opt/airflow/dags/dag_final.py
Traceback (most recent call last):
  File "/home/airflow/.local/lib/python3.8/site-packages/airflow/models/dagbag.py", line 344, in parse
    loader.exec_module(new_module)
  File "<frozen importlib._bootstrap_external>", line 843, in exec_module
  File "<frozen importlib._bootstrap>", line 219, in _call_with_frames_removed
  File "/opt/airflow/dags/dag_final.py", line 16, in <module>
    from dbt_airflow.core.config import DbtAirflowConfig
ModuleNotFoundError: No module named 'dbt_airflow'
[2025-11-10T00:20:48.648+0000] {processor.py:842} WARNING - No viable dags retrieved from /opt/airflow/dags/dag_final.py
[2025-11-10T00:20:48.668+0000] {processor.py:183} INFO - Processing /opt/airflow/dags/dag_final.py took 0.559 seconds
[2025-11-10T00:21:19.087+0000] {processor.py:161} INFO - Started process (PID=301) to work on /opt/airflow/dags/dag_final.py
[2025-11-10T00:21:19.088+0000] {processor.py:830} INFO - Processing file /opt/airflow/dags/dag_final.py for tasks to queue
[2025-11-10T00:21:19.089+0000] {logging_mixin.py:188} INFO - [2025-11-10T00:21:19.089+0000] {dagbag.py:538} INFO - Filling up the DagBag from /opt/airflow/dags/dag_final.py
[2025-11-10T00:21:16.157+0000] {logging_mixin.py:188} INFO - [2025-11-10T00:21:16.154+0000] {dagbag.py:348} ERROR - Failed to import: /opt/airflow/dags/dag_final.py
Traceback (most recent call last):
  File "/home/airflow/.local/lib/python3.8/site-packages/airflow/models/dagbag.py", line 344, in parse
    loader.exec_module(new_module)
  File "<frozen importlib._bootstrap_external>", line 843, in exec_module
  File "<frozen importlib._bootstrap>", line 219, in _call_with_frames_removed
  File "/opt/airflow/dags/dag_final.py", line 16, in <module>
    from dbt_airflow.core.config import DbtAirflowConfig
ModuleNotFoundError: No module named 'dbt_airflow'
[2025-11-10T00:21:16.158+0000] {processor.py:842} WARNING - No viable dags retrieved from /opt/airflow/dags/dag_final.py
[2025-11-10T00:21:16.176+0000] {processor.py:183} INFO - Processing /opt/airflow/dags/dag_final.py took 0.462 seconds
[2025-11-10T00:21:46.872+0000] {processor.py:161} INFO - Started process (PID=312) to work on /opt/airflow/dags/dag_final.py
[2025-11-10T00:21:46.873+0000] {processor.py:830} INFO - Processing file /opt/airflow/dags/dag_final.py for tasks to queue
[2025-11-10T00:21:46.874+0000] {logging_mixin.py:188} INFO - [2025-11-10T00:21:46.874+0000] {dagbag.py:538} INFO - Filling up the DagBag from /opt/airflow/dags/dag_final.py
[2025-11-10T00:21:47.172+0000] {logging_mixin.py:188} INFO - [2025-11-10T00:21:47.168+0000] {dagbag.py:348} ERROR - Failed to import: /opt/airflow/dags/dag_final.py
Traceback (most recent call last):
  File "/home/airflow/.local/lib/python3.8/site-packages/airflow/models/dagbag.py", line 344, in parse
    loader.exec_module(new_module)
  File "<frozen importlib._bootstrap_external>", line 843, in exec_module
  File "<frozen importlib._bootstrap>", line 219, in _call_with_frames_removed
  File "/opt/airflow/dags/dag_final.py", line 16, in <module>
    from dbt_airflow.core.config import DbtAirflowConfig
ModuleNotFoundError: No module named 'dbt_airflow'
[2025-11-10T00:21:47.173+0000] {processor.py:842} WARNING - No viable dags retrieved from /opt/airflow/dags/dag_final.py
[2025-11-10T00:21:47.194+0000] {processor.py:183} INFO - Processing /opt/airflow/dags/dag_final.py took 0.325 seconds
[2025-11-10T00:22:17.454+0000] {processor.py:161} INFO - Started process (PID=323) to work on /opt/airflow/dags/dag_final.py
[2025-11-10T00:22:17.455+0000] {processor.py:830} INFO - Processing file /opt/airflow/dags/dag_final.py for tasks to queue
[2025-11-10T00:22:17.456+0000] {logging_mixin.py:188} INFO - [2025-11-10T00:22:17.456+0000] {dagbag.py:538} INFO - Filling up the DagBag from /opt/airflow/dags/dag_final.py
[2025-11-10T00:22:17.787+0000] {logging_mixin.py:188} INFO - [2025-11-10T00:22:17.783+0000] {dagbag.py:348} ERROR - Failed to import: /opt/airflow/dags/dag_final.py
Traceback (most recent call last):
  File "/home/airflow/.local/lib/python3.8/site-packages/airflow/models/dagbag.py", line 344, in parse
    loader.exec_module(new_module)
  File "<frozen importlib._bootstrap_external>", line 843, in exec_module
  File "<frozen importlib._bootstrap>", line 219, in _call_with_frames_removed
  File "/opt/airflow/dags/dag_final.py", line 16, in <module>
    from dbt_airflow.core.config import DbtAirflowConfig
ModuleNotFoundError: No module named 'dbt_airflow'
[2025-11-10T00:22:17.788+0000] {processor.py:842} WARNING - No viable dags retrieved from /opt/airflow/dags/dag_final.py
[2025-11-10T00:22:17.808+0000] {processor.py:183} INFO - Processing /opt/airflow/dags/dag_final.py took 0.358 seconds
